[0.261s] DEBUG:colcon:Command line arguments: ['/usr/bin/colcon', 'build']
[0.261s] DEBUG:colcon:Parsed command line arguments: Namespace(allow_overriding=[], ament_cmake_args=None, base_paths=['.'], build_base='build', catkin_cmake_args=None, catkin_skip_building_tests=False, cmake_args=None, cmake_clean_cache=False, cmake_clean_first=False, cmake_force_configure=False, cmake_target=None, cmake_target_skip_unavailable=False, continue_on_error=False, event_handlers=None, executor='parallel', ignore_user_meta=False, install_base='install', log_base=None, log_level=None, main=<bound method BuildVerb.main of <colcon_core.verb.build.BuildVerb object at 0x7fda64383fa0>>, merge_install=False, metas=['./colcon.meta'], packages_above=None, packages_above_and_dependencies=None, packages_above_depth=None, packages_end=None, packages_ignore=None, packages_ignore_regex=None, packages_select=None, packages_select_build_failed=False, packages_select_by_dep=None, packages_select_regex=None, packages_select_test_failures=False, packages_skip=None, packages_skip_build_finished=False, packages_skip_by_dep=None, packages_skip_regex=None, packages_skip_test_passed=False, packages_skip_up_to=None, packages_start=None, packages_up_to=None, packages_up_to_regex=None, parallel_workers=16, paths=None, symlink_install=False, test_result_base=None, verb_extension=<colcon_core.verb.build.BuildVerb object at 0x7fda64383fa0>, verb_name='build', verb_parser=<colcon_defaults.argument_parser.defaults.DefaultArgumentsDecorator object at 0x7fda642a77f0>)
[0.291s] Level 1:colcon.colcon_core.package_discovery:discover_packages(colcon_meta) check parameters
[0.291s] Level 1:colcon.colcon_core.package_discovery:discover_packages(recursive) check parameters
[0.291s] Level 1:colcon.colcon_core.package_discovery:discover_packages(ignore) check parameters
[0.291s] Level 1:colcon.colcon_core.package_discovery:discover_packages(path) check parameters
[0.292s] Level 1:colcon.colcon_core.package_discovery:discover_packages(colcon_meta) discover
[0.292s] Level 1:colcon.colcon_core.package_discovery:discover_packages(recursive) discover
[0.292s] INFO:colcon.colcon_core.package_discovery:Crawling recursively for packages in '/home/yiming/training/train/ros_practice_for_ma'
[0.292s] Level 1:colcon.colcon_core.package_identification:_identify(.) by extensions ['ignore', 'ignore_ament_install']
[0.292s] Level 1:colcon.colcon_core.package_identification:_identify(.) by extension 'ignore'
[0.292s] Level 1:colcon.colcon_core.package_identification:_identify(.) by extension 'ignore_ament_install'
[0.292s] Level 1:colcon.colcon_core.package_identification:_identify(.) by extensions ['colcon_pkg']
[0.292s] Level 1:colcon.colcon_core.package_identification:_identify(.) by extension 'colcon_pkg'
[0.292s] Level 1:colcon.colcon_core.package_identification:_identify(.) by extensions ['colcon_meta']
[0.292s] Level 1:colcon.colcon_core.package_identification:_identify(.) by extension 'colcon_meta'
[0.292s] Level 1:colcon.colcon_core.package_identification:_identify(.) by extensions ['ros']
[0.292s] Level 1:colcon.colcon_core.package_identification:_identify(.) by extension 'ros'
[0.303s] Level 1:colcon.colcon_core.package_identification:_identify(.) by extensions ['cmake', 'python']
[0.303s] Level 1:colcon.colcon_core.package_identification:_identify(.) by extension 'cmake'
[0.303s] Level 1:colcon.colcon_core.package_identification:_identify(.) by extension 'python'
[0.303s] Level 1:colcon.colcon_core.package_identification:_identify(.) by extensions ['python_setup_py']
[0.303s] Level 1:colcon.colcon_core.package_identification:_identify(.) by extension 'python_setup_py'
[0.303s] Level 1:colcon.colcon_core.package_identification:_identify(build) by extensions ['ignore', 'ignore_ament_install']
[0.303s] Level 1:colcon.colcon_core.package_identification:_identify(build) by extension 'ignore'
[0.304s] Level 1:colcon.colcon_core.package_identification:_identify(build) ignored
[0.304s] Level 1:colcon.colcon_core.package_identification:_identify(install) by extensions ['ignore', 'ignore_ament_install']
[0.304s] Level 1:colcon.colcon_core.package_identification:_identify(install) by extension 'ignore'
[0.304s] Level 1:colcon.colcon_core.package_identification:_identify(install) ignored
[0.304s] Level 1:colcon.colcon_core.package_identification:_identify(log) by extensions ['ignore', 'ignore_ament_install']
[0.304s] Level 1:colcon.colcon_core.package_identification:_identify(log) by extension 'ignore'
[0.304s] Level 1:colcon.colcon_core.package_identification:_identify(log) ignored
[0.304s] Level 1:colcon.colcon_core.package_identification:_identify(mannual_node) by extensions ['ignore', 'ignore_ament_install']
[0.304s] Level 1:colcon.colcon_core.package_identification:_identify(mannual_node) by extension 'ignore'
[0.304s] Level 1:colcon.colcon_core.package_identification:_identify(mannual_node) by extension 'ignore_ament_install'
[0.304s] Level 1:colcon.colcon_core.package_identification:_identify(mannual_node) by extensions ['colcon_pkg']
[0.304s] Level 1:colcon.colcon_core.package_identification:_identify(mannual_node) by extension 'colcon_pkg'
[0.304s] Level 1:colcon.colcon_core.package_identification:_identify(mannual_node) by extensions ['colcon_meta']
[0.304s] Level 1:colcon.colcon_core.package_identification:_identify(mannual_node) by extension 'colcon_meta'
[0.304s] Level 1:colcon.colcon_core.package_identification:_identify(mannual_node) by extensions ['ros']
[0.304s] Level 1:colcon.colcon_core.package_identification:_identify(mannual_node) by extension 'ros'
[0.304s] Level 1:colcon.colcon_core.package_identification:_identify(mannual_node) by extensions ['cmake', 'python']
[0.304s] Level 1:colcon.colcon_core.package_identification:_identify(mannual_node) by extension 'cmake'
[0.304s] Level 1:colcon.colcon_core.package_identification:_identify(mannual_node) by extension 'python'
[0.304s] Level 1:colcon.colcon_core.package_identification:_identify(mannual_node) by extensions ['python_setup_py']
[0.304s] Level 1:colcon.colcon_core.package_identification:_identify(mannual_node) by extension 'python_setup_py'
[0.304s] Level 1:colcon.colcon_core.package_identification:_identify(mannual_node/src) by extensions ['ignore', 'ignore_ament_install']
[0.305s] Level 1:colcon.colcon_core.package_identification:_identify(mannual_node/src) by extension 'ignore'
[0.305s] Level 1:colcon.colcon_core.package_identification:_identify(mannual_node/src) by extension 'ignore_ament_install'
[0.305s] Level 1:colcon.colcon_core.package_identification:_identify(mannual_node/src) by extensions ['colcon_pkg']
[0.305s] Level 1:colcon.colcon_core.package_identification:_identify(mannual_node/src) by extension 'colcon_pkg'
[0.305s] Level 1:colcon.colcon_core.package_identification:_identify(mannual_node/src) by extensions ['colcon_meta']
[0.305s] Level 1:colcon.colcon_core.package_identification:_identify(mannual_node/src) by extension 'colcon_meta'
[0.305s] Level 1:colcon.colcon_core.package_identification:_identify(mannual_node/src) by extensions ['ros']
[0.305s] Level 1:colcon.colcon_core.package_identification:_identify(mannual_node/src) by extension 'ros'
[0.305s] Level 1:colcon.colcon_core.package_identification:_identify(mannual_node/src) by extensions ['cmake', 'python']
[0.305s] Level 1:colcon.colcon_core.package_identification:_identify(mannual_node/src) by extension 'cmake'
[0.305s] Level 1:colcon.colcon_core.package_identification:_identify(mannual_node/src) by extension 'python'
[0.305s] Level 1:colcon.colcon_core.package_identification:_identify(mannual_node/src) by extensions ['python_setup_py']
[0.305s] Level 1:colcon.colcon_core.package_identification:_identify(mannual_node/src) by extension 'python_setup_py'
[0.305s] Level 1:colcon.colcon_core.package_identification:_identify(mannual_node/src/demo) by extensions ['ignore', 'ignore_ament_install']
[0.305s] Level 1:colcon.colcon_core.package_identification:_identify(mannual_node/src/demo) by extension 'ignore'
[0.305s] Level 1:colcon.colcon_core.package_identification:_identify(mannual_node/src/demo) by extension 'ignore_ament_install'
[0.305s] Level 1:colcon.colcon_core.package_identification:_identify(mannual_node/src/demo) by extensions ['colcon_pkg']
[0.305s] Level 1:colcon.colcon_core.package_identification:_identify(mannual_node/src/demo) by extension 'colcon_pkg'
[0.305s] Level 1:colcon.colcon_core.package_identification:_identify(mannual_node/src/demo) by extensions ['colcon_meta']
[0.305s] Level 1:colcon.colcon_core.package_identification:_identify(mannual_node/src/demo) by extension 'colcon_meta'
[0.305s] Level 1:colcon.colcon_core.package_identification:_identify(mannual_node/src/demo) by extensions ['ros']
[0.305s] Level 1:colcon.colcon_core.package_identification:_identify(mannual_node/src/demo) by extension 'ros'
[0.307s] DEBUG:colcon.colcon_core.package_identification:Package 'mannual_node/src/demo' with type 'ros.ament_cmake' and name 'demo'
[0.307s] Level 1:colcon.colcon_core.package_identification:_identify(mannual_node/src/training1_for_ma) by extensions ['ignore', 'ignore_ament_install']
[0.307s] Level 1:colcon.colcon_core.package_identification:_identify(mannual_node/src/training1_for_ma) by extension 'ignore'
[0.307s] Level 1:colcon.colcon_core.package_identification:_identify(mannual_node/src/training1_for_ma) by extension 'ignore_ament_install'
[0.307s] Level 1:colcon.colcon_core.package_identification:_identify(mannual_node/src/training1_for_ma) by extensions ['colcon_pkg']
[0.307s] Level 1:colcon.colcon_core.package_identification:_identify(mannual_node/src/training1_for_ma) by extension 'colcon_pkg'
[0.307s] Level 1:colcon.colcon_core.package_identification:_identify(mannual_node/src/training1_for_ma) by extensions ['colcon_meta']
[0.308s] Level 1:colcon.colcon_core.package_identification:_identify(mannual_node/src/training1_for_ma) by extension 'colcon_meta'
[0.308s] Level 1:colcon.colcon_core.package_identification:_identify(mannual_node/src/training1_for_ma) by extensions ['ros']
[0.308s] Level 1:colcon.colcon_core.package_identification:_identify(mannual_node/src/training1_for_ma) by extension 'ros'
[0.308s] DEBUG:colcon.colcon_core.package_identification:Package 'mannual_node/src/training1_for_ma' with type 'ros.ament_cmake' and name 'training1_for_ma'
[0.308s] Level 1:colcon.colcon_core.package_discovery:discover_packages(recursive) using defaults
[0.308s] Level 1:colcon.colcon_core.package_discovery:discover_packages(ignore) discover
[0.308s] Level 1:colcon.colcon_core.package_discovery:discover_packages(ignore) using defaults
[0.308s] Level 1:colcon.colcon_core.package_discovery:discover_packages(path) discover
[0.308s] Level 1:colcon.colcon_core.package_discovery:discover_packages(path) using defaults
[0.327s] Level 1:colcon.colcon_core.package_discovery:discover_packages(prefix_path) check parameters
[0.328s] Level 1:colcon.colcon_core.package_discovery:discover_packages(prefix_path) discover
[0.330s] DEBUG:colcon.colcon_installed_package_information.package_discovery:Found 264 installed packages in /opt/ros/galactic
[0.331s] Level 1:colcon.colcon_core.package_discovery:discover_packages(prefix_path) using defaults
[0.381s] Level 5:colcon.colcon_core.verb:set package 'demo' build argument 'cmake_args' from command line to 'None'
[0.382s] Level 5:colcon.colcon_core.verb:set package 'demo' build argument 'cmake_target' from command line to 'None'
[0.382s] Level 5:colcon.colcon_core.verb:set package 'demo' build argument 'cmake_target_skip_unavailable' from command line to 'False'
[0.382s] Level 5:colcon.colcon_core.verb:set package 'demo' build argument 'cmake_clean_cache' from command line to 'False'
[0.382s] Level 5:colcon.colcon_core.verb:set package 'demo' build argument 'cmake_clean_first' from command line to 'False'
[0.382s] Level 5:colcon.colcon_core.verb:set package 'demo' build argument 'cmake_force_configure' from command line to 'False'
[0.382s] Level 5:colcon.colcon_core.verb:set package 'demo' build argument 'ament_cmake_args' from command line to 'None'
[0.382s] Level 5:colcon.colcon_core.verb:set package 'demo' build argument 'catkin_cmake_args' from command line to 'None'
[0.382s] Level 5:colcon.colcon_core.verb:set package 'demo' build argument 'catkin_skip_building_tests' from command line to 'False'
[0.382s] DEBUG:colcon.colcon_core.verb:Building package 'demo' with the following arguments: {'ament_cmake_args': None, 'build_base': '/home/yiming/training/train/ros_practice_for_ma/build/demo', 'catkin_cmake_args': None, 'catkin_skip_building_tests': False, 'cmake_args': None, 'cmake_clean_cache': False, 'cmake_clean_first': False, 'cmake_force_configure': False, 'cmake_target': None, 'cmake_target_skip_unavailable': False, 'install_base': '/home/yiming/training/train/ros_practice_for_ma/install/demo', 'merge_install': False, 'path': '/home/yiming/training/train/ros_practice_for_ma/mannual_node/src/demo', 'symlink_install': False, 'test_result_base': None}
[0.383s] Level 5:colcon.colcon_core.verb:set package 'training1_for_ma' build argument 'cmake_args' from command line to 'None'
[0.383s] Level 5:colcon.colcon_core.verb:set package 'training1_for_ma' build argument 'cmake_target' from command line to 'None'
[0.383s] Level 5:colcon.colcon_core.verb:set package 'training1_for_ma' build argument 'cmake_target_skip_unavailable' from command line to 'False'
[0.383s] Level 5:colcon.colcon_core.verb:set package 'training1_for_ma' build argument 'cmake_clean_cache' from command line to 'False'
[0.383s] Level 5:colcon.colcon_core.verb:set package 'training1_for_ma' build argument 'cmake_clean_first' from command line to 'False'
[0.383s] Level 5:colcon.colcon_core.verb:set package 'training1_for_ma' build argument 'cmake_force_configure' from command line to 'False'
[0.383s] Level 5:colcon.colcon_core.verb:set package 'training1_for_ma' build argument 'ament_cmake_args' from command line to 'None'
[0.383s] Level 5:colcon.colcon_core.verb:set package 'training1_for_ma' build argument 'catkin_cmake_args' from command line to 'None'
[0.383s] Level 5:colcon.colcon_core.verb:set package 'training1_for_ma' build argument 'catkin_skip_building_tests' from command line to 'False'
[0.383s] DEBUG:colcon.colcon_core.verb:Building package 'training1_for_ma' with the following arguments: {'ament_cmake_args': None, 'build_base': '/home/yiming/training/train/ros_practice_for_ma/build/training1_for_ma', 'catkin_cmake_args': None, 'catkin_skip_building_tests': False, 'cmake_args': None, 'cmake_clean_cache': False, 'cmake_clean_first': False, 'cmake_force_configure': False, 'cmake_target': None, 'cmake_target_skip_unavailable': False, 'install_base': '/home/yiming/training/train/ros_practice_for_ma/install/training1_for_ma', 'merge_install': False, 'path': '/home/yiming/training/train/ros_practice_for_ma/mannual_node/src/training1_for_ma', 'symlink_install': False, 'test_result_base': None}
[0.383s] INFO:colcon.colcon_core.executor:Executing jobs using 'parallel' executor
[0.387s] DEBUG:colcon.colcon_parallel_executor.executor.parallel:run_until_complete
[0.387s] INFO:colcon.colcon_ros.task.ament_cmake.build:Building ROS package in '/home/yiming/training/train/ros_practice_for_ma/mannual_node/src/demo' with build type 'ament_cmake'
[0.387s] INFO:colcon.colcon_cmake.task.cmake.build:Building CMake package in '/home/yiming/training/train/ros_practice_for_ma/mannual_node/src/demo'
[0.391s] INFO:colcon.colcon_core.plugin_system:Skipping extension 'colcon_core.shell.bat': Not used on non-Windows systems
[0.391s] INFO:colcon.colcon_core.shell:Skip shell extension 'powershell' for command environment: Not usable outside of PowerShell
[0.391s] DEBUG:colcon.colcon_core.shell:Skip shell extension 'dsv' for command environment
[0.397s] INFO:colcon.colcon_ros.task.ament_cmake.build:Building ROS package in '/home/yiming/training/train/ros_practice_for_ma/mannual_node/src/training1_for_ma' with build type 'ament_cmake'
[0.397s] INFO:colcon.colcon_cmake.task.cmake.build:Building CMake package in '/home/yiming/training/train/ros_practice_for_ma/mannual_node/src/training1_for_ma'
[0.400s] INFO:colcon.colcon_core.shell:Skip shell extension 'powershell' for command environment: Not usable outside of PowerShell
[0.400s] DEBUG:colcon.colcon_core.shell:Skip shell extension 'dsv' for command environment
[0.422s] DEBUG:colcon.colcon_core.event_handler.log_command:Invoking command in '/home/yiming/training/train/ros_practice_for_ma/build/demo': CMAKE_PREFIX_PATH=/opt/ros/galactic /home/yiming/.local/bin/cmake --build /home/yiming/training/train/ros_practice_for_ma/build/demo -- -j16 -l16
[0.437s] DEBUG:colcon.colcon_core.event_handler.log_command:Invoking command in '/home/yiming/training/train/ros_practice_for_ma/build/training1_for_ma': CMAKE_PREFIX_PATH=/opt/ros/galactic /home/yiming/.local/bin/cmake --build /home/yiming/training/train/ros_practice_for_ma/build/training1_for_ma -- -j16 -l16
[0.493s] DEBUG:colcon.colcon_core.event_handler.log_command:Invoked command in '/home/yiming/training/train/ros_practice_for_ma/build/demo' returned '0': CMAKE_PREFIX_PATH=/opt/ros/galactic /home/yiming/.local/bin/cmake --build /home/yiming/training/train/ros_practice_for_ma/build/demo -- -j16 -l16
[0.617s] DEBUG:colcon.colcon_core.event_handler.log_command:Invoking command in '/home/yiming/training/train/ros_practice_for_ma/build/demo': CMAKE_PREFIX_PATH=/opt/ros/galactic /home/yiming/.local/bin/cmake --install /home/yiming/training/train/ros_practice_for_ma/build/demo
[0.662s] Level 1:colcon.colcon_core.environment:create_environment_scripts_only(demo)
[0.665s] DEBUG:colcon.colcon_core.event_handler.log_command:Invoked command in '/home/yiming/training/train/ros_practice_for_ma/build/demo' returned '0': CMAKE_PREFIX_PATH=/opt/ros/galactic /home/yiming/.local/bin/cmake --install /home/yiming/training/train/ros_practice_for_ma/build/demo
[0.673s] Level 1:colcon.colcon_core.environment:checking '/home/yiming/training/train/ros_practice_for_ma/install/demo' for CMake module files
[0.674s] Level 1:colcon.colcon_core.environment:checking '/home/yiming/training/train/ros_practice_for_ma/install/demo' for CMake config files
[0.674s] Level 1:colcon.colcon_core.shell:create_environment_hook('demo', 'cmake_prefix_path')
[0.676s] INFO:colcon.colcon_core.shell:Creating environment hook '/home/yiming/training/train/ros_practice_for_ma/install/demo/share/demo/hook/cmake_prefix_path.ps1'
[0.677s] INFO:colcon.colcon_core.shell:Creating environment descriptor '/home/yiming/training/train/ros_practice_for_ma/install/demo/share/demo/hook/cmake_prefix_path.dsv'
[0.677s] INFO:colcon.colcon_core.shell:Creating environment hook '/home/yiming/training/train/ros_practice_for_ma/install/demo/share/demo/hook/cmake_prefix_path.sh'
[0.678s] Level 1:colcon.colcon_core.environment:checking '/home/yiming/training/train/ros_practice_for_ma/install/demo/bin'
[0.678s] Level 1:colcon.colcon_core.environment:checking '/home/yiming/training/train/ros_practice_for_ma/install/demo/lib/pkgconfig/demo.pc'
[0.678s] Level 1:colcon.colcon_core.environment:checking '/home/yiming/training/train/ros_practice_for_ma/install/demo/lib/python3.8/site-packages'
[0.678s] Level 1:colcon.colcon_core.environment:checking '/home/yiming/training/train/ros_practice_for_ma/install/demo/bin'
[0.679s] INFO:colcon.colcon_core.shell:Creating package script '/home/yiming/training/train/ros_practice_for_ma/install/demo/share/demo/package.ps1'
[0.680s] INFO:colcon.colcon_core.shell:Creating package descriptor '/home/yiming/training/train/ros_practice_for_ma/install/demo/share/demo/package.dsv'
[0.680s] INFO:colcon.colcon_core.shell:Creating package script '/home/yiming/training/train/ros_practice_for_ma/install/demo/share/demo/package.sh'
[0.681s] INFO:colcon.colcon_core.shell:Creating package script '/home/yiming/training/train/ros_practice_for_ma/install/demo/share/demo/package.bash'
[0.681s] INFO:colcon.colcon_core.shell:Creating package script '/home/yiming/training/train/ros_practice_for_ma/install/demo/share/demo/package.zsh'
[0.682s] Level 1:colcon.colcon_core.environment:create_file_with_runtime_dependencies(/home/yiming/training/train/ros_practice_for_ma/install/demo/share/colcon-core/packages/demo)
[0.750s] Level 1:colcon.colcon_core.environment:create_environment_scripts_only(demo)
[0.754s] Level 1:colcon.colcon_core.environment:checking '/home/yiming/training/train/ros_practice_for_ma/install/demo' for CMake module files
[0.755s] Level 1:colcon.colcon_core.environment:checking '/home/yiming/training/train/ros_practice_for_ma/install/demo' for CMake config files
[0.756s] Level 1:colcon.colcon_core.shell:create_environment_hook('demo', 'cmake_prefix_path')
[0.758s] INFO:colcon.colcon_core.shell:Creating environment hook '/home/yiming/training/train/ros_practice_for_ma/install/demo/share/demo/hook/cmake_prefix_path.ps1'
[0.759s] INFO:colcon.colcon_core.shell:Creating environment descriptor '/home/yiming/training/train/ros_practice_for_ma/install/demo/share/demo/hook/cmake_prefix_path.dsv'
[0.759s] INFO:colcon.colcon_core.shell:Creating environment hook '/home/yiming/training/train/ros_practice_for_ma/install/demo/share/demo/hook/cmake_prefix_path.sh'
[0.760s] Level 1:colcon.colcon_core.environment:checking '/home/yiming/training/train/ros_practice_for_ma/install/demo/bin'
[0.760s] Level 1:colcon.colcon_core.environment:checking '/home/yiming/training/train/ros_practice_for_ma/install/demo/lib/pkgconfig/demo.pc'
[0.760s] Level 1:colcon.colcon_core.environment:checking '/home/yiming/training/train/ros_practice_for_ma/install/demo/lib/python3.8/site-packages'
[0.760s] Level 1:colcon.colcon_core.environment:checking '/home/yiming/training/train/ros_practice_for_ma/install/demo/bin'
[0.761s] INFO:colcon.colcon_core.shell:Creating package script '/home/yiming/training/train/ros_practice_for_ma/install/demo/share/demo/package.ps1'
[0.762s] INFO:colcon.colcon_core.shell:Creating package descriptor '/home/yiming/training/train/ros_practice_for_ma/install/demo/share/demo/package.dsv'
[0.762s] INFO:colcon.colcon_core.shell:Creating package script '/home/yiming/training/train/ros_practice_for_ma/install/demo/share/demo/package.sh'
[0.762s] INFO:colcon.colcon_core.shell:Creating package script '/home/yiming/training/train/ros_practice_for_ma/install/demo/share/demo/package.bash'
[0.763s] INFO:colcon.colcon_core.shell:Creating package script '/home/yiming/training/train/ros_practice_for_ma/install/demo/share/demo/package.zsh'
[0.763s] Level 1:colcon.colcon_core.environment:create_file_with_runtime_dependencies(/home/yiming/training/train/ros_practice_for_ma/install/demo/share/colcon-core/packages/demo)
[6.238s] DEBUG:colcon.colcon_core.event_handler.log_command:Invoked command in '/home/yiming/training/train/ros_practice_for_ma/build/training1_for_ma' returned '2': CMAKE_PREFIX_PATH=/opt/ros/galactic /home/yiming/.local/bin/cmake --build /home/yiming/training/train/ros_practice_for_ma/build/training1_for_ma -- -j16 -l16
[6.318s] Level 1:colcon.colcon_core.environment:create_environment_scripts_only(training1_for_ma)
[6.322s] Level 1:colcon.colcon_core.environment:checking '/home/yiming/training/train/ros_practice_for_ma/install/training1_for_ma' for CMake module files
[6.323s] Level 1:colcon.colcon_core.environment:checking '/home/yiming/training/train/ros_practice_for_ma/install/training1_for_ma' for CMake config files
[6.323s] Level 1:colcon.colcon_core.shell:create_environment_hook('training1_for_ma', 'cmake_prefix_path')
[6.325s] INFO:colcon.colcon_core.shell:Creating environment hook '/home/yiming/training/train/ros_practice_for_ma/install/training1_for_ma/share/training1_for_ma/hook/cmake_prefix_path.ps1'
[6.325s] INFO:colcon.colcon_core.shell:Creating environment descriptor '/home/yiming/training/train/ros_practice_for_ma/install/training1_for_ma/share/training1_for_ma/hook/cmake_prefix_path.dsv'
[6.326s] INFO:colcon.colcon_core.shell:Creating environment hook '/home/yiming/training/train/ros_practice_for_ma/install/training1_for_ma/share/training1_for_ma/hook/cmake_prefix_path.sh'
[6.326s] Level 1:colcon.colcon_core.environment:checking '/home/yiming/training/train/ros_practice_for_ma/install/training1_for_ma/lib'
[6.326s] Level 1:colcon.colcon_core.environment:checking '/home/yiming/training/train/ros_practice_for_ma/install/training1_for_ma/bin'
[6.326s] Level 1:colcon.colcon_core.environment:checking '/home/yiming/training/train/ros_practice_for_ma/install/training1_for_ma/lib/pkgconfig/training1_for_ma.pc'
[6.327s] Level 1:colcon.colcon_core.environment:checking '/home/yiming/training/train/ros_practice_for_ma/install/training1_for_ma/lib/python3.8/site-packages'
[6.327s] Level 1:colcon.colcon_core.environment:checking '/home/yiming/training/train/ros_practice_for_ma/install/training1_for_ma/bin'
[6.328s] INFO:colcon.colcon_core.shell:Creating package script '/home/yiming/training/train/ros_practice_for_ma/install/training1_for_ma/share/training1_for_ma/package.ps1'
[6.329s] INFO:colcon.colcon_core.shell:Creating package descriptor '/home/yiming/training/train/ros_practice_for_ma/install/training1_for_ma/share/training1_for_ma/package.dsv'
[6.329s] INFO:colcon.colcon_core.shell:Creating package script '/home/yiming/training/train/ros_practice_for_ma/install/training1_for_ma/share/training1_for_ma/package.sh'
[6.329s] INFO:colcon.colcon_core.shell:Creating package script '/home/yiming/training/train/ros_practice_for_ma/install/training1_for_ma/share/training1_for_ma/package.bash'
[6.330s] INFO:colcon.colcon_core.shell:Creating package script '/home/yiming/training/train/ros_practice_for_ma/install/training1_for_ma/share/training1_for_ma/package.zsh'
[6.330s] Level 1:colcon.colcon_core.environment:create_file_with_runtime_dependencies(/home/yiming/training/train/ros_practice_for_ma/install/training1_for_ma/share/colcon-core/packages/training1_for_ma)
[6.341s] DEBUG:colcon.colcon_parallel_executor.executor.parallel:closing loop
[6.341s] DEBUG:colcon.colcon_parallel_executor.executor.parallel:loop closed
[6.341s] DEBUG:colcon.colcon_parallel_executor.executor.parallel:run_until_complete finished with '2'
[6.341s] DEBUG:colcon.colcon_core.event_reactor:joining thread
[6.354s] INFO:colcon.colcon_core.plugin_system:Skipping extension 'colcon_notification.desktop_notification.terminal_notifier': Not used on non-Darwin systems
[6.354s] INFO:colcon.colcon_core.plugin_system:Skipping extension 'colcon_notification.desktop_notification.win32': Not used on non-Windows systems
[6.354s] INFO:colcon.colcon_notification.desktop_notification:Sending desktop notification using 'notify2'
[6.379s] DEBUG:colcon.colcon_core.event_reactor:joined thread
[6.380s] INFO:colcon.colcon_core.shell:Creating prefix script '/home/yiming/training/train/ros_practice_for_ma/install/local_setup.ps1'
[6.381s] INFO:colcon.colcon_core.shell:Creating prefix util module '/home/yiming/training/train/ros_practice_for_ma/install/_local_setup_util_ps1.py'
[6.382s] INFO:colcon.colcon_core.shell:Creating prefix chain script '/home/yiming/training/train/ros_practice_for_ma/install/setup.ps1'
[6.383s] INFO:colcon.colcon_core.shell:Creating prefix script '/home/yiming/training/train/ros_practice_for_ma/install/local_setup.sh'
[6.383s] INFO:colcon.colcon_core.shell:Creating prefix util module '/home/yiming/training/train/ros_practice_for_ma/install/_local_setup_util_sh.py'
[6.384s] INFO:colcon.colcon_core.shell:Creating prefix chain script '/home/yiming/training/train/ros_practice_for_ma/install/setup.sh'
[6.385s] INFO:colcon.colcon_core.shell:Creating prefix script '/home/yiming/training/train/ros_practice_for_ma/install/local_setup.bash'
[6.386s] INFO:colcon.colcon_core.shell:Creating prefix chain script '/home/yiming/training/train/ros_practice_for_ma/install/setup.bash'
[6.388s] INFO:colcon.colcon_core.shell:Creating prefix script '/home/yiming/training/train/ros_practice_for_ma/install/local_setup.zsh'
[6.389s] INFO:colcon.colcon_core.shell:Creating prefix chain script '/home/yiming/training/train/ros_practice_for_ma/install/setup.zsh'
