[0.032s] Invoking command in '/home/yiming/training/train/ros_rv/build/rm_serial_driver': CMAKE_PREFIX_PATH=/opt/ros/galactic /home/yiming/.local/bin/cmake --build /home/yiming/training/train/ros_rv/build/rm_serial_driver -- -j16 -l16
[0.087s] -- Found ament_cmake_auto: 1.1.6 (/opt/ros/galactic/share/ament_cmake_auto/cmake)
[0.118s] -- Using PYTHON_EXECUTABLE: /usr/bin/python3
[0.190s] [31mCMake Error at CMakeLists.txt:20 (find_package):
[0.190s]   By not providing "Findserial.cmake" in CMAKE_MODULE_PATH this project has
[0.190s]   asked CMake to find a package configuration file provided by "serial", but
[0.190s]   CMake did not find one.
[0.190s] 
[0.191s]   Could not find a package configuration file provided by "serial" with any
[0.191s]   of the following names:
[0.191s] 
[0.191s]     serialConfig.cmake
[0.192s]     serial-config.cmake
[0.192s] 
[0.192s]   Add the installation prefix of "serial" to CMAKE_PREFIX_PATH or set
[0.192s]   "serial_DIR" to a directory containing one of the above files.  If "serial"
[0.192s]   provides a separate development package or SDK, be sure it has been
[0.192s]   installed.
[0.192s] 
[0.193s] [0m
[0.193s] -- Configuring incomplete, errors occurred!
[0.193s] make: *** [Makefile:335: cmake_check_build_system] Error 1
[0.256s] Invoked command in '/home/yiming/training/train/ros_rv/build/rm_serial_driver' returned '2': CMAKE_PREFIX_PATH=/opt/ros/galactic /home/yiming/.local/bin/cmake --build /home/yiming/training/train/ros_rv/build/rm_serial_driver -- -j16 -l16
