[0.047s] Invoking command in '/home/yiming/training/train/ros_rv/build/my_package': CMAKE_PREFIX_PATH=${CMAKE_PREFIX_PATH}:/opt/ros/galactic /home/yiming/.local/bin/cmake /home/yiming/training/train/ros_rv/src/my_package -DAMENT_CMAKE_SYMLINK_INSTALL=1 -DCMAKE_INSTALL_PREFIX=/home/yiming/training/train/ros_rv/install/my_package
[0.099s] -- Found ament_cmake: 1.1.6 (/opt/ros/galactic/share/ament_cmake/cmake)
[0.131s] -- Using PYTHON_EXECUTABLE: /usr/bin/python3
[0.202s] -- Override CMake install command with custom implementation using symlinks instead of copying resources
[0.215s] -- Found ament_lint_auto: 0.10.7 (/opt/ros/galactic/share/ament_lint_auto/cmake)
[0.288s] -- Added test 'copyright' to check source files copyright and LICENSE
[0.288s] -- Added test 'cppcheck' to perform static code analysis on C / C++ code
[0.289s] -- Configured cppcheck include dirs: $<BUILD_INTERFACE:/home/yiming/training/train/ros_rv/src/my_package/include>
[0.289s] -- Configured cppcheck exclude dirs and/or files: 
[0.289s] -- Added test 'cpplint' to check C / C++ code against the Google style
[0.289s] -- Configured cpplint exclude dirs and/or files: 
[0.289s] -- Added test 'lint_cmake' to check CMake code style
[0.290s] -- Added test 'uncrustify' to check C / C++ code style
[0.290s] -- Configured uncrustify additional arguments: 
[0.290s] -- Added test 'xmllint' to check XML markup files
[0.291s] -- Configuring done (0.2s)
[0.296s] -- Generating done (0.0s)
[0.296s] -- Build files have been written to: /home/yiming/training/train/ros_rv/build/my_package
[0.310s] Invoked command in '/home/yiming/training/train/ros_rv/build/my_package' returned '0': CMAKE_PREFIX_PATH=${CMAKE_PREFIX_PATH}:/opt/ros/galactic /home/yiming/.local/bin/cmake /home/yiming/training/train/ros_rv/src/my_package -DAMENT_CMAKE_SYMLINK_INSTALL=1 -DCMAKE_INSTALL_PREFIX=/home/yiming/training/train/ros_rv/install/my_package
[0.316s] Invoking command in '/home/yiming/training/train/ros_rv/build/my_package': CMAKE_PREFIX_PATH=${CMAKE_PREFIX_PATH}:/opt/ros/galactic /home/yiming/.local/bin/cmake --build /home/yiming/training/train/ros_rv/build/my_package -- -j16 -l16
[0.399s] [100%] Built target my_node
[0.420s] Invoked command in '/home/yiming/training/train/ros_rv/build/my_package' returned '0': CMAKE_PREFIX_PATH=${CMAKE_PREFIX_PATH}:/opt/ros/galactic /home/yiming/.local/bin/cmake --build /home/yiming/training/train/ros_rv/build/my_package -- -j16 -l16
[0.565s] Invoking command in '/home/yiming/training/train/ros_rv/build/my_package': CMAKE_PREFIX_PATH=${CMAKE_PREFIX_PATH}:/opt/ros/galactic /home/yiming/.local/bin/cmake --install /home/yiming/training/train/ros_rv/build/my_package
[0.613s] -- Install configuration: ""
[0.615s] -- Execute custom install script
[0.615s] -- Symlinking: /home/yiming/training/train/ros_rv/install/my_package/lib/my_package/my_node
[0.622s] -- Symlinking: /home/yiming/training/train/ros_rv/install/my_package/share/ament_index/resource_index/package_run_dependencies/my_package
[0.628s] -- Symlinking: /home/yiming/training/train/ros_rv/install/my_package/share/ament_index/resource_index/parent_prefix_path/my_package
[0.635s] -- Symlinking: /home/yiming/training/train/ros_rv/install/my_package/share/my_package/environment/ament_prefix_path.sh
[0.641s] -- Symlinking: /home/yiming/training/train/ros_rv/install/my_package/share/my_package/environment/ament_prefix_path.dsv
[0.646s] -- Symlinking: /home/yiming/training/train/ros_rv/install/my_package/share/my_package/environment/path.sh
[0.653s] -- Symlinking: /home/yiming/training/train/ros_rv/install/my_package/share/my_package/environment/path.dsv
[0.658s] -- Symlinking: /home/yiming/training/train/ros_rv/install/my_package/share/my_package/local_setup.bash
[0.665s] -- Symlinking: /home/yiming/training/train/ros_rv/install/my_package/share/my_package/local_setup.sh
[0.671s] -- Symlinking: /home/yiming/training/train/ros_rv/install/my_package/share/my_package/local_setup.zsh
[0.676s] -- Symlinking: /home/yiming/training/train/ros_rv/install/my_package/share/my_package/local_setup.dsv
[0.681s] -- Symlinking: /home/yiming/training/train/ros_rv/install/my_package/share/my_package/package.dsv
[0.688s] -- Symlinking: /home/yiming/training/train/ros_rv/install/my_package/share/ament_index/resource_index/packages/my_package
[0.694s] -- Symlinking: /home/yiming/training/train/ros_rv/install/my_package/share/my_package/cmake/my_packageConfig.cmake
[0.701s] -- Symlinking: /home/yiming/training/train/ros_rv/install/my_package/share/my_package/cmake/my_packageConfig-version.cmake
[0.707s] -- Symlinking: /home/yiming/training/train/ros_rv/install/my_package/share/my_package/package.xml
[0.725s] Invoked command in '/home/yiming/training/train/ros_rv/build/my_package' returned '0': CMAKE_PREFIX_PATH=${CMAKE_PREFIX_PATH}:/opt/ros/galactic /home/yiming/.local/bin/cmake --install /home/yiming/training/train/ros_rv/build/my_package
