[0.258s] DEBUG:colcon:Command line arguments: ['/usr/bin/colcon', 'build']
[0.258s] DEBUG:colcon:Parsed command line arguments: Namespace(allow_overriding=[], ament_cmake_args=None, base_paths=['.'], build_base='build', catkin_cmake_args=None, catkin_skip_building_tests=False, cmake_args=None, cmake_clean_cache=False, cmake_clean_first=False, cmake_force_configure=False, cmake_target=None, cmake_target_skip_unavailable=False, continue_on_error=False, event_handlers=None, executor='parallel', ignore_user_meta=False, install_base='install', log_base=None, log_level=None, main=<bound method BuildVerb.main of <colcon_core.verb.build.BuildVerb object at 0x7f38b1f574c0>>, merge_install=False, metas=['./colcon.meta'], packages_above=None, packages_above_and_dependencies=None, packages_above_depth=None, packages_end=None, packages_ignore=None, packages_ignore_regex=None, packages_select=None, packages_select_build_failed=False, packages_select_by_dep=None, packages_select_regex=None, packages_select_test_failures=False, packages_skip=None, packages_skip_build_finished=False, packages_skip_by_dep=None, packages_skip_regex=None, packages_skip_test_passed=False, packages_skip_up_to=None, packages_start=None, packages_up_to=None, packages_up_to_regex=None, parallel_workers=16, paths=None, symlink_install=False, test_result_base=None, verb_extension=<colcon_core.verb.build.BuildVerb object at 0x7f38b1f574c0>, verb_name='build', verb_parser=<colcon_defaults.argument_parser.defaults.DefaultArgumentsDecorator object at 0x7f38b1e63850>)
[0.288s] Level 1:colcon.colcon_core.package_discovery:discover_packages(colcon_meta) check parameters
[0.288s] Level 1:colcon.colcon_core.package_discovery:discover_packages(recursive) check parameters
[0.288s] Level 1:colcon.colcon_core.package_discovery:discover_packages(ignore) check parameters
[0.288s] Level 1:colcon.colcon_core.package_discovery:discover_packages(path) check parameters
[0.288s] Level 1:colcon.colcon_core.package_discovery:discover_packages(colcon_meta) discover
[0.289s] Level 1:colcon.colcon_core.package_discovery:discover_packages(recursive) discover
[0.289s] INFO:colcon.colcon_core.package_discovery:Crawling recursively for packages in '/home/yiming/training/train/ros_practice_for_ma/mannual_node'
[0.289s] Level 1:colcon.colcon_core.package_identification:_identify(.) by extensions ['ignore', 'ignore_ament_install']
[0.289s] Level 1:colcon.colcon_core.package_identification:_identify(.) by extension 'ignore'
[0.289s] Level 1:colcon.colcon_core.package_identification:_identify(.) by extension 'ignore_ament_install'
[0.289s] Level 1:colcon.colcon_core.package_identification:_identify(.) by extensions ['colcon_pkg']
[0.289s] Level 1:colcon.colcon_core.package_identification:_identify(.) by extension 'colcon_pkg'
[0.289s] Level 1:colcon.colcon_core.package_identification:_identify(.) by extensions ['colcon_meta']
[0.289s] Level 1:colcon.colcon_core.package_identification:_identify(.) by extension 'colcon_meta'
[0.289s] Level 1:colcon.colcon_core.package_identification:_identify(.) by extensions ['ros']
[0.289s] Level 1:colcon.colcon_core.package_identification:_identify(.) by extension 'ros'
[0.300s] Level 1:colcon.colcon_core.package_identification:_identify(.) by extensions ['cmake', 'python']
[0.300s] Level 1:colcon.colcon_core.package_identification:_identify(.) by extension 'cmake'
[0.300s] Level 1:colcon.colcon_core.package_identification:_identify(.) by extension 'python'
[0.300s] Level 1:colcon.colcon_core.package_identification:_identify(.) by extensions ['python_setup_py']
[0.300s] Level 1:colcon.colcon_core.package_identification:_identify(.) by extension 'python_setup_py'
[0.300s] Level 1:colcon.colcon_core.package_identification:_identify(build) by extensions ['ignore', 'ignore_ament_install']
[0.300s] Level 1:colcon.colcon_core.package_identification:_identify(build) by extension 'ignore'
[0.300s] Level 1:colcon.colcon_core.package_identification:_identify(build) ignored
[0.301s] Level 1:colcon.colcon_core.package_identification:_identify(install) by extensions ['ignore', 'ignore_ament_install']
[0.301s] Level 1:colcon.colcon_core.package_identification:_identify(install) by extension 'ignore'
[0.301s] Level 1:colcon.colcon_core.package_identification:_identify(install) ignored
[0.301s] Level 1:colcon.colcon_core.package_identification:_identify(log) by extensions ['ignore', 'ignore_ament_install']
[0.301s] Level 1:colcon.colcon_core.package_identification:_identify(log) by extension 'ignore'
[0.301s] Level 1:colcon.colcon_core.package_identification:_identify(log) ignored
[0.301s] Level 1:colcon.colcon_core.package_identification:_identify(src) by extensions ['ignore', 'ignore_ament_install']
[0.301s] Level 1:colcon.colcon_core.package_identification:_identify(src) by extension 'ignore'
[0.301s] Level 1:colcon.colcon_core.package_identification:_identify(src) by extension 'ignore_ament_install'
[0.301s] Level 1:colcon.colcon_core.package_identification:_identify(src) by extensions ['colcon_pkg']
[0.301s] Level 1:colcon.colcon_core.package_identification:_identify(src) by extension 'colcon_pkg'
[0.301s] Level 1:colcon.colcon_core.package_identification:_identify(src) by extensions ['colcon_meta']
[0.301s] Level 1:colcon.colcon_core.package_identification:_identify(src) by extension 'colcon_meta'
[0.301s] Level 1:colcon.colcon_core.package_identification:_identify(src) by extensions ['ros']
[0.301s] Level 1:colcon.colcon_core.package_identification:_identify(src) by extension 'ros'
[0.301s] Level 1:colcon.colcon_core.package_identification:_identify(src) by extensions ['cmake', 'python']
[0.301s] Level 1:colcon.colcon_core.package_identification:_identify(src) by extension 'cmake'
[0.301s] Level 1:colcon.colcon_core.package_identification:_identify(src) by extension 'python'
[0.301s] Level 1:colcon.colcon_core.package_identification:_identify(src) by extensions ['python_setup_py']
[0.301s] Level 1:colcon.colcon_core.package_identification:_identify(src) by extension 'python_setup_py'
[0.301s] Level 1:colcon.colcon_core.package_identification:_identify(src/MA_susbriber) by extensions ['ignore', 'ignore_ament_install']
[0.301s] Level 1:colcon.colcon_core.package_identification:_identify(src/MA_susbriber) by extension 'ignore'
[0.301s] Level 1:colcon.colcon_core.package_identification:_identify(src/MA_susbriber) by extension 'ignore_ament_install'
[0.301s] Level 1:colcon.colcon_core.package_identification:_identify(src/MA_susbriber) by extensions ['colcon_pkg']
[0.302s] Level 1:colcon.colcon_core.package_identification:_identify(src/MA_susbriber) by extension 'colcon_pkg'
[0.302s] Level 1:colcon.colcon_core.package_identification:_identify(src/MA_susbriber) by extensions ['colcon_meta']
[0.302s] Level 1:colcon.colcon_core.package_identification:_identify(src/MA_susbriber) by extension 'colcon_meta'
[0.302s] Level 1:colcon.colcon_core.package_identification:_identify(src/MA_susbriber) by extensions ['ros']
[0.302s] Level 1:colcon.colcon_core.package_identification:_identify(src/MA_susbriber) by extension 'ros'
[0.304s] DEBUG:colcon.colcon_core.package_identification:Package 'src/MA_susbriber' with type 'ros.ament_cmake' and name 'MA_susbriber'
[0.304s] Level 1:colcon.colcon_core.package_identification:_identify(src/demo) by extensions ['ignore', 'ignore_ament_install']
[0.304s] Level 1:colcon.colcon_core.package_identification:_identify(src/demo) by extension 'ignore'
[0.304s] Level 1:colcon.colcon_core.package_identification:_identify(src/demo) by extension 'ignore_ament_install'
[0.304s] Level 1:colcon.colcon_core.package_identification:_identify(src/demo) by extensions ['colcon_pkg']
[0.304s] Level 1:colcon.colcon_core.package_identification:_identify(src/demo) by extension 'colcon_pkg'
[0.304s] Level 1:colcon.colcon_core.package_identification:_identify(src/demo) by extensions ['colcon_meta']
[0.304s] Level 1:colcon.colcon_core.package_identification:_identify(src/demo) by extension 'colcon_meta'
[0.304s] Level 1:colcon.colcon_core.package_identification:_identify(src/demo) by extensions ['ros']
[0.304s] Level 1:colcon.colcon_core.package_identification:_identify(src/demo) by extension 'ros'
[0.304s] DEBUG:colcon.colcon_core.package_identification:Package 'src/demo' with type 'ros.ament_cmake' and name 'demo'
[0.305s] Level 1:colcon.colcon_core.package_identification:_identify(src/training1_for_ma) by extensions ['ignore', 'ignore_ament_install']
[0.305s] Level 1:colcon.colcon_core.package_identification:_identify(src/training1_for_ma) by extension 'ignore'
[0.305s] Level 1:colcon.colcon_core.package_identification:_identify(src/training1_for_ma) by extension 'ignore_ament_install'
[0.305s] Level 1:colcon.colcon_core.package_identification:_identify(src/training1_for_ma) by extensions ['colcon_pkg']
[0.305s] Level 1:colcon.colcon_core.package_identification:_identify(src/training1_for_ma) by extension 'colcon_pkg'
[0.305s] Level 1:colcon.colcon_core.package_identification:_identify(src/training1_for_ma) by extensions ['colcon_meta']
[0.305s] Level 1:colcon.colcon_core.package_identification:_identify(src/training1_for_ma) by extension 'colcon_meta'
[0.305s] Level 1:colcon.colcon_core.package_identification:_identify(src/training1_for_ma) by extensions ['ros']
[0.305s] Level 1:colcon.colcon_core.package_identification:_identify(src/training1_for_ma) by extension 'ros'
[0.305s] DEBUG:colcon.colcon_core.package_identification:Package 'src/training1_for_ma' with type 'ros.ament_cmake' and name 'training1_for_ma'
[0.305s] Level 1:colcon.colcon_core.package_discovery:discover_packages(recursive) using defaults
[0.306s] Level 1:colcon.colcon_core.package_discovery:discover_packages(ignore) discover
[0.306s] Level 1:colcon.colcon_core.package_discovery:discover_packages(ignore) using defaults
[0.306s] Level 1:colcon.colcon_core.package_discovery:discover_packages(path) discover
[0.306s] Level 1:colcon.colcon_core.package_discovery:discover_packages(path) using defaults
[0.326s] Level 1:colcon.colcon_core.package_discovery:discover_packages(prefix_path) check parameters
[0.326s] Level 1:colcon.colcon_core.package_discovery:discover_packages(prefix_path) discover
[0.328s] DEBUG:colcon.colcon_installed_package_information.package_discovery:Found 2 installed packages in /home/yiming/training/train/ros_practice_for_ma/install
[0.330s] DEBUG:colcon.colcon_installed_package_information.package_discovery:Found 264 installed packages in /opt/ros/galactic
[0.331s] Level 1:colcon.colcon_core.package_discovery:discover_packages(prefix_path) using defaults
[0.382s] Level 5:colcon.colcon_core.verb:set package 'MA_susbriber' build argument 'cmake_args' from command line to 'None'
[0.382s] Level 5:colcon.colcon_core.verb:set package 'MA_susbriber' build argument 'cmake_target' from command line to 'None'
[0.382s] Level 5:colcon.colcon_core.verb:set package 'MA_susbriber' build argument 'cmake_target_skip_unavailable' from command line to 'False'
[0.382s] Level 5:colcon.colcon_core.verb:set package 'MA_susbriber' build argument 'cmake_clean_cache' from command line to 'False'
[0.382s] Level 5:colcon.colcon_core.verb:set package 'MA_susbriber' build argument 'cmake_clean_first' from command line to 'False'
[0.382s] Level 5:colcon.colcon_core.verb:set package 'MA_susbriber' build argument 'cmake_force_configure' from command line to 'False'
[0.382s] Level 5:colcon.colcon_core.verb:set package 'MA_susbriber' build argument 'ament_cmake_args' from command line to 'None'
[0.382s] Level 5:colcon.colcon_core.verb:set package 'MA_susbriber' build argument 'catkin_cmake_args' from command line to 'None'
[0.382s] Level 5:colcon.colcon_core.verb:set package 'MA_susbriber' build argument 'catkin_skip_building_tests' from command line to 'False'
[0.382s] DEBUG:colcon.colcon_core.verb:Building package 'MA_susbriber' with the following arguments: {'ament_cmake_args': None, 'build_base': '/home/yiming/training/train/ros_practice_for_ma/mannual_node/build/MA_susbriber', 'catkin_cmake_args': None, 'catkin_skip_building_tests': False, 'cmake_args': None, 'cmake_clean_cache': False, 'cmake_clean_first': False, 'cmake_force_configure': False, 'cmake_target': None, 'cmake_target_skip_unavailable': False, 'install_base': '/home/yiming/training/train/ros_practice_for_ma/mannual_node/install/MA_susbriber', 'merge_install': False, 'path': '/home/yiming/training/train/ros_practice_for_ma/mannual_node/src/MA_susbriber', 'symlink_install': False, 'test_result_base': None}
[0.383s] Level 5:colcon.colcon_core.verb:set package 'demo' build argument 'cmake_args' from command line to 'None'
[0.383s] Level 5:colcon.colcon_core.verb:set package 'demo' build argument 'cmake_target' from command line to 'None'
[0.383s] Level 5:colcon.colcon_core.verb:set package 'demo' build argument 'cmake_target_skip_unavailable' from command line to 'False'
[0.383s] Level 5:colcon.colcon_core.verb:set package 'demo' build argument 'cmake_clean_cache' from command line to 'False'
[0.383s] Level 5:colcon.colcon_core.verb:set package 'demo' build argument 'cmake_clean_first' from command line to 'False'
[0.383s] Level 5:colcon.colcon_core.verb:set package 'demo' build argument 'cmake_force_configure' from command line to 'False'
[0.383s] Level 5:colcon.colcon_core.verb:set package 'demo' build argument 'ament_cmake_args' from command line to 'None'
[0.383s] Level 5:colcon.colcon_core.verb:set package 'demo' build argument 'catkin_cmake_args' from command line to 'None'
[0.383s] Level 5:colcon.colcon_core.verb:set package 'demo' build argument 'catkin_skip_building_tests' from command line to 'False'
[0.383s] DEBUG:colcon.colcon_core.verb:Building package 'demo' with the following arguments: {'ament_cmake_args': None, 'build_base': '/home/yiming/training/train/ros_practice_for_ma/mannual_node/build/demo', 'catkin_cmake_args': None, 'catkin_skip_building_tests': False, 'cmake_args': None, 'cmake_clean_cache': False, 'cmake_clean_first': False, 'cmake_force_configure': False, 'cmake_target': None, 'cmake_target_skip_unavailable': False, 'install_base': '/home/yiming/training/train/ros_practice_for_ma/mannual_node/install/demo', 'merge_install': False, 'path': '/home/yiming/training/train/ros_practice_for_ma/mannual_node/src/demo', 'symlink_install': False, 'test_result_base': None}
[0.384s] Level 5:colcon.colcon_core.verb:set package 'training1_for_ma' build argument 'cmake_args' from command line to 'None'
[0.384s] Level 5:colcon.colcon_core.verb:set package 'training1_for_ma' build argument 'cmake_target' from command line to 'None'
[0.384s] Level 5:colcon.colcon_core.verb:set package 'training1_for_ma' build argument 'cmake_target_skip_unavailable' from command line to 'False'
[0.384s] Level 5:colcon.colcon_core.verb:set package 'training1_for_ma' build argument 'cmake_clean_cache' from command line to 'False'
[0.384s] Level 5:colcon.colcon_core.verb:set package 'training1_for_ma' build argument 'cmake_clean_first' from command line to 'False'
[0.384s] Level 5:colcon.colcon_core.verb:set package 'training1_for_ma' build argument 'cmake_force_configure' from command line to 'False'
[0.384s] Level 5:colcon.colcon_core.verb:set package 'training1_for_ma' build argument 'ament_cmake_args' from command line to 'None'
[0.384s] Level 5:colcon.colcon_core.verb:set package 'training1_for_ma' build argument 'catkin_cmake_args' from command line to 'None'
[0.384s] Level 5:colcon.colcon_core.verb:set package 'training1_for_ma' build argument 'catkin_skip_building_tests' from command line to 'False'
[0.384s] DEBUG:colcon.colcon_core.verb:Building package 'training1_for_ma' with the following arguments: {'ament_cmake_args': None, 'build_base': '/home/yiming/training/train/ros_practice_for_ma/mannual_node/build/training1_for_ma', 'catkin_cmake_args': None, 'catkin_skip_building_tests': False, 'cmake_args': None, 'cmake_clean_cache': False, 'cmake_clean_first': False, 'cmake_force_configure': False, 'cmake_target': None, 'cmake_target_skip_unavailable': False, 'install_base': '/home/yiming/training/train/ros_practice_for_ma/mannual_node/install/training1_for_ma', 'merge_install': False, 'path': '/home/yiming/training/train/ros_practice_for_ma/mannual_node/src/training1_for_ma', 'symlink_install': False, 'test_result_base': None}
[0.385s] INFO:colcon.colcon_core.executor:Executing jobs using 'parallel' executor
[0.389s] DEBUG:colcon.colcon_parallel_executor.executor.parallel:run_until_complete
[0.389s] INFO:colcon.colcon_ros.task.ament_cmake.build:Building ROS package in '/home/yiming/training/train/ros_practice_for_ma/mannual_node/src/MA_susbriber' with build type 'ament_cmake'
[0.390s] INFO:colcon.colcon_cmake.task.cmake.build:Building CMake package in '/home/yiming/training/train/ros_practice_for_ma/mannual_node/src/MA_susbriber'
[0.394s] INFO:colcon.colcon_core.plugin_system:Skipping extension 'colcon_core.shell.bat': Not used on non-Windows systems
[0.395s] INFO:colcon.colcon_core.shell:Skip shell extension 'powershell' for command environment: Not usable outside of PowerShell
[0.395s] DEBUG:colcon.colcon_core.shell:Skip shell extension 'dsv' for command environment
[0.402s] INFO:colcon.colcon_ros.task.ament_cmake.build:Building ROS package in '/home/yiming/training/train/ros_practice_for_ma/mannual_node/src/demo' with build type 'ament_cmake'
[0.402s] INFO:colcon.colcon_cmake.task.cmake.build:Building CMake package in '/home/yiming/training/train/ros_practice_for_ma/mannual_node/src/demo'
[0.405s] INFO:colcon.colcon_core.shell:Skip shell extension 'powershell' for command environment: Not usable outside of PowerShell
[0.406s] DEBUG:colcon.colcon_core.shell:Skip shell extension 'dsv' for command environment
[0.418s] INFO:colcon.colcon_ros.task.ament_cmake.build:Building ROS package in '/home/yiming/training/train/ros_practice_for_ma/mannual_node/src/training1_for_ma' with build type 'ament_cmake'
[0.419s] INFO:colcon.colcon_cmake.task.cmake.build:Building CMake package in '/home/yiming/training/train/ros_practice_for_ma/mannual_node/src/training1_for_ma'
[0.421s] INFO:colcon.colcon_core.shell:Skip shell extension 'powershell' for command environment: Not usable outside of PowerShell
[0.421s] DEBUG:colcon.colcon_core.shell:Skip shell extension 'dsv' for command environment
[0.442s] DEBUG:colcon.colcon_core.event_handler.log_command:Invoking command in '/home/yiming/training/train/ros_practice_for_ma/mannual_node/build/MA_susbriber': CMAKE_PREFIX_PATH=${CMAKE_PREFIX_PATH}:/opt/ros/galactic /home/yiming/.local/bin/cmake /home/yiming/training/train/ros_practice_for_ma/mannual_node/src/MA_susbriber -DCMAKE_INSTALL_PREFIX=/home/yiming/training/train/ros_practice_for_ma/mannual_node/install/MA_susbriber
[0.451s] DEBUG:colcon.colcon_core.event_handler.log_command:Invoking command in '/home/yiming/training/train/ros_practice_for_ma/mannual_node/build/demo': CMAKE_PREFIX_PATH=${CMAKE_PREFIX_PATH}:/opt/ros/galactic /home/yiming/.local/bin/cmake /home/yiming/training/train/ros_practice_for_ma/mannual_node/src/demo -DCMAKE_INSTALL_PREFIX=/home/yiming/training/train/ros_practice_for_ma/mannual_node/install/demo
[0.464s] DEBUG:colcon.colcon_core.event_handler.log_command:Invoking command in '/home/yiming/training/train/ros_practice_for_ma/mannual_node/build/training1_for_ma': CMAKE_PREFIX_PATH=${CMAKE_PREFIX_PATH}:/opt/ros/galactic /home/yiming/.local/bin/cmake /home/yiming/training/train/ros_practice_for_ma/mannual_node/src/training1_for_ma -DCMAKE_INSTALL_PREFIX=/home/yiming/training/train/ros_practice_for_ma/mannual_node/install/training1_for_ma
[1.143s] DEBUG:colcon.colcon_core.event_handler.log_command:Invoked command in '/home/yiming/training/train/ros_practice_for_ma/mannual_node/build/demo' returned '0': CMAKE_PREFIX_PATH=${CMAKE_PREFIX_PATH}:/opt/ros/galactic /home/yiming/.local/bin/cmake /home/yiming/training/train/ros_practice_for_ma/mannual_node/src/demo -DCMAKE_INSTALL_PREFIX=/home/yiming/training/train/ros_practice_for_ma/mannual_node/install/demo
[1.147s] DEBUG:colcon.colcon_core.event_handler.log_command:Invoking command in '/home/yiming/training/train/ros_practice_for_ma/mannual_node/build/demo': CMAKE_PREFIX_PATH=${CMAKE_PREFIX_PATH}:/opt/ros/galactic /home/yiming/.local/bin/cmake --build /home/yiming/training/train/ros_practice_for_ma/mannual_node/build/demo -- -j16 -l16
[1.206s] DEBUG:colcon.colcon_core.event_handler.log_command:Invoked command in '/home/yiming/training/train/ros_practice_for_ma/mannual_node/build/demo' returned '0': CMAKE_PREFIX_PATH=${CMAKE_PREFIX_PATH}:/opt/ros/galactic /home/yiming/.local/bin/cmake --build /home/yiming/training/train/ros_practice_for_ma/mannual_node/build/demo -- -j16 -l16
[1.319s] DEBUG:colcon.colcon_core.event_handler.log_command:Invoking command in '/home/yiming/training/train/ros_practice_for_ma/mannual_node/build/demo': CMAKE_PREFIX_PATH=${CMAKE_PREFIX_PATH}:/opt/ros/galactic /home/yiming/.local/bin/cmake --install /home/yiming/training/train/ros_practice_for_ma/mannual_node/build/demo
[1.366s] Level 1:colcon.colcon_core.environment:create_environment_scripts_only(demo)
[1.369s] DEBUG:colcon.colcon_core.event_handler.log_command:Invoked command in '/home/yiming/training/train/ros_practice_for_ma/mannual_node/build/demo' returned '0': CMAKE_PREFIX_PATH=${CMAKE_PREFIX_PATH}:/opt/ros/galactic /home/yiming/.local/bin/cmake --install /home/yiming/training/train/ros_practice_for_ma/mannual_node/build/demo
[1.373s] Level 1:colcon.colcon_core.environment:checking '/home/yiming/training/train/ros_practice_for_ma/mannual_node/install/demo' for CMake module files
[1.373s] Level 1:colcon.colcon_core.environment:checking '/home/yiming/training/train/ros_practice_for_ma/mannual_node/install/demo' for CMake config files
[1.373s] Level 1:colcon.colcon_core.shell:create_environment_hook('demo', 'cmake_prefix_path')
[1.374s] INFO:colcon.colcon_core.shell:Creating environment hook '/home/yiming/training/train/ros_practice_for_ma/mannual_node/install/demo/share/demo/hook/cmake_prefix_path.ps1'
[1.375s] INFO:colcon.colcon_core.shell:Creating environment descriptor '/home/yiming/training/train/ros_practice_for_ma/mannual_node/install/demo/share/demo/hook/cmake_prefix_path.dsv'
[1.375s] INFO:colcon.colcon_core.shell:Creating environment hook '/home/yiming/training/train/ros_practice_for_ma/mannual_node/install/demo/share/demo/hook/cmake_prefix_path.sh'
[1.376s] Level 1:colcon.colcon_core.environment:checking '/home/yiming/training/train/ros_practice_for_ma/mannual_node/install/demo/bin'
[1.376s] Level 1:colcon.colcon_core.environment:checking '/home/yiming/training/train/ros_practice_for_ma/mannual_node/install/demo/lib/pkgconfig/demo.pc'
[1.376s] Level 1:colcon.colcon_core.environment:checking '/home/yiming/training/train/ros_practice_for_ma/mannual_node/install/demo/lib/python3.8/site-packages'
[1.376s] Level 1:colcon.colcon_core.environment:checking '/home/yiming/training/train/ros_practice_for_ma/mannual_node/install/demo/bin'
[1.378s] INFO:colcon.colcon_core.shell:Creating package script '/home/yiming/training/train/ros_practice_for_ma/mannual_node/install/demo/share/demo/package.ps1'
[1.378s] INFO:colcon.colcon_core.shell:Creating package descriptor '/home/yiming/training/train/ros_practice_for_ma/mannual_node/install/demo/share/demo/package.dsv'
[1.379s] INFO:colcon.colcon_core.shell:Creating package script '/home/yiming/training/train/ros_practice_for_ma/mannual_node/install/demo/share/demo/package.sh'
[1.379s] INFO:colcon.colcon_core.shell:Creating package script '/home/yiming/training/train/ros_practice_for_ma/mannual_node/install/demo/share/demo/package.bash'
[1.380s] INFO:colcon.colcon_core.shell:Creating package script '/home/yiming/training/train/ros_practice_for_ma/mannual_node/install/demo/share/demo/package.zsh'
[1.380s] Level 1:colcon.colcon_core.environment:create_file_with_runtime_dependencies(/home/yiming/training/train/ros_practice_for_ma/mannual_node/install/demo/share/colcon-core/packages/demo)
[1.458s] Level 1:colcon.colcon_core.environment:create_environment_scripts_only(demo)
[1.463s] Level 1:colcon.colcon_core.environment:checking '/home/yiming/training/train/ros_practice_for_ma/mannual_node/install/demo' for CMake module files
[1.463s] Level 1:colcon.colcon_core.environment:checking '/home/yiming/training/train/ros_practice_for_ma/mannual_node/install/demo' for CMake config files
[1.464s] Level 1:colcon.colcon_core.shell:create_environment_hook('demo', 'cmake_prefix_path')
[1.467s] INFO:colcon.colcon_core.shell:Creating environment hook '/home/yiming/training/train/ros_practice_for_ma/mannual_node/install/demo/share/demo/hook/cmake_prefix_path.ps1'
[1.467s] INFO:colcon.colcon_core.shell:Creating environment descriptor '/home/yiming/training/train/ros_practice_for_ma/mannual_node/install/demo/share/demo/hook/cmake_prefix_path.dsv'
[1.468s] INFO:colcon.colcon_core.shell:Creating environment hook '/home/yiming/training/train/ros_practice_for_ma/mannual_node/install/demo/share/demo/hook/cmake_prefix_path.sh'
[1.469s] Level 1:colcon.colcon_core.environment:checking '/home/yiming/training/train/ros_practice_for_ma/mannual_node/install/demo/bin'
[1.469s] Level 1:colcon.colcon_core.environment:checking '/home/yiming/training/train/ros_practice_for_ma/mannual_node/install/demo/lib/pkgconfig/demo.pc'
[1.469s] Level 1:colcon.colcon_core.environment:checking '/home/yiming/training/train/ros_practice_for_ma/mannual_node/install/demo/lib/python3.8/site-packages'
[1.469s] Level 1:colcon.colcon_core.environment:checking '/home/yiming/training/train/ros_practice_for_ma/mannual_node/install/demo/bin'
[1.473s] INFO:colcon.colcon_core.shell:Creating package script '/home/yiming/training/train/ros_practice_for_ma/mannual_node/install/demo/share/demo/package.ps1'
[1.473s] INFO:colcon.colcon_core.shell:Creating package descriptor '/home/yiming/training/train/ros_practice_for_ma/mannual_node/install/demo/share/demo/package.dsv'
[1.474s] INFO:colcon.colcon_core.shell:Creating package script '/home/yiming/training/train/ros_practice_for_ma/mannual_node/install/demo/share/demo/package.sh'
[1.475s] INFO:colcon.colcon_core.shell:Creating package script '/home/yiming/training/train/ros_practice_for_ma/mannual_node/install/demo/share/demo/package.bash'
[1.475s] INFO:colcon.colcon_core.shell:Creating package script '/home/yiming/training/train/ros_practice_for_ma/mannual_node/install/demo/share/demo/package.zsh'
[1.475s] Level 1:colcon.colcon_core.environment:create_file_with_runtime_dependencies(/home/yiming/training/train/ros_practice_for_ma/mannual_node/install/demo/share/colcon-core/packages/demo)
[1.959s] DEBUG:colcon.colcon_core.event_handler.log_command:Invoked command in '/home/yiming/training/train/ros_practice_for_ma/mannual_node/build/MA_susbriber' returned '1': CMAKE_PREFIX_PATH=${CMAKE_PREFIX_PATH}:/opt/ros/galactic /home/yiming/.local/bin/cmake /home/yiming/training/train/ros_practice_for_ma/mannual_node/src/MA_susbriber -DCMAKE_INSTALL_PREFIX=/home/yiming/training/train/ros_practice_for_ma/mannual_node/install/MA_susbriber
[2.012s] Level 1:colcon.colcon_core.environment:create_environment_scripts_only(MA_susbriber)
[2.016s] Level 1:colcon.colcon_core.environment:checking '/home/yiming/training/train/ros_practice_for_ma/mannual_node/install/MA_susbriber' for CMake module files
[2.017s] Level 1:colcon.colcon_core.environment:checking '/home/yiming/training/train/ros_practice_for_ma/mannual_node/install/MA_susbriber' for CMake config files
[2.018s] Level 1:colcon.colcon_core.environment:checking '/home/yiming/training/train/ros_practice_for_ma/mannual_node/install/MA_susbriber/bin'
[2.018s] Level 1:colcon.colcon_core.environment:checking '/home/yiming/training/train/ros_practice_for_ma/mannual_node/install/MA_susbriber/lib/pkgconfig/MA_susbriber.pc'
[2.018s] Level 1:colcon.colcon_core.environment:checking '/home/yiming/training/train/ros_practice_for_ma/mannual_node/install/MA_susbriber/lib/python3.8/site-packages'
[2.018s] Level 1:colcon.colcon_core.environment:checking '/home/yiming/training/train/ros_practice_for_ma/mannual_node/install/MA_susbriber/bin'
[2.021s] INFO:colcon.colcon_core.shell:Creating package script '/home/yiming/training/train/ros_practice_for_ma/mannual_node/install/MA_susbriber/share/MA_susbriber/package.ps1'
[2.022s] INFO:colcon.colcon_core.shell:Creating package descriptor '/home/yiming/training/train/ros_practice_for_ma/mannual_node/install/MA_susbriber/share/MA_susbriber/package.dsv'
[2.022s] INFO:colcon.colcon_core.shell:Creating package script '/home/yiming/training/train/ros_practice_for_ma/mannual_node/install/MA_susbriber/share/MA_susbriber/package.sh'
[2.023s] INFO:colcon.colcon_core.shell:Creating package script '/home/yiming/training/train/ros_practice_for_ma/mannual_node/install/MA_susbriber/share/MA_susbriber/package.bash'
[2.023s] INFO:colcon.colcon_core.shell:Creating package script '/home/yiming/training/train/ros_practice_for_ma/mannual_node/install/MA_susbriber/share/MA_susbriber/package.zsh'
[2.023s] Level 1:colcon.colcon_core.environment:create_file_with_runtime_dependencies(/home/yiming/training/train/ros_practice_for_ma/mannual_node/install/MA_susbriber/share/colcon-core/packages/MA_susbriber)
[2.042s] DEBUG:colcon.colcon_parallel_executor.executor.parallel:closing loop
[2.042s] DEBUG:colcon.colcon_parallel_executor.executor.parallel:loop closed
[2.043s] DEBUG:colcon.colcon_parallel_executor.executor.parallel:run_until_complete finished with '1'
[2.043s] DEBUG:colcon.colcon_core.event_reactor:joining thread
[2.054s] INFO:colcon.colcon_core.plugin_system:Skipping extension 'colcon_notification.desktop_notification.terminal_notifier': Not used on non-Darwin systems
[2.055s] INFO:colcon.colcon_core.plugin_system:Skipping extension 'colcon_notification.desktop_notification.win32': Not used on non-Windows systems
[2.055s] INFO:colcon.colcon_notification.desktop_notification:Sending desktop notification using 'notify2'
[2.077s] DEBUG:colcon.colcon_core.event_reactor:joined thread
[2.081s] INFO:colcon.colcon_core.shell:Creating prefix script '/home/yiming/training/train/ros_practice_for_ma/mannual_node/install/local_setup.ps1'
[2.083s] INFO:colcon.colcon_core.shell:Creating prefix util module '/home/yiming/training/train/ros_practice_for_ma/mannual_node/install/_local_setup_util_ps1.py'
[2.086s] INFO:colcon.colcon_core.shell:Creating prefix chain script '/home/yiming/training/train/ros_practice_for_ma/mannual_node/install/setup.ps1'
[2.089s] INFO:colcon.colcon_core.shell:Creating prefix script '/home/yiming/training/train/ros_practice_for_ma/mannual_node/install/local_setup.sh'
[2.090s] INFO:colcon.colcon_core.shell:Creating prefix util module '/home/yiming/training/train/ros_practice_for_ma/mannual_node/install/_local_setup_util_sh.py'
[2.091s] INFO:colcon.colcon_core.shell:Creating prefix chain script '/home/yiming/training/train/ros_practice_for_ma/mannual_node/install/setup.sh'
[2.093s] INFO:colcon.colcon_core.shell:Creating prefix script '/home/yiming/training/train/ros_practice_for_ma/mannual_node/install/local_setup.bash'
[2.094s] INFO:colcon.colcon_core.shell:Creating prefix chain script '/home/yiming/training/train/ros_practice_for_ma/mannual_node/install/setup.bash'
[2.096s] INFO:colcon.colcon_core.shell:Creating prefix script '/home/yiming/training/train/ros_practice_for_ma/mannual_node/install/local_setup.zsh'
[2.097s] INFO:colcon.colcon_core.shell:Creating prefix chain script '/home/yiming/training/train/ros_practice_for_ma/mannual_node/install/setup.zsh'
