[0.313s] DEBUG:colcon:Command line arguments: ['/usr/bin/colcon', 'build']
[0.313s] DEBUG:colcon:Parsed command line arguments: Namespace(allow_overriding=[], ament_cmake_args=None, base_paths=['.'], build_base='build', catkin_cmake_args=None, catkin_skip_building_tests=False, cmake_args=None, cmake_clean_cache=False, cmake_clean_first=False, cmake_force_configure=False, cmake_target=None, cmake_target_skip_unavailable=False, continue_on_error=False, event_handlers=None, executor='parallel', ignore_user_meta=False, install_base='install', log_base=None, log_level=None, main=<bound method BuildVerb.main of <colcon_core.verb.build.BuildVerb object at 0x7f34c876bee0>>, merge_install=False, metas=['./colcon.meta'], packages_above=None, packages_above_and_dependencies=None, packages_above_depth=None, packages_end=None, packages_ignore=None, packages_ignore_regex=None, packages_select=None, packages_select_build_failed=False, packages_select_by_dep=None, packages_select_regex=None, packages_select_test_failures=False, packages_skip=None, packages_skip_build_finished=False, packages_skip_by_dep=None, packages_skip_regex=None, packages_skip_test_passed=False, packages_skip_up_to=None, packages_start=None, packages_up_to=None, packages_up_to_regex=None, parallel_workers=16, paths=None, symlink_install=False, test_result_base=None, verb_extension=<colcon_core.verb.build.BuildVerb object at 0x7f34c876bee0>, verb_name='build', verb_parser=<colcon_defaults.argument_parser.defaults.DefaultArgumentsDecorator object at 0x7f34c8690700>)
[0.348s] Level 1:colcon.colcon_core.package_discovery:discover_packages(colcon_meta) check parameters
[0.348s] Level 1:colcon.colcon_core.package_discovery:discover_packages(recursive) check parameters
[0.349s] Level 1:colcon.colcon_core.package_discovery:discover_packages(ignore) check parameters
[0.349s] Level 1:colcon.colcon_core.package_discovery:discover_packages(path) check parameters
[0.349s] Level 1:colcon.colcon_core.package_discovery:discover_packages(colcon_meta) discover
[0.349s] Level 1:colcon.colcon_core.package_discovery:discover_packages(recursive) discover
[0.349s] INFO:colcon.colcon_core.package_discovery:Crawling recursively for packages in '/home/yiming/training/train/ros_practice_for_ma'
[0.349s] Level 1:colcon.colcon_core.package_identification:_identify(.) by extensions ['ignore', 'ignore_ament_install']
[0.349s] Level 1:colcon.colcon_core.package_identification:_identify(.) by extension 'ignore'
[0.349s] Level 1:colcon.colcon_core.package_identification:_identify(.) by extension 'ignore_ament_install'
[0.349s] Level 1:colcon.colcon_core.package_identification:_identify(.) by extensions ['colcon_pkg']
[0.349s] Level 1:colcon.colcon_core.package_identification:_identify(.) by extension 'colcon_pkg'
[0.349s] Level 1:colcon.colcon_core.package_identification:_identify(.) by extensions ['colcon_meta']
[0.349s] Level 1:colcon.colcon_core.package_identification:_identify(.) by extension 'colcon_meta'
[0.349s] Level 1:colcon.colcon_core.package_identification:_identify(.) by extensions ['ros']
[0.349s] Level 1:colcon.colcon_core.package_identification:_identify(.) by extension 'ros'
[0.361s] Level 1:colcon.colcon_core.package_identification:_identify(.) by extensions ['cmake', 'python']
[0.361s] Level 1:colcon.colcon_core.package_identification:_identify(.) by extension 'cmake'
[0.361s] Level 1:colcon.colcon_core.package_identification:_identify(.) by extension 'python'
[0.362s] Level 1:colcon.colcon_core.package_identification:_identify(.) by extensions ['python_setup_py']
[0.362s] Level 1:colcon.colcon_core.package_identification:_identify(.) by extension 'python_setup_py'
[0.362s] Level 1:colcon.colcon_core.package_identification:_identify(build) by extensions ['ignore', 'ignore_ament_install']
[0.362s] Level 1:colcon.colcon_core.package_identification:_identify(build) by extension 'ignore'
[0.362s] Level 1:colcon.colcon_core.package_identification:_identify(build) ignored
[0.362s] Level 1:colcon.colcon_core.package_identification:_identify(install) by extensions ['ignore', 'ignore_ament_install']
[0.362s] Level 1:colcon.colcon_core.package_identification:_identify(install) by extension 'ignore'
[0.362s] Level 1:colcon.colcon_core.package_identification:_identify(install) ignored
[0.362s] Level 1:colcon.colcon_core.package_identification:_identify(log) by extensions ['ignore', 'ignore_ament_install']
[0.362s] Level 1:colcon.colcon_core.package_identification:_identify(log) by extension 'ignore'
[0.362s] Level 1:colcon.colcon_core.package_identification:_identify(log) ignored
[0.362s] Level 1:colcon.colcon_core.package_identification:_identify(mannual_node) by extensions ['ignore', 'ignore_ament_install']
[0.363s] Level 1:colcon.colcon_core.package_identification:_identify(mannual_node) by extension 'ignore'
[0.363s] Level 1:colcon.colcon_core.package_identification:_identify(mannual_node) by extension 'ignore_ament_install'
[0.363s] Level 1:colcon.colcon_core.package_identification:_identify(mannual_node) by extensions ['colcon_pkg']
[0.363s] Level 1:colcon.colcon_core.package_identification:_identify(mannual_node) by extension 'colcon_pkg'
[0.363s] Level 1:colcon.colcon_core.package_identification:_identify(mannual_node) by extensions ['colcon_meta']
[0.363s] Level 1:colcon.colcon_core.package_identification:_identify(mannual_node) by extension 'colcon_meta'
[0.363s] Level 1:colcon.colcon_core.package_identification:_identify(mannual_node) by extensions ['ros']
[0.363s] Level 1:colcon.colcon_core.package_identification:_identify(mannual_node) by extension 'ros'
[0.363s] Level 1:colcon.colcon_core.package_identification:_identify(mannual_node) by extensions ['cmake', 'python']
[0.363s] Level 1:colcon.colcon_core.package_identification:_identify(mannual_node) by extension 'cmake'
[0.363s] Level 1:colcon.colcon_core.package_identification:_identify(mannual_node) by extension 'python'
[0.363s] Level 1:colcon.colcon_core.package_identification:_identify(mannual_node) by extensions ['python_setup_py']
[0.363s] Level 1:colcon.colcon_core.package_identification:_identify(mannual_node) by extension 'python_setup_py'
[0.363s] Level 1:colcon.colcon_core.package_identification:_identify(mannual_node/src) by extensions ['ignore', 'ignore_ament_install']
[0.363s] Level 1:colcon.colcon_core.package_identification:_identify(mannual_node/src) by extension 'ignore'
[0.363s] Level 1:colcon.colcon_core.package_identification:_identify(mannual_node/src) by extension 'ignore_ament_install'
[0.363s] Level 1:colcon.colcon_core.package_identification:_identify(mannual_node/src) by extensions ['colcon_pkg']
[0.364s] Level 1:colcon.colcon_core.package_identification:_identify(mannual_node/src) by extension 'colcon_pkg'
[0.364s] Level 1:colcon.colcon_core.package_identification:_identify(mannual_node/src) by extensions ['colcon_meta']
[0.364s] Level 1:colcon.colcon_core.package_identification:_identify(mannual_node/src) by extension 'colcon_meta'
[0.364s] Level 1:colcon.colcon_core.package_identification:_identify(mannual_node/src) by extensions ['ros']
[0.364s] Level 1:colcon.colcon_core.package_identification:_identify(mannual_node/src) by extension 'ros'
[0.364s] Level 1:colcon.colcon_core.package_identification:_identify(mannual_node/src) by extensions ['cmake', 'python']
[0.364s] Level 1:colcon.colcon_core.package_identification:_identify(mannual_node/src) by extension 'cmake'
[0.364s] Level 1:colcon.colcon_core.package_identification:_identify(mannual_node/src) by extension 'python'
[0.364s] Level 1:colcon.colcon_core.package_identification:_identify(mannual_node/src) by extensions ['python_setup_py']
[0.364s] Level 1:colcon.colcon_core.package_identification:_identify(mannual_node/src) by extension 'python_setup_py'
[0.364s] Level 1:colcon.colcon_core.package_identification:_identify(mannual_node/src/demo) by extensions ['ignore', 'ignore_ament_install']
[0.364s] Level 1:colcon.colcon_core.package_identification:_identify(mannual_node/src/demo) by extension 'ignore'
[0.364s] Level 1:colcon.colcon_core.package_identification:_identify(mannual_node/src/demo) by extension 'ignore_ament_install'
[0.364s] Level 1:colcon.colcon_core.package_identification:_identify(mannual_node/src/demo) by extensions ['colcon_pkg']
[0.364s] Level 1:colcon.colcon_core.package_identification:_identify(mannual_node/src/demo) by extension 'colcon_pkg'
[0.364s] Level 1:colcon.colcon_core.package_identification:_identify(mannual_node/src/demo) by extensions ['colcon_meta']
[0.364s] Level 1:colcon.colcon_core.package_identification:_identify(mannual_node/src/demo) by extension 'colcon_meta'
[0.365s] Level 1:colcon.colcon_core.package_identification:_identify(mannual_node/src/demo) by extensions ['ros']
[0.365s] Level 1:colcon.colcon_core.package_identification:_identify(mannual_node/src/demo) by extension 'ros'
[0.367s] DEBUG:colcon.colcon_core.package_identification:Package 'mannual_node/src/demo' with type 'ros.ament_cmake' and name 'demo'
[0.367s] Level 1:colcon.colcon_core.package_identification:_identify(mannual_node/src/training1_for_ma) by extensions ['ignore', 'ignore_ament_install']
[0.367s] Level 1:colcon.colcon_core.package_identification:_identify(mannual_node/src/training1_for_ma) by extension 'ignore'
[0.367s] Level 1:colcon.colcon_core.package_identification:_identify(mannual_node/src/training1_for_ma) by extension 'ignore_ament_install'
[0.367s] Level 1:colcon.colcon_core.package_identification:_identify(mannual_node/src/training1_for_ma) by extensions ['colcon_pkg']
[0.367s] Level 1:colcon.colcon_core.package_identification:_identify(mannual_node/src/training1_for_ma) by extension 'colcon_pkg'
[0.367s] Level 1:colcon.colcon_core.package_identification:_identify(mannual_node/src/training1_for_ma) by extensions ['colcon_meta']
[0.367s] Level 1:colcon.colcon_core.package_identification:_identify(mannual_node/src/training1_for_ma) by extension 'colcon_meta'
[0.367s] Level 1:colcon.colcon_core.package_identification:_identify(mannual_node/src/training1_for_ma) by extensions ['ros']
[0.367s] Level 1:colcon.colcon_core.package_identification:_identify(mannual_node/src/training1_for_ma) by extension 'ros'
[0.368s] DEBUG:colcon.colcon_core.package_identification:Package 'mannual_node/src/training1_for_ma' with type 'ros.ament_cmake' and name 'training1_for_ma'
[0.368s] Level 1:colcon.colcon_core.package_discovery:discover_packages(recursive) using defaults
[0.368s] Level 1:colcon.colcon_core.package_discovery:discover_packages(ignore) discover
[0.368s] Level 1:colcon.colcon_core.package_discovery:discover_packages(ignore) using defaults
[0.368s] Level 1:colcon.colcon_core.package_discovery:discover_packages(path) discover
[0.368s] Level 1:colcon.colcon_core.package_discovery:discover_packages(path) using defaults
[0.389s] Level 1:colcon.colcon_core.package_discovery:discover_packages(prefix_path) check parameters
[0.389s] Level 1:colcon.colcon_core.package_discovery:discover_packages(prefix_path) discover
[0.393s] DEBUG:colcon.colcon_installed_package_information.package_discovery:Found 264 installed packages in /opt/ros/galactic
[0.395s] Level 1:colcon.colcon_core.package_discovery:discover_packages(prefix_path) using defaults
[0.449s] Level 5:colcon.colcon_core.verb:set package 'demo' build argument 'cmake_args' from command line to 'None'
[0.449s] Level 5:colcon.colcon_core.verb:set package 'demo' build argument 'cmake_target' from command line to 'None'
[0.449s] Level 5:colcon.colcon_core.verb:set package 'demo' build argument 'cmake_target_skip_unavailable' from command line to 'False'
[0.449s] Level 5:colcon.colcon_core.verb:set package 'demo' build argument 'cmake_clean_cache' from command line to 'False'
[0.449s] Level 5:colcon.colcon_core.verb:set package 'demo' build argument 'cmake_clean_first' from command line to 'False'
[0.450s] Level 5:colcon.colcon_core.verb:set package 'demo' build argument 'cmake_force_configure' from command line to 'False'
[0.450s] Level 5:colcon.colcon_core.verb:set package 'demo' build argument 'ament_cmake_args' from command line to 'None'
[0.450s] Level 5:colcon.colcon_core.verb:set package 'demo' build argument 'catkin_cmake_args' from command line to 'None'
[0.450s] Level 5:colcon.colcon_core.verb:set package 'demo' build argument 'catkin_skip_building_tests' from command line to 'False'
[0.450s] DEBUG:colcon.colcon_core.verb:Building package 'demo' with the following arguments: {'ament_cmake_args': None, 'build_base': '/home/yiming/training/train/ros_practice_for_ma/build/demo', 'catkin_cmake_args': None, 'catkin_skip_building_tests': False, 'cmake_args': None, 'cmake_clean_cache': False, 'cmake_clean_first': False, 'cmake_force_configure': False, 'cmake_target': None, 'cmake_target_skip_unavailable': False, 'install_base': '/home/yiming/training/train/ros_practice_for_ma/install/demo', 'merge_install': False, 'path': '/home/yiming/training/train/ros_practice_for_ma/mannual_node/src/demo', 'symlink_install': False, 'test_result_base': None}
[0.452s] Level 5:colcon.colcon_core.verb:set package 'training1_for_ma' build argument 'cmake_args' from command line to 'None'
[0.452s] Level 5:colcon.colcon_core.verb:set package 'training1_for_ma' build argument 'cmake_target' from command line to 'None'
[0.452s] Level 5:colcon.colcon_core.verb:set package 'training1_for_ma' build argument 'cmake_target_skip_unavailable' from command line to 'False'
[0.452s] Level 5:colcon.colcon_core.verb:set package 'training1_for_ma' build argument 'cmake_clean_cache' from command line to 'False'
[0.452s] Level 5:colcon.colcon_core.verb:set package 'training1_for_ma' build argument 'cmake_clean_first' from command line to 'False'
[0.452s] Level 5:colcon.colcon_core.verb:set package 'training1_for_ma' build argument 'cmake_force_configure' from command line to 'False'
[0.452s] Level 5:colcon.colcon_core.verb:set package 'training1_for_ma' build argument 'ament_cmake_args' from command line to 'None'
[0.452s] Level 5:colcon.colcon_core.verb:set package 'training1_for_ma' build argument 'catkin_cmake_args' from command line to 'None'
[0.452s] Level 5:colcon.colcon_core.verb:set package 'training1_for_ma' build argument 'catkin_skip_building_tests' from command line to 'False'
[0.452s] DEBUG:colcon.colcon_core.verb:Building package 'training1_for_ma' with the following arguments: {'ament_cmake_args': None, 'build_base': '/home/yiming/training/train/ros_practice_for_ma/build/training1_for_ma', 'catkin_cmake_args': None, 'catkin_skip_building_tests': False, 'cmake_args': None, 'cmake_clean_cache': False, 'cmake_clean_first': False, 'cmake_force_configure': False, 'cmake_target': None, 'cmake_target_skip_unavailable': False, 'install_base': '/home/yiming/training/train/ros_practice_for_ma/install/training1_for_ma', 'merge_install': False, 'path': '/home/yiming/training/train/ros_practice_for_ma/mannual_node/src/training1_for_ma', 'symlink_install': False, 'test_result_base': None}
[0.454s] INFO:colcon.colcon_core.executor:Executing jobs using 'parallel' executor
[0.458s] DEBUG:colcon.colcon_parallel_executor.executor.parallel:run_until_complete
[0.459s] INFO:colcon.colcon_ros.task.ament_cmake.build:Building ROS package in '/home/yiming/training/train/ros_practice_for_ma/mannual_node/src/demo' with build type 'ament_cmake'
[0.459s] INFO:colcon.colcon_cmake.task.cmake.build:Building CMake package in '/home/yiming/training/train/ros_practice_for_ma/mannual_node/src/demo'
[0.465s] INFO:colcon.colcon_core.plugin_system:Skipping extension 'colcon_core.shell.bat': Not used on non-Windows systems
[0.465s] INFO:colcon.colcon_core.shell:Skip shell extension 'powershell' for command environment: Not usable outside of PowerShell
[0.465s] DEBUG:colcon.colcon_core.shell:Skip shell extension 'dsv' for command environment
[0.472s] INFO:colcon.colcon_ros.task.ament_cmake.build:Building ROS package in '/home/yiming/training/train/ros_practice_for_ma/mannual_node/src/training1_for_ma' with build type 'ament_cmake'
[0.473s] INFO:colcon.colcon_cmake.task.cmake.build:Building CMake package in '/home/yiming/training/train/ros_practice_for_ma/mannual_node/src/training1_for_ma'
[0.478s] INFO:colcon.colcon_core.shell:Skip shell extension 'powershell' for command environment: Not usable outside of PowerShell
[0.478s] DEBUG:colcon.colcon_core.shell:Skip shell extension 'dsv' for command environment
[0.500s] DEBUG:colcon.colcon_core.event_handler.log_command:Invoking command in '/home/yiming/training/train/ros_practice_for_ma/build/demo': CMAKE_PREFIX_PATH=/opt/ros/galactic /home/yiming/.local/bin/cmake --build /home/yiming/training/train/ros_practice_for_ma/build/demo -- -j16 -l16
[0.512s] DEBUG:colcon.colcon_core.event_handler.log_command:Invoking command in '/home/yiming/training/train/ros_practice_for_ma/build/training1_for_ma': CMAKE_PREFIX_PATH=/opt/ros/galactic /home/yiming/.local/bin/cmake --build /home/yiming/training/train/ros_practice_for_ma/build/training1_for_ma -- -j16 -l16
[0.572s] DEBUG:colcon.colcon_core.event_handler.log_command:Invoked command in '/home/yiming/training/train/ros_practice_for_ma/build/demo' returned '0': CMAKE_PREFIX_PATH=/opt/ros/galactic /home/yiming/.local/bin/cmake --build /home/yiming/training/train/ros_practice_for_ma/build/demo -- -j16 -l16
[0.677s] DEBUG:colcon.colcon_core.event_handler.log_command:Invoking command in '/home/yiming/training/train/ros_practice_for_ma/build/demo': CMAKE_PREFIX_PATH=/opt/ros/galactic /home/yiming/.local/bin/cmake --install /home/yiming/training/train/ros_practice_for_ma/build/demo
[0.720s] Level 1:colcon.colcon_core.environment:create_environment_scripts_only(demo)
[0.723s] DEBUG:colcon.colcon_core.event_handler.log_command:Invoked command in '/home/yiming/training/train/ros_practice_for_ma/build/demo' returned '0': CMAKE_PREFIX_PATH=/opt/ros/galactic /home/yiming/.local/bin/cmake --install /home/yiming/training/train/ros_practice_for_ma/build/demo
[0.730s] Level 1:colcon.colcon_core.environment:checking '/home/yiming/training/train/ros_practice_for_ma/install/demo' for CMake module files
[0.731s] Level 1:colcon.colcon_core.environment:checking '/home/yiming/training/train/ros_practice_for_ma/install/demo' for CMake config files
[0.731s] Level 1:colcon.colcon_core.shell:create_environment_hook('demo', 'cmake_prefix_path')
[0.733s] INFO:colcon.colcon_core.shell:Creating environment hook '/home/yiming/training/train/ros_practice_for_ma/install/demo/share/demo/hook/cmake_prefix_path.ps1'
[0.733s] INFO:colcon.colcon_core.shell:Creating environment descriptor '/home/yiming/training/train/ros_practice_for_ma/install/demo/share/demo/hook/cmake_prefix_path.dsv'
[0.734s] INFO:colcon.colcon_core.shell:Creating environment hook '/home/yiming/training/train/ros_practice_for_ma/install/demo/share/demo/hook/cmake_prefix_path.sh'
[0.735s] Level 1:colcon.colcon_core.environment:checking '/home/yiming/training/train/ros_practice_for_ma/install/demo/bin'
[0.735s] Level 1:colcon.colcon_core.environment:checking '/home/yiming/training/train/ros_practice_for_ma/install/demo/lib/pkgconfig/demo.pc'
[0.735s] Level 1:colcon.colcon_core.environment:checking '/home/yiming/training/train/ros_practice_for_ma/install/demo/lib/python3.8/site-packages'
[0.735s] Level 1:colcon.colcon_core.environment:checking '/home/yiming/training/train/ros_practice_for_ma/install/demo/bin'
[0.737s] INFO:colcon.colcon_core.shell:Creating package script '/home/yiming/training/train/ros_practice_for_ma/install/demo/share/demo/package.ps1'
[0.737s] INFO:colcon.colcon_core.shell:Creating package descriptor '/home/yiming/training/train/ros_practice_for_ma/install/demo/share/demo/package.dsv'
[0.738s] INFO:colcon.colcon_core.shell:Creating package script '/home/yiming/training/train/ros_practice_for_ma/install/demo/share/demo/package.sh'
[0.738s] INFO:colcon.colcon_core.shell:Creating package script '/home/yiming/training/train/ros_practice_for_ma/install/demo/share/demo/package.bash'
[0.739s] INFO:colcon.colcon_core.shell:Creating package script '/home/yiming/training/train/ros_practice_for_ma/install/demo/share/demo/package.zsh'
[0.740s] Level 1:colcon.colcon_core.environment:create_file_with_runtime_dependencies(/home/yiming/training/train/ros_practice_for_ma/install/demo/share/colcon-core/packages/demo)
[0.813s] Level 1:colcon.colcon_core.environment:create_environment_scripts_only(demo)
[0.817s] Level 1:colcon.colcon_core.environment:checking '/home/yiming/training/train/ros_practice_for_ma/install/demo' for CMake module files
[0.818s] Level 1:colcon.colcon_core.environment:checking '/home/yiming/training/train/ros_practice_for_ma/install/demo' for CMake config files
[0.818s] Level 1:colcon.colcon_core.shell:create_environment_hook('demo', 'cmake_prefix_path')
[0.820s] INFO:colcon.colcon_core.shell:Creating environment hook '/home/yiming/training/train/ros_practice_for_ma/install/demo/share/demo/hook/cmake_prefix_path.ps1'
[0.821s] INFO:colcon.colcon_core.shell:Creating environment descriptor '/home/yiming/training/train/ros_practice_for_ma/install/demo/share/demo/hook/cmake_prefix_path.dsv'
[0.821s] INFO:colcon.colcon_core.shell:Creating environment hook '/home/yiming/training/train/ros_practice_for_ma/install/demo/share/demo/hook/cmake_prefix_path.sh'
[0.822s] Level 1:colcon.colcon_core.environment:checking '/home/yiming/training/train/ros_practice_for_ma/install/demo/bin'
[0.822s] Level 1:colcon.colcon_core.environment:checking '/home/yiming/training/train/ros_practice_for_ma/install/demo/lib/pkgconfig/demo.pc'
[0.822s] Level 1:colcon.colcon_core.environment:checking '/home/yiming/training/train/ros_practice_for_ma/install/demo/lib/python3.8/site-packages'
[0.822s] Level 1:colcon.colcon_core.environment:checking '/home/yiming/training/train/ros_practice_for_ma/install/demo/bin'
[0.823s] INFO:colcon.colcon_core.shell:Creating package script '/home/yiming/training/train/ros_practice_for_ma/install/demo/share/demo/package.ps1'
[0.824s] INFO:colcon.colcon_core.shell:Creating package descriptor '/home/yiming/training/train/ros_practice_for_ma/install/demo/share/demo/package.dsv'
[0.824s] INFO:colcon.colcon_core.shell:Creating package script '/home/yiming/training/train/ros_practice_for_ma/install/demo/share/demo/package.sh'
[0.825s] INFO:colcon.colcon_core.shell:Creating package script '/home/yiming/training/train/ros_practice_for_ma/install/demo/share/demo/package.bash'
[0.825s] INFO:colcon.colcon_core.shell:Creating package script '/home/yiming/training/train/ros_practice_for_ma/install/demo/share/demo/package.zsh'
[0.825s] Level 1:colcon.colcon_core.environment:create_file_with_runtime_dependencies(/home/yiming/training/train/ros_practice_for_ma/install/demo/share/colcon-core/packages/demo)
[6.187s] DEBUG:colcon.colcon_core.event_handler.log_command:Invoked command in '/home/yiming/training/train/ros_practice_for_ma/build/training1_for_ma' returned '0': CMAKE_PREFIX_PATH=/opt/ros/galactic /home/yiming/.local/bin/cmake --build /home/yiming/training/train/ros_practice_for_ma/build/training1_for_ma -- -j16 -l16
[6.270s] DEBUG:colcon.colcon_core.event_handler.log_command:Invoking command in '/home/yiming/training/train/ros_practice_for_ma/build/training1_for_ma': CMAKE_PREFIX_PATH=/opt/ros/galactic /home/yiming/.local/bin/cmake --install /home/yiming/training/train/ros_practice_for_ma/build/training1_for_ma
[6.316s] Level 1:colcon.colcon_core.environment:create_environment_scripts_only(training1_for_ma)
[6.320s] Level 1:colcon.colcon_core.environment:checking '/home/yiming/training/train/ros_practice_for_ma/install/training1_for_ma' for CMake module files
[6.322s] DEBUG:colcon.colcon_core.event_handler.log_command:Invoked command in '/home/yiming/training/train/ros_practice_for_ma/build/training1_for_ma' returned '0': CMAKE_PREFIX_PATH=/opt/ros/galactic /home/yiming/.local/bin/cmake --install /home/yiming/training/train/ros_practice_for_ma/build/training1_for_ma
[6.323s] Level 1:colcon.colcon_core.environment:checking '/home/yiming/training/train/ros_practice_for_ma/install/training1_for_ma' for CMake config files
[6.323s] Level 1:colcon.colcon_core.shell:create_environment_hook('training1_for_ma', 'cmake_prefix_path')
[6.326s] INFO:colcon.colcon_core.shell:Creating environment hook '/home/yiming/training/train/ros_practice_for_ma/install/training1_for_ma/share/training1_for_ma/hook/cmake_prefix_path.ps1'
[6.327s] INFO:colcon.colcon_core.shell:Creating environment descriptor '/home/yiming/training/train/ros_practice_for_ma/install/training1_for_ma/share/training1_for_ma/hook/cmake_prefix_path.dsv'
[6.328s] INFO:colcon.colcon_core.shell:Creating environment hook '/home/yiming/training/train/ros_practice_for_ma/install/training1_for_ma/share/training1_for_ma/hook/cmake_prefix_path.sh'
[6.328s] Level 1:colcon.colcon_core.environment:checking '/home/yiming/training/train/ros_practice_for_ma/install/training1_for_ma/lib'
[6.329s] Level 1:colcon.colcon_core.environment:checking '/home/yiming/training/train/ros_practice_for_ma/install/training1_for_ma/bin'
[6.329s] Level 1:colcon.colcon_core.environment:checking '/home/yiming/training/train/ros_practice_for_ma/install/training1_for_ma/lib/pkgconfig/training1_for_ma.pc'
[6.329s] Level 1:colcon.colcon_core.environment:checking '/home/yiming/training/train/ros_practice_for_ma/install/training1_for_ma/lib/python3.8/site-packages'
[6.330s] Level 1:colcon.colcon_core.environment:checking '/home/yiming/training/train/ros_practice_for_ma/install/training1_for_ma/bin'
[6.333s] INFO:colcon.colcon_core.shell:Creating package script '/home/yiming/training/train/ros_practice_for_ma/install/training1_for_ma/share/training1_for_ma/package.ps1'
[6.333s] INFO:colcon.colcon_core.shell:Creating package descriptor '/home/yiming/training/train/ros_practice_for_ma/install/training1_for_ma/share/training1_for_ma/package.dsv'
[6.334s] INFO:colcon.colcon_core.shell:Creating package script '/home/yiming/training/train/ros_practice_for_ma/install/training1_for_ma/share/training1_for_ma/package.sh'
[6.335s] INFO:colcon.colcon_core.shell:Creating package script '/home/yiming/training/train/ros_practice_for_ma/install/training1_for_ma/share/training1_for_ma/package.bash'
[6.335s] INFO:colcon.colcon_core.shell:Creating package script '/home/yiming/training/train/ros_practice_for_ma/install/training1_for_ma/share/training1_for_ma/package.zsh'
[6.335s] Level 1:colcon.colcon_core.environment:create_file_with_runtime_dependencies(/home/yiming/training/train/ros_practice_for_ma/install/training1_for_ma/share/colcon-core/packages/training1_for_ma)
[6.418s] Level 1:colcon.colcon_core.environment:create_environment_scripts_only(training1_for_ma)
[6.424s] Level 1:colcon.colcon_core.environment:checking '/home/yiming/training/train/ros_practice_for_ma/install/training1_for_ma' for CMake module files
[6.425s] Level 1:colcon.colcon_core.environment:checking '/home/yiming/training/train/ros_practice_for_ma/install/training1_for_ma' for CMake config files
[6.425s] Level 1:colcon.colcon_core.shell:create_environment_hook('training1_for_ma', 'cmake_prefix_path')
[6.429s] INFO:colcon.colcon_core.shell:Creating environment hook '/home/yiming/training/train/ros_practice_for_ma/install/training1_for_ma/share/training1_for_ma/hook/cmake_prefix_path.ps1'
[6.430s] INFO:colcon.colcon_core.shell:Creating environment descriptor '/home/yiming/training/train/ros_practice_for_ma/install/training1_for_ma/share/training1_for_ma/hook/cmake_prefix_path.dsv'
[6.430s] INFO:colcon.colcon_core.shell:Creating environment hook '/home/yiming/training/train/ros_practice_for_ma/install/training1_for_ma/share/training1_for_ma/hook/cmake_prefix_path.sh'
[6.431s] Level 1:colcon.colcon_core.environment:checking '/home/yiming/training/train/ros_practice_for_ma/install/training1_for_ma/lib'
[6.431s] Level 1:colcon.colcon_core.environment:checking '/home/yiming/training/train/ros_practice_for_ma/install/training1_for_ma/bin'
[6.431s] Level 1:colcon.colcon_core.environment:checking '/home/yiming/training/train/ros_practice_for_ma/install/training1_for_ma/lib/pkgconfig/training1_for_ma.pc'
[6.432s] Level 1:colcon.colcon_core.environment:checking '/home/yiming/training/train/ros_practice_for_ma/install/training1_for_ma/lib/python3.8/site-packages'
[6.432s] Level 1:colcon.colcon_core.environment:checking '/home/yiming/training/train/ros_practice_for_ma/install/training1_for_ma/bin'
[6.433s] INFO:colcon.colcon_core.shell:Creating package script '/home/yiming/training/train/ros_practice_for_ma/install/training1_for_ma/share/training1_for_ma/package.ps1'
[6.433s] INFO:colcon.colcon_core.shell:Creating package descriptor '/home/yiming/training/train/ros_practice_for_ma/install/training1_for_ma/share/training1_for_ma/package.dsv'
[6.434s] INFO:colcon.colcon_core.shell:Creating package script '/home/yiming/training/train/ros_practice_for_ma/install/training1_for_ma/share/training1_for_ma/package.sh'
[6.434s] INFO:colcon.colcon_core.shell:Creating package script '/home/yiming/training/train/ros_practice_for_ma/install/training1_for_ma/share/training1_for_ma/package.bash'
[6.435s] INFO:colcon.colcon_core.shell:Creating package script '/home/yiming/training/train/ros_practice_for_ma/install/training1_for_ma/share/training1_for_ma/package.zsh'
[6.435s] Level 1:colcon.colcon_core.environment:create_file_with_runtime_dependencies(/home/yiming/training/train/ros_practice_for_ma/install/training1_for_ma/share/colcon-core/packages/training1_for_ma)
[6.435s] DEBUG:colcon.colcon_parallel_executor.executor.parallel:closing loop
[6.436s] DEBUG:colcon.colcon_parallel_executor.executor.parallel:loop closed
[6.436s] DEBUG:colcon.colcon_parallel_executor.executor.parallel:run_until_complete finished with '0'
[6.436s] DEBUG:colcon.colcon_core.event_reactor:joining thread
[6.446s] INFO:colcon.colcon_core.plugin_system:Skipping extension 'colcon_notification.desktop_notification.terminal_notifier': Not used on non-Darwin systems
[6.446s] INFO:colcon.colcon_core.plugin_system:Skipping extension 'colcon_notification.desktop_notification.win32': Not used on non-Windows systems
[6.446s] INFO:colcon.colcon_notification.desktop_notification:Sending desktop notification using 'notify2'
[6.470s] DEBUG:colcon.colcon_core.event_reactor:joined thread
[6.474s] INFO:colcon.colcon_core.shell:Creating prefix script '/home/yiming/training/train/ros_practice_for_ma/install/local_setup.ps1'
[6.475s] INFO:colcon.colcon_core.shell:Creating prefix util module '/home/yiming/training/train/ros_practice_for_ma/install/_local_setup_util_ps1.py'
[6.478s] INFO:colcon.colcon_core.shell:Creating prefix chain script '/home/yiming/training/train/ros_practice_for_ma/install/setup.ps1'
[6.480s] INFO:colcon.colcon_core.shell:Creating prefix script '/home/yiming/training/train/ros_practice_for_ma/install/local_setup.sh'
[6.481s] INFO:colcon.colcon_core.shell:Creating prefix util module '/home/yiming/training/train/ros_practice_for_ma/install/_local_setup_util_sh.py'
[6.482s] INFO:colcon.colcon_core.shell:Creating prefix chain script '/home/yiming/training/train/ros_practice_for_ma/install/setup.sh'
[6.485s] INFO:colcon.colcon_core.shell:Creating prefix script '/home/yiming/training/train/ros_practice_for_ma/install/local_setup.bash'
[6.486s] INFO:colcon.colcon_core.shell:Creating prefix chain script '/home/yiming/training/train/ros_practice_for_ma/install/setup.bash'
[6.489s] INFO:colcon.colcon_core.shell:Creating prefix script '/home/yiming/training/train/ros_practice_for_ma/install/local_setup.zsh'
[6.489s] INFO:colcon.colcon_core.shell:Creating prefix chain script '/home/yiming/training/train/ros_practice_for_ma/install/setup.zsh'
