-- Found ament_cmake: 1.1.6 (/opt/ros/galactic/share/ament_cmake/cmake)
-- Using PYTHON_EXECUTABLE: /usr/bin/python3
-- Found rclcpp: 9.2.2 (/opt/ros/galactic/share/rclcpp/cmake)
-- Using all available rosidl_typesupport_c: rosidl_typesupport_fastrtps_c;rosidl_typesupport_introspection_c
-- Found rosidl_adapter: 2.2.3 (/opt/ros/galactic/share/rosidl_adapter/cmake)
-- Using all available rosidl_typesupport_cpp: rosidl_typesupport_fastrtps_cpp;rosidl_typesupport_introspection_cpp
-- Found rmw_implementation_cmake: 3.3.1 (/opt/ros/galactic/share/rmw_implementation_cmake/cmake)
-- Found rmw_cyclonedds_cpp: 0.22.6 (/opt/ros/galactic/share/rmw_cyclonedds_cpp/cmake)
-- Using RMW implementation 'rmw_cyclonedds_cpp' as default
-- Found ament_lint_auto: 0.10.7 (/opt/ros/galactic/share/ament_lint_auto/cmake)
-- Added test 'copyright' to check source files copyright and LICENSE
-- Added test 'cppcheck' to perform static code analysis on C / C++ code
-- Configured cppcheck include dirs: /home/yiming/training/train/ros_practice_for_ma/mannual_node/src/MA_susbriber/include
-- Configured cppcheck exclude dirs and/or files: 
-- Added test 'cpplint' to check C / C++ code against the Google style
-- Configured cpplint exclude dirs and/or files: 
-- Added test 'lint_cmake' to check CMake code style
-- Added test 'uncrustify' to check C / C++ code style
-- Configured uncrustify additional arguments: 
-- Added test 'xmllint' to check XML markup files
-- Configuring done (0.6s)
-- Generating done (0.0s)
-- Build files have been written to: /home/yiming/training/train/ros_practice_for_ma/mannual_node/build/MA_susbriber
[ 50%] [32mBuilding CXX object CMakeFiles/MA_subscriber.dir/src/MA_train_subsriber.cpp.o[0m
[100%] [32m[1mLinking CXX executable MA_subscriber[0m
[100%] Built target MA_subscriber
-- Install configuration: ""
-- Installing: /home/yiming/training/train/ros_practice_for_ma/mannual_node/install/MA_susbriber/lib/MA_susbriber/MA_subscriber
-- Set runtime path of "/home/yiming/training/train/ros_practice_for_ma/mannual_node/install/MA_susbriber/lib/MA_susbriber/MA_subscriber" to ""
-- Installing: /home/yiming/training/train/ros_practice_for_ma/mannual_node/install/MA_susbriber/share/ament_index/resource_index/package_run_dependencies/MA_susbriber
-- Installing: /home/yiming/training/train/ros_practice_for_ma/mannual_node/install/MA_susbriber/share/ament_index/resource_index/parent_prefix_path/MA_susbriber
-- Installing: /home/yiming/training/train/ros_practice_for_ma/mannual_node/install/MA_susbriber/share/MA_susbriber/environment/ament_prefix_path.sh
-- Installing: /home/yiming/training/train/ros_practice_for_ma/mannual_node/install/MA_susbriber/share/MA_susbriber/environment/ament_prefix_path.dsv
-- Installing: /home/yiming/training/train/ros_practice_for_ma/mannual_node/install/MA_susbriber/share/MA_susbriber/environment/path.sh
-- Installing: /home/yiming/training/train/ros_practice_for_ma/mannual_node/install/MA_susbriber/share/MA_susbriber/environment/path.dsv
-- Installing: /home/yiming/training/train/ros_practice_for_ma/mannual_node/install/MA_susbriber/share/MA_susbriber/local_setup.bash
-- Installing: /home/yiming/training/train/ros_practice_for_ma/mannual_node/install/MA_susbriber/share/MA_susbriber/local_setup.sh
-- Installing: /home/yiming/training/train/ros_practice_for_ma/mannual_node/install/MA_susbriber/share/MA_susbriber/local_setup.zsh
-- Installing: /home/yiming/training/train/ros_practice_for_ma/mannual_node/install/MA_susbriber/share/MA_susbriber/local_setup.dsv
-- Installing: /home/yiming/training/train/ros_practice_for_ma/mannual_node/install/MA_susbriber/share/MA_susbriber/package.dsv
-- Installing: /home/yiming/training/train/ros_practice_for_ma/mannual_node/install/MA_susbriber/share/ament_index/resource_index/packages/MA_susbriber
-- Installing: /home/yiming/training/train/ros_practice_for_ma/mannual_node/install/MA_susbriber/share/MA_susbriber/cmake/MA_susbriberConfig.cmake
-- Installing: /home/yiming/training/train/ros_practice_for_ma/mannual_node/install/MA_susbriber/share/MA_susbriber/cmake/MA_susbriberConfig-version.cmake
-- Installing: /home/yiming/training/train/ros_practice_for_ma/mannual_node/install/MA_susbriber/share/MA_susbriber/package.xml
