[0.033s] Invoking command in '/home/yiming/training/train/ros_rv/build/my_demo': CMAKE_PREFIX_PATH=/opt/ros/galactic /home/yiming/.local/bin/cmake --build /home/yiming/training/train/ros_rv/build/my_demo -- -j16 -l16
[0.087s] -- Found ament_cmake: 1.1.6 (/opt/ros/galactic/share/ament_cmake/cmake)
[0.118s] -- Using PYTHON_EXECUTABLE: /usr/bin/python3
[0.182s] -- Override CMake install command with custom implementation using symlinks instead of copying resources
[0.194s] -- Found rclcpp: 9.2.2 (/opt/ros/galactic/share/rclcpp/cmake)
[0.227s] -- Using all available rosidl_typesupport_c: rosidl_typesupport_fastrtps_c;rosidl_typesupport_introspection_c
[0.230s] -- Found rosidl_adapter: 2.2.3 (/opt/ros/galactic/share/rosidl_adapter/cmake)
[0.398s] -- Using all available rosidl_typesupport_cpp: rosidl_typesupport_fastrtps_cpp;rosidl_typesupport_introspection_cpp
[0.441s] -- Found rmw_implementation_cmake: 3.3.1 (/opt/ros/galactic/share/rmw_implementation_cmake/cmake)
[0.442s] -- Found rmw_cyclonedds_cpp: 0.22.6 (/opt/ros/galactic/share/rmw_cyclonedds_cpp/cmake)
[0.459s] -- Using RMW implementation 'rmw_cyclonedds_cpp' as default
[0.577s] -- Found ament_lint_auto: 0.10.7 (/opt/ros/galactic/share/ament_lint_auto/cmake)
[0.647s] -- Added test 'copyright' to check source files copyright and LICENSE
[0.648s] -- Added test 'cppcheck' to perform static code analysis on C / C++ code
[0.648s] -- Configured cppcheck include dirs: $<BUILD_INTERFACE:/home/yiming/training/train/ros_rv/src/my_demo/include>
[0.648s] -- Configured cppcheck exclude dirs and/or files: 
[0.648s] -- Added test 'cpplint' to check C / C++ code against the Google style
[0.649s] -- Configured cpplint exclude dirs and/or files: 
[0.649s] -- Added test 'lint_cmake' to check CMake code style
[0.649s] -- Added test 'uncrustify' to check C / C++ code style
[0.649s] -- Configured uncrustify additional arguments: 
[0.650s] -- Added test 'xmllint' to check XML markup files
[0.651s] -- Configuring done (0.6s)
[0.658s] -- Generating done (0.0s)
[0.659s] -- Build files have been written to: /home/yiming/training/train/ros_rv/build/my_demo
[0.704s] [100%] Built target demo
