[0.034s] Invoking command in '/home/yiming/training/train/ros_rv/build/rm_serial_driver': CMAKE_PREFIX_PATH=/opt/ros/galactic /home/yiming/.local/bin/cmake --build /home/yiming/training/train/ros_rv/build/rm_serial_driver -- -j16 -l16
[0.091s] -- Found ament_cmake_auto: 1.1.6 (/opt/ros/galactic/share/ament_cmake_auto/cmake)
[0.126s] -- Using PYTHON_EXECUTABLE: /usr/bin/python3
[0.284s] -- Using all available rosidl_typesupport_c: rosidl_typesupport_fastrtps_c;rosidl_typesupport_introspection_c
[0.287s] -- Found rosidl_adapter: 2.2.3 (/opt/ros/galactic/share/rosidl_adapter/cmake)
[0.431s] -- Using all available rosidl_typesupport_cpp: rosidl_typesupport_fastrtps_cpp;rosidl_typesupport_introspection_cpp
[0.476s] -- Found rmw_implementation_cmake: 3.3.1 (/opt/ros/galactic/share/rmw_implementation_cmake/cmake)
[0.477s] -- Found rmw_cyclonedds_cpp: 0.22.6 (/opt/ros/galactic/share/rmw_cyclonedds_cpp/cmake)
[0.492s] -- Using RMW implementation 'rmw_cyclonedds_cpp' as default
[0.969s] -- Found eigen3_cmake_module: 0.1.1 (/opt/ros/galactic/share/eigen3_cmake_module/cmake)
[1.070s] -- Found ament_lint_auto: 0.10.7 (/opt/ros/galactic/share/ament_lint_auto/cmake)
[1.089s] -- Added test 'cppcheck' to perform static code analysis on C / C++ code
[1.089s] -- Configured cppcheck include dirs: /home/yiming/training/train/ros_rv/src/rm_serial_driver-main/include
[1.089s] -- Configured cppcheck exclude dirs and/or files: 
[1.090s] -- Added test 'cpplint' to check C / C++ code against the Google style
[1.090s] -- Configured cpplint exclude dirs and/or files: 
[1.090s] -- Added test 'flake8' to check Python code syntax and style conventions
[1.091s] -- Added test 'lint_cmake' to check CMake code style
[1.091s] -- Added test 'pep257' to check Python code against some of the style conventions in PEP 257
[1.091s] -- Added test 'xmllint' to check XML markup files
[1.093s] -- Configuring done (1.0s)
[1.108s] -- Generating done (0.0s)
[1.110s] -- Build files have been written to: /home/yiming/training/train/ros_rv/build/rm_serial_driver
[1.147s] [ 20%] [32mBuilding CXX object CMakeFiles/rm_serial_driver.dir/src/rm_serial_driver.cpp.o[0m
[1.157s] [ 60%] Built target rm_serial_driver_node
[1.228s] [01m[K/home/yiming/training/train/ros_rv/src/rm_serial_driver-main/src/rm_serial_driver.cpp:9:10:[m[K [01;31m[Kfatal error: [m[Kserial_driver/serial_driver.hpp: No such file or directory
[1.228s]     9 | #include [01;31m[K<serial_driver/serial_driver.hpp>[m[K
[1.228s]       |          [01;31m[K^~~~~~~~~~~~~~~~~~~~~~~~~~~~~~~~~[m[K
[1.228s] compilation terminated.
[1.230s] make[2]: *** [CMakeFiles/rm_serial_driver.dir/build.make:76: CMakeFiles/rm_serial_driver.dir/src/rm_serial_driver.cpp.o] Error 1
[1.230s] make[1]: *** [CMakeFiles/Makefile2:139: CMakeFiles/rm_serial_driver.dir/all] Error 2
[1.230s] make: *** [Makefile:146: all] Error 2
[1.240s] Invoked command in '/home/yiming/training/train/ros_rv/build/rm_serial_driver' returned '2': CMAKE_PREFIX_PATH=/opt/ros/galactic /home/yiming/.local/bin/cmake --build /home/yiming/training/train/ros_rv/build/rm_serial_driver -- -j16 -l16
