[0.050s] Invoking command in '/home/yiming/training/train/ros_rv/build/my_demo': CMAKE_PREFIX_PATH=${CMAKE_PREFIX_PATH}:/opt/ros/galactic /home/yiming/.local/bin/cmake --build /home/yiming/training/train/ros_rv/build/my_demo -- -j16 -l16
[0.126s] -- Found ament_cmake: 1.1.6 (/opt/ros/galactic/share/ament_cmake/cmake)
[0.158s] -- Using PYTHON_EXECUTABLE: /usr/bin/python3
[0.250s] -- Found rclcpp: 9.2.2 (/opt/ros/galactic/share/rclcpp/cmake)
[0.296s] -- Using all available rosidl_typesupport_c: rosidl_typesupport_fastrtps_c;rosidl_typesupport_introspection_c
[0.296s] -- Found rosidl_adapter: 2.2.3 (/opt/ros/galactic/share/rosidl_adapter/cmake)
[0.452s] -- Using all available rosidl_typesupport_cpp: rosidl_typesupport_fastrtps_cpp;rosidl_typesupport_introspection_cpp
[0.499s] -- Found rmw_implementation_cmake: 3.3.1 (/opt/ros/galactic/share/rmw_implementation_cmake/cmake)
[0.500s] -- Found rmw_cyclonedds_cpp: 0.22.6 (/opt/ros/galactic/share/rmw_cyclonedds_cpp/cmake)
[0.517s] -- Using RMW implementation 'rmw_cyclonedds_cpp' as default
[0.650s] -- Found ament_lint_auto: 0.10.7 (/opt/ros/galactic/share/ament_lint_auto/cmake)
[0.734s] -- Added test 'copyright' to check source files copyright and LICENSE
[0.734s] -- Added test 'cppcheck' to perform static code analysis on C / C++ code
[0.734s] -- Configured cppcheck include dirs: $<BUILD_INTERFACE:/home/yiming/training/train/ros_rv/src/my_demo/include>
[0.735s] -- Configured cppcheck exclude dirs and/or files: 
[0.735s] -- Added test 'cpplint' to check C / C++ code against the Google style
[0.735s] -- Configured cpplint exclude dirs and/or files: 
[0.735s] -- Added test 'lint_cmake' to check CMake code style
[0.736s] -- Added test 'uncrustify' to check C / C++ code style
[0.736s] -- Configured uncrustify additional arguments: 
[0.736s] -- Added test 'xmllint' to check XML markup files
[0.737s] -- Configuring done (0.6s)
[0.746s] -- Generating done (0.0s)
[0.747s] -- Build files have been written to: /home/yiming/training/train/ros_rv/build/my_demo
[0.783s] [ 50%] [32mBuilding CXX object CMakeFiles/demo.dir/src/demo.cpp.o[0m
[2.887s] [100%] [32m[1mLinking CXX executable demo[0m
[2.992s] [100%] Built target demo
[3.006s] Invoked command in '/home/yiming/training/train/ros_rv/build/my_demo' returned '0': CMAKE_PREFIX_PATH=${CMAKE_PREFIX_PATH}:/opt/ros/galactic /home/yiming/.local/bin/cmake --build /home/yiming/training/train/ros_rv/build/my_demo -- -j16 -l16
[3.088s] Invoking command in '/home/yiming/training/train/ros_rv/build/my_demo': CMAKE_PREFIX_PATH=${CMAKE_PREFIX_PATH}:/opt/ros/galactic /home/yiming/.local/bin/cmake --install /home/yiming/training/train/ros_rv/build/my_demo
[3.122s] -- Install configuration: ""
[3.122s] -- Installing: /home/yiming/training/train/ros_rv/install/my_demo/lib/my_demo/demo
[3.123s] -- Set runtime path of "/home/yiming/training/train/ros_rv/install/my_demo/lib/my_demo/demo" to ""
[3.123s] -- Installing: /home/yiming/training/train/ros_rv/install/my_demo/share/ament_index/resource_index/package_run_dependencies/my_demo
[3.123s] -- Up-to-date: /home/yiming/training/train/ros_rv/install/my_demo/share/ament_index/resource_index/parent_prefix_path/my_demo
[3.123s] -- Up-to-date: /home/yiming/training/train/ros_rv/install/my_demo/share/my_demo/environment/ament_prefix_path.sh
[3.123s] -- Installing: /home/yiming/training/train/ros_rv/install/my_demo/share/my_demo/environment/ament_prefix_path.dsv
[3.124s] -- Up-to-date: /home/yiming/training/train/ros_rv/install/my_demo/share/my_demo/environment/path.sh
[3.124s] -- Installing: /home/yiming/training/train/ros_rv/install/my_demo/share/my_demo/environment/path.dsv
[3.124s] -- Up-to-date: /home/yiming/training/train/ros_rv/install/my_demo/share/my_demo/local_setup.bash
[3.124s] -- Up-to-date: /home/yiming/training/train/ros_rv/install/my_demo/share/my_demo/local_setup.sh
[3.124s] -- Up-to-date: /home/yiming/training/train/ros_rv/install/my_demo/share/my_demo/local_setup.zsh
[3.125s] -- Installing: /home/yiming/training/train/ros_rv/install/my_demo/share/my_demo/local_setup.dsv
[3.125s] -- Installing: /home/yiming/training/train/ros_rv/install/my_demo/share/my_demo/package.dsv
[3.125s] -- Up-to-date: /home/yiming/training/train/ros_rv/install/my_demo/share/ament_index/resource_index/packages/my_demo
[3.125s] -- Up-to-date: /home/yiming/training/train/ros_rv/install/my_demo/share/my_demo/cmake/my_demoConfig.cmake
[3.125s] -- Up-to-date: /home/yiming/training/train/ros_rv/install/my_demo/share/my_demo/cmake/my_demoConfig-version.cmake
[3.125s] -- Installing: /home/yiming/training/train/ros_rv/install/my_demo/share/my_demo/package.xml
[3.135s] Invoked command in '/home/yiming/training/train/ros_rv/build/my_demo' returned '0': CMAKE_PREFIX_PATH=${CMAKE_PREFIX_PATH}:/opt/ros/galactic /home/yiming/.local/bin/cmake --install /home/yiming/training/train/ros_rv/build/my_demo
