-- Found ament_cmake: 1.1.6 (/opt/ros/galactic/share/ament_cmake/cmake)
-- Using PYTHON_EXECUTABLE: /usr/bin/python3
-- Override CMake install command with custom implementation using symlinks instead of copying resources
-- Found rclcpp: 9.2.2 (/opt/ros/galactic/share/rclcpp/cmake)
-- Using all available rosidl_typesupport_c: rosidl_typesupport_fastrtps_c;rosidl_typesupport_introspection_c
-- Found rosidl_adapter: 2.2.3 (/opt/ros/galactic/share/rosidl_adapter/cmake)
-- Using all available rosidl_typesupport_cpp: rosidl_typesupport_fastrtps_cpp;rosidl_typesupport_introspection_cpp
-- Found rmw_implementation_cmake: 3.3.1 (/opt/ros/galactic/share/rmw_implementation_cmake/cmake)
-- Found rmw_cyclonedds_cpp: 0.22.6 (/opt/ros/galactic/share/rmw_cyclonedds_cpp/cmake)
-- Using RMW implementation 'rmw_cyclonedds_cpp' as default
-- Found ament_lint_auto: 0.10.7 (/opt/ros/galactic/share/ament_lint_auto/cmake)
-- Added test 'copyright' to check source files copyright and LICENSE
-- Added test 'cppcheck' to perform static code analysis on C / C++ code
-- Configured cppcheck include dirs: $<BUILD_INTERFACE:/home/yiming/training/train/ros_rv/src/my_demo/include>
-- Configured cppcheck exclude dirs and/or files: 
-- Added test 'cpplint' to check C / C++ code against the Google style
-- Configured cpplint exclude dirs and/or files: 
-- Added test 'lint_cmake' to check CMake code style
-- Added test 'uncrustify' to check C / C++ code style
-- Configured uncrustify additional arguments: 
-- Added test 'xmllint' to check XML markup files
-- Configuring done (0.6s)
-- Generating done (0.0s)
-- Build files have been written to: /home/yiming/training/train/ros_rv/build/my_demo
[ 50%] [32mBuilding CXX object CMakeFiles/demo.dir/src/demo.cpp.o[0m
[100%] [32m[1mLinking CXX executable demo[0m
[100%] Built target demo
-- Install configuration: ""
-- Execute custom install script
-- Up-to-date symlink: /home/yiming/training/train/ros_rv/install/my_demo/lib/my_demo/demo
-- Up-to-date symlink: /home/yiming/training/train/ros_rv/install/my_demo/share/ament_index/resource_index/package_run_dependencies/my_demo
-- Up-to-date symlink: /home/yiming/training/train/ros_rv/install/my_demo/share/ament_index/resource_index/parent_prefix_path/my_demo
-- Up-to-date symlink: /home/yiming/training/train/ros_rv/install/my_demo/share/my_demo/environment/ament_prefix_path.sh
-- Up-to-date symlink: /home/yiming/training/train/ros_rv/install/my_demo/share/my_demo/environment/ament_prefix_path.dsv
-- Up-to-date symlink: /home/yiming/training/train/ros_rv/install/my_demo/share/my_demo/environment/path.sh
-- Up-to-date symlink: /home/yiming/training/train/ros_rv/install/my_demo/share/my_demo/environment/path.dsv
-- Up-to-date symlink: /home/yiming/training/train/ros_rv/install/my_demo/share/my_demo/local_setup.bash
-- Up-to-date symlink: /home/yiming/training/train/ros_rv/install/my_demo/share/my_demo/local_setup.sh
-- Up-to-date symlink: /home/yiming/training/train/ros_rv/install/my_demo/share/my_demo/local_setup.zsh
-- Up-to-date symlink: /home/yiming/training/train/ros_rv/install/my_demo/share/my_demo/local_setup.dsv
-- Symlinking: /home/yiming/training/train/ros_rv/install/my_demo/share/my_demo/package.dsv
-- Up-to-date symlink: /home/yiming/training/train/ros_rv/install/my_demo/share/ament_index/resource_index/packages/my_demo
-- Up-to-date symlink: /home/yiming/training/train/ros_rv/install/my_demo/share/my_demo/cmake/my_demoConfig.cmake
-- Up-to-date symlink: /home/yiming/training/train/ros_rv/install/my_demo/share/my_demo/cmake/my_demoConfig-version.cmake
-- Up-to-date symlink: /home/yiming/training/train/ros_rv/install/my_demo/share/my_demo/package.xml
