[0.029s] Invoking command in '/home/yiming/training/train/ros_rv/build/rm_serial_driver': CMAKE_PREFIX_PATH=/opt/ros/galactic /home/yiming/.local/bin/cmake /home/yiming/training/train/ros_rv/src/rm_serial_driver-main -DCMAKE_INSTALL_PREFIX=/home/yiming/training/train/ros_rv/install/rm_serial_driver
[0.139s] -- The C compiler identification is GNU 9.4.0
[0.225s] -- The CXX compiler identification is GNU 9.4.0
[0.245s] -- Detecting C compiler ABI info
[0.334s] -- Detecting C compiler ABI info - done
[0.350s] -- Check for working C compiler: /usr/bin/cc - skipped
[0.350s] -- Detecting C compile features
[0.350s] -- Detecting C compile features - done
[0.353s] -- Detecting CXX compiler ABI info
[0.448s] -- Detecting CXX compiler ABI info - done
[0.465s] -- Check for working CXX compiler: /usr/bin/c++ - skipped
[0.465s] -- Detecting CXX compile features
[0.465s] -- Detecting CXX compile features - done
[0.467s] -- Found ament_cmake_auto: 1.1.6 (/opt/ros/galactic/share/ament_cmake_auto/cmake)
[0.503s] -- Found PythonInterp: /usr/bin/python3 (found suitable version "3.8.10", minimum required is "3") 
[0.503s] -- Using PYTHON_EXECUTABLE: /usr/bin/python3
[0.705s] -- Using all available rosidl_typesupport_c: rosidl_typesupport_fastrtps_c;rosidl_typesupport_introspection_c
[0.712s] -- Found rosidl_adapter: 2.2.3 (/opt/ros/galactic/share/rosidl_adapter/cmake)
[0.872s] -- Found OpenSSL: /usr/lib/x86_64-linux-gnu/libcrypto.so (found version "1.1.1f")  
[0.916s] -- Found FastRTPS: /opt/ros/galactic/include  
[1.011s] -- Using all available rosidl_typesupport_cpp: rosidl_typesupport_fastrtps_cpp;rosidl_typesupport_introspection_cpp
[1.069s] -- Found rmw_implementation_cmake: 3.3.1 (/opt/ros/galactic/share/rmw_implementation_cmake/cmake)
[1.071s] -- Found rmw_cyclonedds_cpp: 0.22.6 (/opt/ros/galactic/share/rmw_cyclonedds_cpp/cmake)
[1.087s] -- Using RMW implementation 'rmw_cyclonedds_cpp' as default
[1.088s] -- Performing Test CMAKE_HAVE_LIBC_PTHREAD
[1.187s] -- Performing Test CMAKE_HAVE_LIBC_PTHREAD - Failed
[1.187s] -- Looking for pthread_create in pthreads
[1.276s] -- Looking for pthread_create in pthreads - not found
[1.276s] -- Looking for pthread_create in pthread
[1.377s] -- Looking for pthread_create in pthread - found
[1.380s] -- Found Threads: TRUE  
[1.893s] -- Found eigen3_cmake_module: 0.1.1 (/opt/ros/galactic/share/eigen3_cmake_module/cmake)
[1.897s] -- Found Eigen3: TRUE (found version "3.3.7") 
[2.006s] -- Found ament_lint_auto: 0.10.7 (/opt/ros/galactic/share/ament_lint_auto/cmake)
[2.031s] -- Added test 'cppcheck' to perform static code analysis on C / C++ code
[2.031s] -- Configured cppcheck include dirs: /home/yiming/training/train/ros_rv/src/rm_serial_driver-main/include
[2.031s] -- Configured cppcheck exclude dirs and/or files: 
[2.032s] -- Added test 'cpplint' to check C / C++ code against the Google style
[2.032s] -- Configured cpplint exclude dirs and/or files: 
[2.032s] -- Added test 'flake8' to check Python code syntax and style conventions
[2.033s] -- Added test 'lint_cmake' to check CMake code style
[2.033s] -- Added test 'pep257' to check Python code against some of the style conventions in PEP 257
[2.034s] -- Added test 'xmllint' to check XML markup files
[2.036s] -- Configuring done (2.0s)
[2.054s] -- Generating done (0.0s)
[2.056s] -- Build files have been written to: /home/yiming/training/train/ros_rv/build/rm_serial_driver
[2.068s] Invoked command in '/home/yiming/training/train/ros_rv/build/rm_serial_driver' returned '0': CMAKE_PREFIX_PATH=/opt/ros/galactic /home/yiming/.local/bin/cmake /home/yiming/training/train/ros_rv/src/rm_serial_driver-main -DCMAKE_INSTALL_PREFIX=/home/yiming/training/train/ros_rv/install/rm_serial_driver
[2.072s] Invoking command in '/home/yiming/training/train/ros_rv/build/rm_serial_driver': CMAKE_PREFIX_PATH=/opt/ros/galactic /home/yiming/.local/bin/cmake --build /home/yiming/training/train/ros_rv/build/rm_serial_driver -- -j16 -l16
[2.152s] [ 20%] [32mBuilding CXX object CMakeFiles/rm_serial_driver.dir/src/crc.cpp.o[0m
[2.153s] [ 40%] [32mBuilding CXX object CMakeFiles/rm_serial_driver.dir/src/rm_serial_driver.cpp.o[0m
[2.153s] [ 60%] [32mBuilding CXX object CMakeFiles/rm_serial_driver_node.dir/rclcpp_components/node_main_rm_serial_driver_node.cpp.o[0m
[2.240s] [01m[K/home/yiming/training/train/ros_rv/src/rm_serial_driver-main/src/rm_serial_driver.cpp:9:10:[m[K [01;31m[Kfatal error: [m[Kserial_driver/serial_driver.hpp: No such file or directory
[2.240s]     9 | #include [01;31m[K<serial_driver/serial_driver.hpp>[m[K
[2.240s]       |          [01;31m[K^~~~~~~~~~~~~~~~~~~~~~~~~~~~~~~~~[m[K
[2.240s] compilation terminated.
[2.242s] make[2]: *** [CMakeFiles/rm_serial_driver.dir/build.make:76: CMakeFiles/rm_serial_driver.dir/src/rm_serial_driver.cpp.o] Error 1
[2.242s] make[1]: *** [CMakeFiles/Makefile2:139: CMakeFiles/rm_serial_driver.dir/all] Error 2
[2.242s] make[1]: *** Waiting for unfinished jobs....
[4.400s] [ 80%] [32m[1mLinking CXX executable rm_serial_driver_node[0m
[4.542s] [ 80%] Built target rm_serial_driver_node
[4.544s] make: *** [Makefile:146: all] Error 2
[4.553s] Invoked command in '/home/yiming/training/train/ros_rv/build/rm_serial_driver' returned '2': CMAKE_PREFIX_PATH=/opt/ros/galactic /home/yiming/.local/bin/cmake --build /home/yiming/training/train/ros_rv/build/rm_serial_driver -- -j16 -l16
