[0.026s] Invoking command in '/home/yiming/training/train/ros_rv/build/my_serial_node': CMAKE_PREFIX_PATH=/opt/ros/galactic /home/yiming/.local/bin/cmake /home/yiming/training/train/ros_rv/src/my_serial_node -DCMAKE_INSTALL_PREFIX=/home/yiming/training/train/ros_rv/install/my_serial_node
[0.071s] -- Found ament_cmake_auto: 1.1.6 (/opt/ros/galactic/share/ament_cmake_auto/cmake)
[0.101s] -- Using PYTHON_EXECUTABLE: /usr/bin/python3
[0.175s] -- Found tf2_geometry_msgs: 0.17.5 (/opt/ros/galactic/share/tf2_geometry_msgs/cmake)
[0.195s] -- Using all available rosidl_typesupport_c: rosidl_typesupport_fastrtps_c;rosidl_typesupport_introspection_c
[0.199s] -- Found rosidl_adapter: 2.2.3 (/opt/ros/galactic/share/rosidl_adapter/cmake)
[0.355s] -- Using all available rosidl_typesupport_cpp: rosidl_typesupport_fastrtps_cpp;rosidl_typesupport_introspection_cpp
[0.443s] -- Found eigen3_cmake_module: 0.1.1 (/opt/ros/galactic/share/eigen3_cmake_module/cmake)
[0.503s] -- Found rmw_implementation_cmake: 3.3.1 (/opt/ros/galactic/share/rmw_implementation_cmake/cmake)
[0.504s] -- Found rmw_cyclonedds_cpp: 0.22.6 (/opt/ros/galactic/share/rmw_cyclonedds_cpp/cmake)
[0.519s] -- Using RMW implementation 'rmw_cyclonedds_cpp' as default
[1.238s] -- Found ament_lint_auto: 0.10.7 (/opt/ros/galactic/share/ament_lint_auto/cmake)
[1.269s] -- Added test 'cppcheck' to perform static code analysis on C / C++ code
[1.269s] -- Configured cppcheck include dirs: /home/yiming/training/train/ros_rv/src/my_serial_node/include
[1.269s] -- Configured cppcheck exclude dirs and/or files: 
[1.270s] -- Added test 'cpplint' to check C / C++ code against the Google style
[1.270s] -- Configured cpplint exclude dirs and/or files: 
[1.270s] -- Added test 'flake8' to check Python code syntax and style conventions
[1.271s] -- Added test 'lint_cmake' to check CMake code style
[1.271s] -- Added test 'pep257' to check Python code against some of the style conventions in PEP 257
[1.272s] -- Added test 'xmllint' to check XML markup files
[1.274s] -- Configuring done (1.2s)
[1.293s] -- Generating done (0.0s)
[1.295s] -- Build files have been written to: /home/yiming/training/train/ros_rv/build/my_serial_node
[1.310s] Invoked command in '/home/yiming/training/train/ros_rv/build/my_serial_node' returned '0': CMAKE_PREFIX_PATH=/opt/ros/galactic /home/yiming/.local/bin/cmake /home/yiming/training/train/ros_rv/src/my_serial_node -DCMAKE_INSTALL_PREFIX=/home/yiming/training/train/ros_rv/install/my_serial_node
[1.315s] Invoking command in '/home/yiming/training/train/ros_rv/build/my_serial_node': CMAKE_PREFIX_PATH=/opt/ros/galactic /home/yiming/.local/bin/cmake --build /home/yiming/training/train/ros_rv/build/my_serial_node -- -j16 -l16
[1.404s] [ 20%] [32mBuilding CXX object CMakeFiles/my_serial_node.dir/src/rm_serial_driver.cpp.o[0m
[1.405s] [ 40%] [32mBuilding CXX object CMakeFiles/my_serial_node_node.dir/rclcpp_components/node_main_my_serial_node_node.cpp.o[0m
[1.407s] [ 60%] [32mBuilding CXX object CMakeFiles/my_serial_node.dir/src/crc.cpp.o[0m
[1.422s] [01m[K/home/yiming/training/train/ros_rv/src/my_serial_node/src/crc.cpp:4:10:[m[K [01;31m[Kfatal error: [m[Krm_serial_driver/crc.hpp: No such file or directory
[1.422s]     4 | #include [01;31m[K"rm_serial_driver/crc.hpp"[m[K
[1.422s]       |          [01;31m[K^~~~~~~~~~~~~~~~~~~~~~~~~~[m[K
[1.423s] compilation terminated.
[1.424s] make[2]: *** [CMakeFiles/my_serial_node.dir/build.make:90: CMakeFiles/my_serial_node.dir/src/crc.cpp.o] Error 1
[1.424s] make[2]: *** Waiting for unfinished jobs....
[1.713s] [01m[K/home/yiming/training/train/ros_rv/src/my_serial_node/src/rm_serial_driver.cpp:10:10:[m[K [01;31m[Kfatal error: [m[Ktf2_geometry_msgs/tf2_geometry_msgs.hpp: No such file or directory
[1.713s]    10 | #include [01;31m[K<tf2_geometry_msgs/tf2_geometry_msgs.hpp>[m[K
[1.713s]       |          [01;31m[K^~~~~~~~~~~~~~~~~~~~~~~~~~~~~~~~~~~~~~~~~[m[K
[1.714s] compilation terminated.
[1.717s] make[2]: *** [CMakeFiles/my_serial_node.dir/build.make:76: CMakeFiles/my_serial_node.dir/src/rm_serial_driver.cpp.o] Error 1
[1.717s] make[1]: *** [CMakeFiles/Makefile2:139: CMakeFiles/my_serial_node.dir/all] Error 2
[1.717s] make[1]: *** Waiting for unfinished jobs....
[3.629s] [ 80%] [32m[1mLinking CXX executable my_serial_node_node[0m
[3.768s] [ 80%] Built target my_serial_node_node
[3.769s] make: *** [Makefile:146: all] Error 2
[3.777s] Invoked command in '/home/yiming/training/train/ros_rv/build/my_serial_node' returned '2': CMAKE_PREFIX_PATH=/opt/ros/galactic /home/yiming/.local/bin/cmake --build /home/yiming/training/train/ros_rv/build/my_serial_node -- -j16 -l16
