[0.035s] Invoking command in '/home/yiming/training/train/ros_practice_for_ma/build/training1_for_ma': CMAKE_PREFIX_PATH=/opt/ros/galactic /home/yiming/.local/bin/cmake /home/yiming/training/train/ros_practice_for_ma/mannual_node/src/training1_for_ma -DCMAKE_INSTALL_PREFIX=/home/yiming/training/train/ros_practice_for_ma/install/training1_for_ma
[0.086s] -- Found ament_cmake_auto: 1.1.6 (/opt/ros/galactic/share/ament_cmake_auto/cmake)
[0.119s] -- Using PYTHON_EXECUTABLE: /usr/bin/python3
[0.209s] -- Found geometry_msgs: 2.2.4 (/opt/ros/galactic/share/geometry_msgs/cmake)
[0.232s] -- Using all available rosidl_typesupport_c: rosidl_typesupport_fastrtps_c;rosidl_typesupport_introspection_c
[0.235s] -- Found rosidl_adapter: 2.2.3 (/opt/ros/galactic/share/rosidl_adapter/cmake)
[0.399s] -- Using all available rosidl_typesupport_cpp: rosidl_typesupport_fastrtps_cpp;rosidl_typesupport_introspection_cpp
[0.472s] -- Found rclcpp: 9.2.2 (/opt/ros/galactic/share/rclcpp/cmake)
[0.515s] -- Found rmw_implementation_cmake: 3.3.1 (/opt/ros/galactic/share/rmw_implementation_cmake/cmake)
[0.517s] -- Found rmw_cyclonedds_cpp: 0.22.6 (/opt/ros/galactic/share/rmw_cyclonedds_cpp/cmake)
[0.548s] -- Using RMW implementation 'rmw_cyclonedds_cpp' as default
[0.665s] -- Found ament_lint_auto: 0.10.7 (/opt/ros/galactic/share/ament_lint_auto/cmake)
[0.729s] [31mCMake Error at /opt/ros/galactic/share/ament_cmake_core/cmake/core/ament_package_xml.cmake:53 (message):
[0.729s]   ament_package_xml() package name 'training1_for_ma' in '/package.xml' does
[0.729s]   not match current PROJECT_NAME 'demo'.  You must call project() with the
[0.730s]   same package name before.
[0.730s] Call Stack (most recent call first):
[0.730s]   /opt/ros/galactic/share/ament_lint_auto/cmake/ament_lint_auto_find_test_dependencies.cmake:31 (ament_package_xml)
[0.730s]   CMakeLists.txt:48 (ament_lint_auto_find_test_dependencies)
[0.730s] 
[0.731s] [0m
[0.731s] -- Configuring incomplete, errors occurred!
[0.745s] Invoked command in '/home/yiming/training/train/ros_practice_for_ma/build/training1_for_ma' returned '1': CMAKE_PREFIX_PATH=/opt/ros/galactic /home/yiming/.local/bin/cmake /home/yiming/training/train/ros_practice_for_ma/mannual_node/src/training1_for_ma -DCMAKE_INSTALL_PREFIX=/home/yiming/training/train/ros_practice_for_ma/install/training1_for_ma
