[ 50%] [32mBuilding CXX object CMakeFiles/demo.dir/src/demo.cpp.o[0m
[100%] [32m[1mLinking CXX executable demo[0m
[100%] Built target demo
-- Install configuration: ""
-- Installing: /home/yiming/training/train/ros_rv/install/my_demo/lib/my_demo/demo
-- Set runtime path of "/home/yiming/training/train/ros_rv/install/my_demo/lib/my_demo/demo" to ""
-- Up-to-date: /home/yiming/training/train/ros_rv/install/my_demo/share/ament_index/resource_index/package_run_dependencies/my_demo
-- Up-to-date: /home/yiming/training/train/ros_rv/install/my_demo/share/ament_index/resource_index/parent_prefix_path/my_demo
-- Up-to-date: /home/yiming/training/train/ros_rv/install/my_demo/share/my_demo/environment/ament_prefix_path.sh
-- Up-to-date: /home/yiming/training/train/ros_rv/install/my_demo/share/my_demo/environment/ament_prefix_path.dsv
-- Up-to-date: /home/yiming/training/train/ros_rv/install/my_demo/share/my_demo/environment/path.sh
-- Up-to-date: /home/yiming/training/train/ros_rv/install/my_demo/share/my_demo/environment/path.dsv
-- Up-to-date: /home/yiming/training/train/ros_rv/install/my_demo/share/my_demo/local_setup.bash
-- Up-to-date: /home/yiming/training/train/ros_rv/install/my_demo/share/my_demo/local_setup.sh
-- Up-to-date: /home/yiming/training/train/ros_rv/install/my_demo/share/my_demo/local_setup.zsh
-- Up-to-date: /home/yiming/training/train/ros_rv/install/my_demo/share/my_demo/local_setup.dsv
-- Installing: /home/yiming/training/train/ros_rv/install/my_demo/share/my_demo/package.dsv
-- Up-to-date: /home/yiming/training/train/ros_rv/install/my_demo/share/ament_index/resource_index/packages/my_demo
-- Up-to-date: /home/yiming/training/train/ros_rv/install/my_demo/share/my_demo/cmake/my_demoConfig.cmake
-- Up-to-date: /home/yiming/training/train/ros_rv/install/my_demo/share/my_demo/cmake/my_demoConfig-version.cmake
-- Up-to-date: /home/yiming/training/train/ros_rv/install/my_demo/share/my_demo/package.xml
