[0.244s] DEBUG:colcon:Command line arguments: ['/usr/bin/colcon', 'build']
[0.244s] DEBUG:colcon:Parsed command line arguments: Namespace(allow_overriding=[], ament_cmake_args=None, base_paths=['.'], build_base='build', catkin_cmake_args=None, catkin_skip_building_tests=False, cmake_args=None, cmake_clean_cache=False, cmake_clean_first=False, cmake_force_configure=False, cmake_target=None, cmake_target_skip_unavailable=False, continue_on_error=False, event_handlers=None, executor='parallel', ignore_user_meta=False, install_base='install', log_base=None, log_level=None, main=<bound method BuildVerb.main of <colcon_core.verb.build.BuildVerb object at 0x7f1c017f9f70>>, merge_install=False, metas=['./colcon.meta'], packages_above=None, packages_above_and_dependencies=None, packages_above_depth=None, packages_end=None, packages_ignore=None, packages_ignore_regex=None, packages_select=None, packages_select_build_failed=False, packages_select_by_dep=None, packages_select_regex=None, packages_select_test_failures=False, packages_skip=None, packages_skip_build_finished=False, packages_skip_by_dep=None, packages_skip_regex=None, packages_skip_test_passed=False, packages_skip_up_to=None, packages_start=None, packages_up_to=None, packages_up_to_regex=None, parallel_workers=16, paths=None, symlink_install=False, test_result_base=None, verb_extension=<colcon_core.verb.build.BuildVerb object at 0x7f1c017f9f70>, verb_name='build', verb_parser=<colcon_defaults.argument_parser.defaults.DefaultArgumentsDecorator object at 0x7f1c0171d790>)
[0.274s] Level 1:colcon.colcon_core.package_discovery:discover_packages(colcon_meta) check parameters
[0.274s] Level 1:colcon.colcon_core.package_discovery:discover_packages(recursive) check parameters
[0.274s] Level 1:colcon.colcon_core.package_discovery:discover_packages(ignore) check parameters
[0.274s] Level 1:colcon.colcon_core.package_discovery:discover_packages(path) check parameters
[0.274s] Level 1:colcon.colcon_core.package_discovery:discover_packages(colcon_meta) discover
[0.274s] Level 1:colcon.colcon_core.package_discovery:discover_packages(recursive) discover
[0.274s] INFO:colcon.colcon_core.package_discovery:Crawling recursively for packages in '/home/yiming/training/train/ros_rv'
[0.274s] Level 1:colcon.colcon_core.package_identification:_identify(.) by extensions ['ignore', 'ignore_ament_install']
[0.274s] Level 1:colcon.colcon_core.package_identification:_identify(.) by extension 'ignore'
[0.274s] Level 1:colcon.colcon_core.package_identification:_identify(.) by extension 'ignore_ament_install'
[0.274s] Level 1:colcon.colcon_core.package_identification:_identify(.) by extensions ['colcon_pkg']
[0.274s] Level 1:colcon.colcon_core.package_identification:_identify(.) by extension 'colcon_pkg'
[0.274s] Level 1:colcon.colcon_core.package_identification:_identify(.) by extensions ['colcon_meta']
[0.274s] Level 1:colcon.colcon_core.package_identification:_identify(.) by extension 'colcon_meta'
[0.274s] Level 1:colcon.colcon_core.package_identification:_identify(.) by extensions ['ros']
[0.274s] Level 1:colcon.colcon_core.package_identification:_identify(.) by extension 'ros'
[0.286s] Level 1:colcon.colcon_core.package_identification:_identify(.) by extensions ['cmake', 'python']
[0.286s] Level 1:colcon.colcon_core.package_identification:_identify(.) by extension 'cmake'
[0.286s] Level 1:colcon.colcon_core.package_identification:_identify(.) by extension 'python'
[0.286s] Level 1:colcon.colcon_core.package_identification:_identify(.) by extensions ['python_setup_py']
[0.286s] Level 1:colcon.colcon_core.package_identification:_identify(.) by extension 'python_setup_py'
[0.286s] Level 1:colcon.colcon_core.package_identification:_identify(build) by extensions ['ignore', 'ignore_ament_install']
[0.286s] Level 1:colcon.colcon_core.package_identification:_identify(build) by extension 'ignore'
[0.286s] Level 1:colcon.colcon_core.package_identification:_identify(build) ignored
[0.286s] Level 1:colcon.colcon_core.package_identification:_identify(install) by extensions ['ignore', 'ignore_ament_install']
[0.286s] Level 1:colcon.colcon_core.package_identification:_identify(install) by extension 'ignore'
[0.286s] Level 1:colcon.colcon_core.package_identification:_identify(install) ignored
[0.286s] Level 1:colcon.colcon_core.package_identification:_identify(log) by extensions ['ignore', 'ignore_ament_install']
[0.286s] Level 1:colcon.colcon_core.package_identification:_identify(log) by extension 'ignore'
[0.286s] Level 1:colcon.colcon_core.package_identification:_identify(log) ignored
[0.286s] Level 1:colcon.colcon_core.package_identification:_identify(src) by extensions ['ignore', 'ignore_ament_install']
[0.286s] Level 1:colcon.colcon_core.package_identification:_identify(src) by extension 'ignore'
[0.287s] Level 1:colcon.colcon_core.package_identification:_identify(src) by extension 'ignore_ament_install'
[0.287s] Level 1:colcon.colcon_core.package_identification:_identify(src) by extensions ['colcon_pkg']
[0.287s] Level 1:colcon.colcon_core.package_identification:_identify(src) by extension 'colcon_pkg'
[0.287s] Level 1:colcon.colcon_core.package_identification:_identify(src) by extensions ['colcon_meta']
[0.287s] Level 1:colcon.colcon_core.package_identification:_identify(src) by extension 'colcon_meta'
[0.287s] Level 1:colcon.colcon_core.package_identification:_identify(src) by extensions ['ros']
[0.287s] Level 1:colcon.colcon_core.package_identification:_identify(src) by extension 'ros'
[0.287s] Level 1:colcon.colcon_core.package_identification:_identify(src) by extensions ['cmake', 'python']
[0.287s] Level 1:colcon.colcon_core.package_identification:_identify(src) by extension 'cmake'
[0.287s] Level 1:colcon.colcon_core.package_identification:_identify(src) by extension 'python'
[0.287s] Level 1:colcon.colcon_core.package_identification:_identify(src) by extensions ['python_setup_py']
[0.287s] Level 1:colcon.colcon_core.package_identification:_identify(src) by extension 'python_setup_py'
[0.287s] Level 1:colcon.colcon_core.package_identification:_identify(src/my_demo) by extensions ['ignore', 'ignore_ament_install']
[0.287s] Level 1:colcon.colcon_core.package_identification:_identify(src/my_demo) by extension 'ignore'
[0.287s] Level 1:colcon.colcon_core.package_identification:_identify(src/my_demo) by extension 'ignore_ament_install'
[0.287s] Level 1:colcon.colcon_core.package_identification:_identify(src/my_demo) by extensions ['colcon_pkg']
[0.287s] Level 1:colcon.colcon_core.package_identification:_identify(src/my_demo) by extension 'colcon_pkg'
[0.287s] Level 1:colcon.colcon_core.package_identification:_identify(src/my_demo) by extensions ['colcon_meta']
[0.287s] Level 1:colcon.colcon_core.package_identification:_identify(src/my_demo) by extension 'colcon_meta'
[0.287s] Level 1:colcon.colcon_core.package_identification:_identify(src/my_demo) by extensions ['ros']
[0.287s] Level 1:colcon.colcon_core.package_identification:_identify(src/my_demo) by extension 'ros'
[0.289s] DEBUG:colcon.colcon_core.package_identification:Package 'src/my_demo' with type 'ros.ament_cmake' and name 'my_demo'
[0.289s] Level 1:colcon.colcon_core.package_identification:_identify(src/rm_serial_driver-main) by extensions ['ignore', 'ignore_ament_install']
[0.289s] Level 1:colcon.colcon_core.package_identification:_identify(src/rm_serial_driver-main) by extension 'ignore'
[0.289s] Level 1:colcon.colcon_core.package_identification:_identify(src/rm_serial_driver-main) by extension 'ignore_ament_install'
[0.289s] Level 1:colcon.colcon_core.package_identification:_identify(src/rm_serial_driver-main) by extensions ['colcon_pkg']
[0.289s] Level 1:colcon.colcon_core.package_identification:_identify(src/rm_serial_driver-main) by extension 'colcon_pkg'
[0.289s] Level 1:colcon.colcon_core.package_identification:_identify(src/rm_serial_driver-main) by extensions ['colcon_meta']
[0.289s] Level 1:colcon.colcon_core.package_identification:_identify(src/rm_serial_driver-main) by extension 'colcon_meta'
[0.290s] Level 1:colcon.colcon_core.package_identification:_identify(src/rm_serial_driver-main) by extensions ['ros']
[0.290s] Level 1:colcon.colcon_core.package_identification:_identify(src/rm_serial_driver-main) by extension 'ros'
[0.291s] DEBUG:colcon.colcon_core.package_identification:Package 'src/rm_serial_driver-main' with type 'ros.ament_cmake' and name 'rm_serial_driver'
[0.291s] Level 1:colcon.colcon_core.package_discovery:discover_packages(recursive) using defaults
[0.291s] Level 1:colcon.colcon_core.package_discovery:discover_packages(ignore) discover
[0.291s] Level 1:colcon.colcon_core.package_discovery:discover_packages(ignore) using defaults
[0.291s] Level 1:colcon.colcon_core.package_discovery:discover_packages(path) discover
[0.291s] Level 1:colcon.colcon_core.package_discovery:discover_packages(path) using defaults
[0.310s] Level 1:colcon.colcon_core.package_discovery:discover_packages(prefix_path) check parameters
[0.310s] Level 1:colcon.colcon_core.package_discovery:discover_packages(prefix_path) discover
[0.313s] DEBUG:colcon.colcon_installed_package_information.package_discovery:Found 268 installed packages in /opt/ros/galactic
[0.314s] Level 1:colcon.colcon_core.package_discovery:discover_packages(prefix_path) using defaults
[0.362s] Level 5:colcon.colcon_core.verb:set package 'my_demo' build argument 'cmake_args' from command line to 'None'
[0.362s] Level 5:colcon.colcon_core.verb:set package 'my_demo' build argument 'cmake_target' from command line to 'None'
[0.362s] Level 5:colcon.colcon_core.verb:set package 'my_demo' build argument 'cmake_target_skip_unavailable' from command line to 'False'
[0.362s] Level 5:colcon.colcon_core.verb:set package 'my_demo' build argument 'cmake_clean_cache' from command line to 'False'
[0.362s] Level 5:colcon.colcon_core.verb:set package 'my_demo' build argument 'cmake_clean_first' from command line to 'False'
[0.362s] Level 5:colcon.colcon_core.verb:set package 'my_demo' build argument 'cmake_force_configure' from command line to 'False'
[0.362s] Level 5:colcon.colcon_core.verb:set package 'my_demo' build argument 'ament_cmake_args' from command line to 'None'
[0.362s] Level 5:colcon.colcon_core.verb:set package 'my_demo' build argument 'catkin_cmake_args' from command line to 'None'
[0.362s] Level 5:colcon.colcon_core.verb:set package 'my_demo' build argument 'catkin_skip_building_tests' from command line to 'False'
[0.362s] DEBUG:colcon.colcon_core.verb:Building package 'my_demo' with the following arguments: {'ament_cmake_args': None, 'build_base': '/home/yiming/training/train/ros_rv/build/my_demo', 'catkin_cmake_args': None, 'catkin_skip_building_tests': False, 'cmake_args': None, 'cmake_clean_cache': False, 'cmake_clean_first': False, 'cmake_force_configure': False, 'cmake_target': None, 'cmake_target_skip_unavailable': False, 'install_base': '/home/yiming/training/train/ros_rv/install/my_demo', 'merge_install': False, 'path': '/home/yiming/training/train/ros_rv/src/my_demo', 'symlink_install': False, 'test_result_base': None}
[0.363s] Level 5:colcon.colcon_core.verb:set package 'rm_serial_driver' build argument 'cmake_args' from command line to 'None'
[0.363s] Level 5:colcon.colcon_core.verb:set package 'rm_serial_driver' build argument 'cmake_target' from command line to 'None'
[0.363s] Level 5:colcon.colcon_core.verb:set package 'rm_serial_driver' build argument 'cmake_target_skip_unavailable' from command line to 'False'
[0.363s] Level 5:colcon.colcon_core.verb:set package 'rm_serial_driver' build argument 'cmake_clean_cache' from command line to 'False'
[0.363s] Level 5:colcon.colcon_core.verb:set package 'rm_serial_driver' build argument 'cmake_clean_first' from command line to 'False'
[0.363s] Level 5:colcon.colcon_core.verb:set package 'rm_serial_driver' build argument 'cmake_force_configure' from command line to 'False'
[0.363s] Level 5:colcon.colcon_core.verb:set package 'rm_serial_driver' build argument 'ament_cmake_args' from command line to 'None'
[0.363s] Level 5:colcon.colcon_core.verb:set package 'rm_serial_driver' build argument 'catkin_cmake_args' from command line to 'None'
[0.364s] Level 5:colcon.colcon_core.verb:set package 'rm_serial_driver' build argument 'catkin_skip_building_tests' from command line to 'False'
[0.364s] DEBUG:colcon.colcon_core.verb:Building package 'rm_serial_driver' with the following arguments: {'ament_cmake_args': None, 'build_base': '/home/yiming/training/train/ros_rv/build/rm_serial_driver', 'catkin_cmake_args': None, 'catkin_skip_building_tests': False, 'cmake_args': None, 'cmake_clean_cache': False, 'cmake_clean_first': False, 'cmake_force_configure': False, 'cmake_target': None, 'cmake_target_skip_unavailable': False, 'install_base': '/home/yiming/training/train/ros_rv/install/rm_serial_driver', 'merge_install': False, 'path': '/home/yiming/training/train/ros_rv/src/rm_serial_driver-main', 'symlink_install': False, 'test_result_base': None}
[0.364s] INFO:colcon.colcon_core.executor:Executing jobs using 'parallel' executor
[0.368s] DEBUG:colcon.colcon_parallel_executor.executor.parallel:run_until_complete
[0.368s] INFO:colcon.colcon_ros.task.ament_cmake.build:Building ROS package in '/home/yiming/training/train/ros_rv/src/my_demo' with build type 'ament_cmake'
[0.368s] INFO:colcon.colcon_cmake.task.cmake.build:Building CMake package in '/home/yiming/training/train/ros_rv/src/my_demo'
[0.373s] INFO:colcon.colcon_core.plugin_system:Skipping extension 'colcon_core.shell.bat': Not used on non-Windows systems
[0.373s] INFO:colcon.colcon_core.shell:Skip shell extension 'powershell' for command environment: Not usable outside of PowerShell
[0.373s] DEBUG:colcon.colcon_core.shell:Skip shell extension 'dsv' for command environment
[0.379s] INFO:colcon.colcon_ros.task.ament_cmake.build:Building ROS package in '/home/yiming/training/train/ros_rv/src/rm_serial_driver-main' with build type 'ament_cmake'
[0.379s] INFO:colcon.colcon_cmake.task.cmake.build:Building CMake package in '/home/yiming/training/train/ros_rv/src/rm_serial_driver-main'
[0.382s] INFO:colcon.colcon_core.shell:Skip shell extension 'powershell' for command environment: Not usable outside of PowerShell
[0.382s] DEBUG:colcon.colcon_core.shell:Skip shell extension 'dsv' for command environment
[0.403s] DEBUG:colcon.colcon_core.event_handler.log_command:Invoking command in '/home/yiming/training/train/ros_rv/build/my_demo': CMAKE_PREFIX_PATH=/opt/ros/galactic /home/yiming/.local/bin/cmake --build /home/yiming/training/train/ros_rv/build/my_demo -- -j16 -l16
[0.413s] DEBUG:colcon.colcon_core.event_handler.log_command:Invoking command in '/home/yiming/training/train/ros_rv/build/rm_serial_driver': CMAKE_PREFIX_PATH=/opt/ros/galactic /home/yiming/.local/bin/cmake --build /home/yiming/training/train/ros_rv/build/rm_serial_driver -- -j16 -l16
[0.591s] DEBUG:colcon.colcon_core.event_handler.log_command:Invoked command in '/home/yiming/training/train/ros_rv/build/rm_serial_driver' returned '2': CMAKE_PREFIX_PATH=/opt/ros/galactic /home/yiming/.local/bin/cmake --build /home/yiming/training/train/ros_rv/build/rm_serial_driver -- -j16 -l16
[0.675s] Level 1:colcon.colcon_core.environment:create_environment_scripts_only(rm_serial_driver)
[0.679s] Level 1:colcon.colcon_core.environment:checking '/home/yiming/training/train/ros_rv/install/rm_serial_driver' for CMake module files
[0.679s] Level 1:colcon.colcon_core.environment:checking '/home/yiming/training/train/ros_rv/install/rm_serial_driver' for CMake config files
[0.679s] Level 1:colcon.colcon_core.environment:checking '/home/yiming/training/train/ros_rv/install/rm_serial_driver/bin'
[0.679s] Level 1:colcon.colcon_core.environment:checking '/home/yiming/training/train/ros_rv/install/rm_serial_driver/lib/pkgconfig/rm_serial_driver.pc'
[0.680s] Level 1:colcon.colcon_core.environment:checking '/home/yiming/training/train/ros_rv/install/rm_serial_driver/lib/python3.8/site-packages'
[0.680s] Level 1:colcon.colcon_core.environment:checking '/home/yiming/training/train/ros_rv/install/rm_serial_driver/bin'
[0.681s] INFO:colcon.colcon_core.shell:Creating package script '/home/yiming/training/train/ros_rv/install/rm_serial_driver/share/rm_serial_driver/package.ps1'
[0.682s] INFO:colcon.colcon_core.shell:Creating package descriptor '/home/yiming/training/train/ros_rv/install/rm_serial_driver/share/rm_serial_driver/package.dsv'
[0.682s] INFO:colcon.colcon_core.shell:Creating package script '/home/yiming/training/train/ros_rv/install/rm_serial_driver/share/rm_serial_driver/package.sh'
[0.683s] INFO:colcon.colcon_core.shell:Creating package script '/home/yiming/training/train/ros_rv/install/rm_serial_driver/share/rm_serial_driver/package.bash'
[0.683s] INFO:colcon.colcon_core.shell:Creating package script '/home/yiming/training/train/ros_rv/install/rm_serial_driver/share/rm_serial_driver/package.zsh'
[0.684s] Level 1:colcon.colcon_core.environment:create_file_with_runtime_dependencies(/home/yiming/training/train/ros_rv/install/rm_serial_driver/share/colcon-core/packages/rm_serial_driver)
[1.099s] DEBUG:colcon.colcon_parallel_executor.executor.parallel:closing loop
[1.100s] DEBUG:colcon.colcon_parallel_executor.executor.parallel:loop closed
[1.100s] DEBUG:colcon.colcon_parallel_executor.executor.parallel:run_until_complete finished with '2'
[1.100s] DEBUG:colcon.colcon_core.event_reactor:joining thread
[1.112s] INFO:colcon.colcon_core.plugin_system:Skipping extension 'colcon_notification.desktop_notification.terminal_notifier': Not used on non-Darwin systems
[1.112s] INFO:colcon.colcon_core.plugin_system:Skipping extension 'colcon_notification.desktop_notification.win32': Not used on non-Windows systems
[1.112s] INFO:colcon.colcon_notification.desktop_notification:Sending desktop notification using 'notify2'
[1.134s] DEBUG:colcon.colcon_core.event_reactor:joined thread
[1.139s] INFO:colcon.colcon_core.shell:Creating prefix script '/home/yiming/training/train/ros_rv/install/local_setup.ps1'
[1.141s] INFO:colcon.colcon_core.shell:Creating prefix util module '/home/yiming/training/train/ros_rv/install/_local_setup_util_ps1.py'
[1.143s] INFO:colcon.colcon_core.shell:Creating prefix chain script '/home/yiming/training/train/ros_rv/install/setup.ps1'
[1.146s] INFO:colcon.colcon_core.shell:Creating prefix script '/home/yiming/training/train/ros_rv/install/local_setup.sh'
[1.147s] INFO:colcon.colcon_core.shell:Creating prefix util module '/home/yiming/training/train/ros_rv/install/_local_setup_util_sh.py'
[1.147s] INFO:colcon.colcon_core.shell:Creating prefix chain script '/home/yiming/training/train/ros_rv/install/setup.sh'
[1.150s] INFO:colcon.colcon_core.shell:Creating prefix script '/home/yiming/training/train/ros_rv/install/local_setup.bash'
[1.150s] INFO:colcon.colcon_core.shell:Creating prefix chain script '/home/yiming/training/train/ros_rv/install/setup.bash'
[1.152s] INFO:colcon.colcon_core.shell:Creating prefix script '/home/yiming/training/train/ros_rv/install/local_setup.zsh'
[1.152s] INFO:colcon.colcon_core.shell:Creating prefix chain script '/home/yiming/training/train/ros_rv/install/setup.zsh'
