[0.039s] Invoking command in '/home/yiming/training/train/ros_rv/build/my_demo': CMAKE_PREFIX_PATH=${CMAKE_PREFIX_PATH}:/opt/ros/galactic /home/yiming/.local/bin/cmake --build /home/yiming/training/train/ros_rv/build/my_demo -- -j16 -l16
[0.098s] -- Found ament_cmake: 1.1.6 (/opt/ros/galactic/share/ament_cmake/cmake)
[0.126s] -- Using PYTHON_EXECUTABLE: /usr/bin/python3
[0.206s] -- Found rclcpp: 9.2.2 (/opt/ros/galactic/share/rclcpp/cmake)
[0.240s] -- Using all available rosidl_typesupport_c: rosidl_typesupport_fastrtps_c;rosidl_typesupport_introspection_c
[0.247s] -- Found rosidl_adapter: 2.2.3 (/opt/ros/galactic/share/rosidl_adapter/cmake)
[0.422s] -- Using all available rosidl_typesupport_cpp: rosidl_typesupport_fastrtps_cpp;rosidl_typesupport_introspection_cpp
[0.469s] -- Found rmw_implementation_cmake: 3.3.1 (/opt/ros/galactic/share/rmw_implementation_cmake/cmake)
[0.470s] -- Found rmw_cyclonedds_cpp: 0.22.6 (/opt/ros/galactic/share/rmw_cyclonedds_cpp/cmake)
[0.486s] -- Using RMW implementation 'rmw_cyclonedds_cpp' as default
[0.615s] -- Found ament_lint_auto: 0.10.7 (/opt/ros/galactic/share/ament_lint_auto/cmake)
[0.691s] -- Added test 'copyright' to check source files copyright and LICENSE
[0.691s] -- Added test 'cppcheck' to perform static code analysis on C / C++ code
[0.691s] -- Configured cppcheck include dirs: $<BUILD_INTERFACE:/home/yiming/training/train/ros_rv/src/my_demo/include>
[0.692s] -- Configured cppcheck exclude dirs and/or files: 
[0.692s] -- Added test 'cpplint' to check C / C++ code against the Google style
[0.692s] -- Configured cpplint exclude dirs and/or files: 
[0.692s] -- Added test 'lint_cmake' to check CMake code style
[0.693s] -- Added test 'uncrustify' to check C / C++ code style
[0.693s] -- Configured uncrustify additional arguments: 
[0.693s] -- Added test 'xmllint' to check XML markup files
[0.694s] -- Configuring done (0.6s)
[0.701s] -- Generating done (0.0s)
[0.702s] -- Build files have been written to: /home/yiming/training/train/ros_rv/build/my_demo
[0.737s] [100%] Built target demo
[0.752s] Invoked command in '/home/yiming/training/train/ros_rv/build/my_demo' returned '0': CMAKE_PREFIX_PATH=${CMAKE_PREFIX_PATH}:/opt/ros/galactic /home/yiming/.local/bin/cmake --build /home/yiming/training/train/ros_rv/build/my_demo -- -j16 -l16
[0.833s] Invoking command in '/home/yiming/training/train/ros_rv/build/my_demo': CMAKE_PREFIX_PATH=${CMAKE_PREFIX_PATH}:/opt/ros/galactic /home/yiming/.local/bin/cmake --install /home/yiming/training/train/ros_rv/build/my_demo
[0.864s] -- Install configuration: ""
[0.865s] -- Up-to-date: /home/yiming/training/train/ros_rv/install/my_demo/lib/my_demo/demo
[0.865s] -- Installing: /home/yiming/training/train/ros_rv/install/my_demo/share/ament_index/resource_index/package_run_dependencies/my_demo
[0.865s] -- Installing: /home/yiming/training/train/ros_rv/install/my_demo/share/ament_index/resource_index/parent_prefix_path/my_demo
[0.866s] -- Up-to-date: /home/yiming/training/train/ros_rv/install/my_demo/share/my_demo/environment/ament_prefix_path.sh
[0.866s] -- Installing: /home/yiming/training/train/ros_rv/install/my_demo/share/my_demo/environment/ament_prefix_path.dsv
[0.866s] -- Up-to-date: /home/yiming/training/train/ros_rv/install/my_demo/share/my_demo/environment/path.sh
[0.867s] -- Installing: /home/yiming/training/train/ros_rv/install/my_demo/share/my_demo/environment/path.dsv
[0.867s] -- Up-to-date: /home/yiming/training/train/ros_rv/install/my_demo/share/my_demo/local_setup.bash
[0.867s] -- Up-to-date: /home/yiming/training/train/ros_rv/install/my_demo/share/my_demo/local_setup.sh
[0.868s] -- Up-to-date: /home/yiming/training/train/ros_rv/install/my_demo/share/my_demo/local_setup.zsh
[0.868s] -- Installing: /home/yiming/training/train/ros_rv/install/my_demo/share/my_demo/local_setup.dsv
[0.868s] -- Installing: /home/yiming/training/train/ros_rv/install/my_demo/share/my_demo/package.dsv
[0.868s] -- Up-to-date: /home/yiming/training/train/ros_rv/install/my_demo/share/ament_index/resource_index/packages/my_demo
[0.869s] -- Up-to-date: /home/yiming/training/train/ros_rv/install/my_demo/share/my_demo/cmake/my_demoConfig.cmake
[0.869s] -- Up-to-date: /home/yiming/training/train/ros_rv/install/my_demo/share/my_demo/cmake/my_demoConfig-version.cmake
[0.869s] -- Installing: /home/yiming/training/train/ros_rv/install/my_demo/share/my_demo/package.xml
[0.876s] Invoked command in '/home/yiming/training/train/ros_rv/build/my_demo' returned '0': CMAKE_PREFIX_PATH=${CMAKE_PREFIX_PATH}:/opt/ros/galactic /home/yiming/.local/bin/cmake --install /home/yiming/training/train/ros_rv/build/my_demo
