[0.038s] Invoking command in '/home/yiming/training/train/ros_practice_for_ma/build/training1_for_ma': CMAKE_PREFIX_PATH=/opt/ros/galactic /home/yiming/.local/bin/cmake --build /home/yiming/training/train/ros_practice_for_ma/build/training1_for_ma -- -j16 -l16
[0.154s] [ 50%] [32mBuilding CXX object CMakeFiles/talker.dir/src/transform.cpp.o[0m
[5.522s] [100%] [32m[1mLinking CXX executable talker[0m
[5.699s] [100%] Built target talker
[5.714s] Invoked command in '/home/yiming/training/train/ros_practice_for_ma/build/training1_for_ma' returned '0': CMAKE_PREFIX_PATH=/opt/ros/galactic /home/yiming/.local/bin/cmake --build /home/yiming/training/train/ros_practice_for_ma/build/training1_for_ma -- -j16 -l16
[5.797s] Invoking command in '/home/yiming/training/train/ros_practice_for_ma/build/training1_for_ma': CMAKE_PREFIX_PATH=/opt/ros/galactic /home/yiming/.local/bin/cmake --install /home/yiming/training/train/ros_practice_for_ma/build/training1_for_ma
[5.829s] -- Install configuration: ""
[5.829s] -- Installing: /home/yiming/training/train/ros_practice_for_ma/install/training1_for_ma/lib/training1_for_ma/talker
[5.833s] -- Set runtime path of "/home/yiming/training/train/ros_practice_for_ma/install/training1_for_ma/lib/training1_for_ma/talker" to ""
[5.833s] -- Up-to-date: /home/yiming/training/train/ros_practice_for_ma/install/training1_for_ma/share/ament_index/resource_index/package_run_dependencies/training1_for_ma
[5.833s] -- Up-to-date: /home/yiming/training/train/ros_practice_for_ma/install/training1_for_ma/share/ament_index/resource_index/parent_prefix_path/training1_for_ma
[5.833s] -- Up-to-date: /home/yiming/training/train/ros_practice_for_ma/install/training1_for_ma/share/training1_for_ma/environment/ament_prefix_path.sh
[5.834s] -- Up-to-date: /home/yiming/training/train/ros_practice_for_ma/install/training1_for_ma/share/training1_for_ma/environment/ament_prefix_path.dsv
[5.834s] -- Up-to-date: /home/yiming/training/train/ros_practice_for_ma/install/training1_for_ma/share/training1_for_ma/environment/path.sh
[5.834s] -- Up-to-date: /home/yiming/training/train/ros_practice_for_ma/install/training1_for_ma/share/training1_for_ma/environment/path.dsv
[5.834s] -- Up-to-date: /home/yiming/training/train/ros_practice_for_ma/install/training1_for_ma/share/training1_for_ma/local_setup.bash
[5.834s] -- Up-to-date: /home/yiming/training/train/ros_practice_for_ma/install/training1_for_ma/share/training1_for_ma/local_setup.sh
[5.835s] -- Up-to-date: /home/yiming/training/train/ros_practice_for_ma/install/training1_for_ma/share/training1_for_ma/local_setup.zsh
[5.835s] -- Up-to-date: /home/yiming/training/train/ros_practice_for_ma/install/training1_for_ma/share/training1_for_ma/local_setup.dsv
[5.835s] -- Installing: /home/yiming/training/train/ros_practice_for_ma/install/training1_for_ma/share/training1_for_ma/package.dsv
[5.835s] -- Up-to-date: /home/yiming/training/train/ros_practice_for_ma/install/training1_for_ma/share/ament_index/resource_index/packages/training1_for_ma
[5.835s] -- Up-to-date: /home/yiming/training/train/ros_practice_for_ma/install/training1_for_ma/share/training1_for_ma/cmake/training1_for_maConfig.cmake
[5.835s] -- Up-to-date: /home/yiming/training/train/ros_practice_for_ma/install/training1_for_ma/share/training1_for_ma/cmake/training1_for_maConfig-version.cmake
[5.835s] -- Up-to-date: /home/yiming/training/train/ros_practice_for_ma/install/training1_for_ma/share/training1_for_ma/package.xml
[5.848s] Invoked command in '/home/yiming/training/train/ros_practice_for_ma/build/training1_for_ma' returned '0': CMAKE_PREFIX_PATH=/opt/ros/galactic /home/yiming/.local/bin/cmake --install /home/yiming/training/train/ros_practice_for_ma/build/training1_for_ma
