[0.250s] DEBUG:colcon:Command line arguments: ['/usr/bin/colcon', 'build']
[0.250s] DEBUG:colcon:Parsed command line arguments: Namespace(allow_overriding=[], ament_cmake_args=None, base_paths=['.'], build_base='build', catkin_cmake_args=None, catkin_skip_building_tests=False, cmake_args=None, cmake_clean_cache=False, cmake_clean_first=False, cmake_force_configure=False, cmake_target=None, cmake_target_skip_unavailable=False, continue_on_error=False, event_handlers=None, executor='parallel', ignore_user_meta=False, install_base='install', log_base=None, log_level=None, main=<bound method BuildVerb.main of <colcon_core.verb.build.BuildVerb object at 0x7f70234590a0>>, merge_install=False, metas=['./colcon.meta'], packages_above=None, packages_above_and_dependencies=None, packages_above_depth=None, packages_end=None, packages_ignore=None, packages_ignore_regex=None, packages_select=None, packages_select_build_failed=False, packages_select_by_dep=None, packages_select_regex=None, packages_select_test_failures=False, packages_skip=None, packages_skip_build_finished=False, packages_skip_by_dep=None, packages_skip_regex=None, packages_skip_test_passed=False, packages_skip_up_to=None, packages_start=None, packages_up_to=None, packages_up_to_regex=None, parallel_workers=16, paths=None, symlink_install=False, test_result_base=None, verb_extension=<colcon_core.verb.build.BuildVerb object at 0x7f70234590a0>, verb_name='build', verb_parser=<colcon_defaults.argument_parser.defaults.DefaultArgumentsDecorator object at 0x7f7023424b50>)
[0.280s] Level 1:colcon.colcon_core.package_discovery:discover_packages(colcon_meta) check parameters
[0.280s] Level 1:colcon.colcon_core.package_discovery:discover_packages(recursive) check parameters
[0.280s] Level 1:colcon.colcon_core.package_discovery:discover_packages(ignore) check parameters
[0.280s] Level 1:colcon.colcon_core.package_discovery:discover_packages(path) check parameters
[0.280s] Level 1:colcon.colcon_core.package_discovery:discover_packages(colcon_meta) discover
[0.281s] Level 1:colcon.colcon_core.package_discovery:discover_packages(recursive) discover
[0.281s] INFO:colcon.colcon_core.package_discovery:Crawling recursively for packages in '/home/yiming/training/train/ros_rv'
[0.281s] Level 1:colcon.colcon_core.package_identification:_identify(.) by extensions ['ignore', 'ignore_ament_install']
[0.281s] Level 1:colcon.colcon_core.package_identification:_identify(.) by extension 'ignore'
[0.281s] Level 1:colcon.colcon_core.package_identification:_identify(.) by extension 'ignore_ament_install'
[0.281s] Level 1:colcon.colcon_core.package_identification:_identify(.) by extensions ['colcon_pkg']
[0.281s] Level 1:colcon.colcon_core.package_identification:_identify(.) by extension 'colcon_pkg'
[0.281s] Level 1:colcon.colcon_core.package_identification:_identify(.) by extensions ['colcon_meta']
[0.281s] Level 1:colcon.colcon_core.package_identification:_identify(.) by extension 'colcon_meta'
[0.281s] Level 1:colcon.colcon_core.package_identification:_identify(.) by extensions ['ros']
[0.281s] Level 1:colcon.colcon_core.package_identification:_identify(.) by extension 'ros'
[0.292s] Level 1:colcon.colcon_core.package_identification:_identify(.) by extensions ['cmake', 'python']
[0.292s] Level 1:colcon.colcon_core.package_identification:_identify(.) by extension 'cmake'
[0.292s] Level 1:colcon.colcon_core.package_identification:_identify(.) by extension 'python'
[0.292s] Level 1:colcon.colcon_core.package_identification:_identify(.) by extensions ['python_setup_py']
[0.292s] Level 1:colcon.colcon_core.package_identification:_identify(.) by extension 'python_setup_py'
[0.292s] Level 1:colcon.colcon_core.package_identification:_identify(build) by extensions ['ignore', 'ignore_ament_install']
[0.292s] Level 1:colcon.colcon_core.package_identification:_identify(build) by extension 'ignore'
[0.292s] Level 1:colcon.colcon_core.package_identification:_identify(build) ignored
[0.292s] Level 1:colcon.colcon_core.package_identification:_identify(install) by extensions ['ignore', 'ignore_ament_install']
[0.293s] Level 1:colcon.colcon_core.package_identification:_identify(install) by extension 'ignore'
[0.293s] Level 1:colcon.colcon_core.package_identification:_identify(install) ignored
[0.293s] Level 1:colcon.colcon_core.package_identification:_identify(log) by extensions ['ignore', 'ignore_ament_install']
[0.293s] Level 1:colcon.colcon_core.package_identification:_identify(log) by extension 'ignore'
[0.293s] Level 1:colcon.colcon_core.package_identification:_identify(log) ignored
[0.293s] Level 1:colcon.colcon_core.package_identification:_identify(src) by extensions ['ignore', 'ignore_ament_install']
[0.293s] Level 1:colcon.colcon_core.package_identification:_identify(src) by extension 'ignore'
[0.293s] Level 1:colcon.colcon_core.package_identification:_identify(src) by extension 'ignore_ament_install'
[0.293s] Level 1:colcon.colcon_core.package_identification:_identify(src) by extensions ['colcon_pkg']
[0.293s] Level 1:colcon.colcon_core.package_identification:_identify(src) by extension 'colcon_pkg'
[0.293s] Level 1:colcon.colcon_core.package_identification:_identify(src) by extensions ['colcon_meta']
[0.293s] Level 1:colcon.colcon_core.package_identification:_identify(src) by extension 'colcon_meta'
[0.293s] Level 1:colcon.colcon_core.package_identification:_identify(src) by extensions ['ros']
[0.293s] Level 1:colcon.colcon_core.package_identification:_identify(src) by extension 'ros'
[0.293s] Level 1:colcon.colcon_core.package_identification:_identify(src) by extensions ['cmake', 'python']
[0.293s] Level 1:colcon.colcon_core.package_identification:_identify(src) by extension 'cmake'
[0.293s] Level 1:colcon.colcon_core.package_identification:_identify(src) by extension 'python'
[0.293s] Level 1:colcon.colcon_core.package_identification:_identify(src) by extensions ['python_setup_py']
[0.293s] Level 1:colcon.colcon_core.package_identification:_identify(src) by extension 'python_setup_py'
[0.293s] Level 1:colcon.colcon_core.package_identification:_identify(src/my_demo) by extensions ['ignore', 'ignore_ament_install']
[0.293s] Level 1:colcon.colcon_core.package_identification:_identify(src/my_demo) by extension 'ignore'
[0.293s] Level 1:colcon.colcon_core.package_identification:_identify(src/my_demo) by extension 'ignore_ament_install'
[0.293s] Level 1:colcon.colcon_core.package_identification:_identify(src/my_demo) by extensions ['colcon_pkg']
[0.293s] Level 1:colcon.colcon_core.package_identification:_identify(src/my_demo) by extension 'colcon_pkg'
[0.294s] Level 1:colcon.colcon_core.package_identification:_identify(src/my_demo) by extensions ['colcon_meta']
[0.294s] Level 1:colcon.colcon_core.package_identification:_identify(src/my_demo) by extension 'colcon_meta'
[0.294s] Level 1:colcon.colcon_core.package_identification:_identify(src/my_demo) by extensions ['ros']
[0.294s] Level 1:colcon.colcon_core.package_identification:_identify(src/my_demo) by extension 'ros'
[0.296s] DEBUG:colcon.colcon_core.package_identification:Package 'src/my_demo' with type 'ros.ament_cmake' and name 'my_demo'
[0.296s] Level 1:colcon.colcon_core.package_identification:_identify(src/rm_serial_driver-main) by extensions ['ignore', 'ignore_ament_install']
[0.296s] Level 1:colcon.colcon_core.package_identification:_identify(src/rm_serial_driver-main) by extension 'ignore'
[0.296s] Level 1:colcon.colcon_core.package_identification:_identify(src/rm_serial_driver-main) by extension 'ignore_ament_install'
[0.296s] Level 1:colcon.colcon_core.package_identification:_identify(src/rm_serial_driver-main) by extensions ['colcon_pkg']
[0.296s] Level 1:colcon.colcon_core.package_identification:_identify(src/rm_serial_driver-main) by extension 'colcon_pkg'
[0.296s] Level 1:colcon.colcon_core.package_identification:_identify(src/rm_serial_driver-main) by extensions ['colcon_meta']
[0.296s] Level 1:colcon.colcon_core.package_identification:_identify(src/rm_serial_driver-main) by extension 'colcon_meta'
[0.296s] Level 1:colcon.colcon_core.package_identification:_identify(src/rm_serial_driver-main) by extensions ['ros']
[0.296s] Level 1:colcon.colcon_core.package_identification:_identify(src/rm_serial_driver-main) by extension 'ros'
[0.297s] DEBUG:colcon.colcon_core.package_identification:Found ROS schema reference in package manifest in 'src/rm_serial_driver-main'
[0.297s] WARNING:colcon.colcon_core.package_identification:Failed to parse ROS package manifest in 'src/rm_serial_driver-main': Error(s) in package 'src/rm_serial_driver-main/package.xml':
Error(s):
- The generic dependency on 'tf2_geometry_msgs' is redundant with: exec_depend
[0.297s] Level 1:colcon.colcon_core.package_identification:_identify(src/rm_serial_driver-main) by extensions ['cmake', 'python']
[0.297s] Level 1:colcon.colcon_core.package_identification:_identify(src/rm_serial_driver-main) by extension 'cmake'
[0.298s] Level 1:colcon.colcon_core.package_identification:_identify(src/rm_serial_driver-main) by extension 'python'
[0.299s] DEBUG:colcon.colcon_core.package_identification:Package 'src/rm_serial_driver-main' with type 'cmake' and name 'rm_serial_driver'
[0.299s] Level 1:colcon.colcon_core.package_discovery:discover_packages(recursive) using defaults
[0.299s] Level 1:colcon.colcon_core.package_discovery:discover_packages(ignore) discover
[0.299s] Level 1:colcon.colcon_core.package_discovery:discover_packages(ignore) using defaults
[0.299s] Level 1:colcon.colcon_core.package_discovery:discover_packages(path) discover
[0.299s] Level 1:colcon.colcon_core.package_discovery:discover_packages(path) using defaults
[0.319s] Level 1:colcon.colcon_core.package_discovery:discover_packages(prefix_path) check parameters
[0.319s] Level 1:colcon.colcon_core.package_discovery:discover_packages(prefix_path) discover
[0.322s] DEBUG:colcon.colcon_installed_package_information.package_discovery:Found 271 installed packages in /opt/ros/galactic
[0.323s] Level 1:colcon.colcon_core.package_discovery:discover_packages(prefix_path) using defaults
[0.375s] Level 5:colcon.colcon_core.verb:set package 'my_demo' build argument 'cmake_args' from command line to 'None'
[0.375s] Level 5:colcon.colcon_core.verb:set package 'my_demo' build argument 'cmake_target' from command line to 'None'
[0.375s] Level 5:colcon.colcon_core.verb:set package 'my_demo' build argument 'cmake_target_skip_unavailable' from command line to 'False'
[0.375s] Level 5:colcon.colcon_core.verb:set package 'my_demo' build argument 'cmake_clean_cache' from command line to 'False'
[0.375s] Level 5:colcon.colcon_core.verb:set package 'my_demo' build argument 'cmake_clean_first' from command line to 'False'
[0.375s] Level 5:colcon.colcon_core.verb:set package 'my_demo' build argument 'cmake_force_configure' from command line to 'False'
[0.375s] Level 5:colcon.colcon_core.verb:set package 'my_demo' build argument 'ament_cmake_args' from command line to 'None'
[0.375s] Level 5:colcon.colcon_core.verb:set package 'my_demo' build argument 'catkin_cmake_args' from command line to 'None'
[0.375s] Level 5:colcon.colcon_core.verb:set package 'my_demo' build argument 'catkin_skip_building_tests' from command line to 'False'
[0.375s] DEBUG:colcon.colcon_core.verb:Building package 'my_demo' with the following arguments: {'ament_cmake_args': None, 'build_base': '/home/yiming/training/train/ros_rv/build/my_demo', 'catkin_cmake_args': None, 'catkin_skip_building_tests': False, 'cmake_args': None, 'cmake_clean_cache': False, 'cmake_clean_first': False, 'cmake_force_configure': False, 'cmake_target': None, 'cmake_target_skip_unavailable': False, 'install_base': '/home/yiming/training/train/ros_rv/install/my_demo', 'merge_install': False, 'path': '/home/yiming/training/train/ros_rv/src/my_demo', 'symlink_install': False, 'test_result_base': None}
[0.376s] Level 5:colcon.colcon_core.verb:set package 'rm_serial_driver' build argument 'cmake_args' from command line to 'None'
[0.376s] Level 5:colcon.colcon_core.verb:set package 'rm_serial_driver' build argument 'cmake_target' from command line to 'None'
[0.376s] Level 5:colcon.colcon_core.verb:set package 'rm_serial_driver' build argument 'cmake_target_skip_unavailable' from command line to 'False'
[0.376s] Level 5:colcon.colcon_core.verb:set package 'rm_serial_driver' build argument 'cmake_clean_cache' from command line to 'False'
[0.376s] Level 5:colcon.colcon_core.verb:set package 'rm_serial_driver' build argument 'cmake_clean_first' from command line to 'False'
[0.376s] Level 5:colcon.colcon_core.verb:set package 'rm_serial_driver' build argument 'cmake_force_configure' from command line to 'False'
[0.376s] Level 5:colcon.colcon_core.verb:set package 'rm_serial_driver' build argument 'ament_cmake_args' from command line to 'None'
[0.377s] Level 5:colcon.colcon_core.verb:set package 'rm_serial_driver' build argument 'catkin_cmake_args' from command line to 'None'
[0.377s] Level 5:colcon.colcon_core.verb:set package 'rm_serial_driver' build argument 'catkin_skip_building_tests' from command line to 'False'
[0.377s] DEBUG:colcon.colcon_core.verb:Building package 'rm_serial_driver' with the following arguments: {'ament_cmake_args': None, 'build_base': '/home/yiming/training/train/ros_rv/build/rm_serial_driver', 'catkin_cmake_args': None, 'catkin_skip_building_tests': False, 'cmake_args': None, 'cmake_clean_cache': False, 'cmake_clean_first': False, 'cmake_force_configure': False, 'cmake_target': None, 'cmake_target_skip_unavailable': False, 'install_base': '/home/yiming/training/train/ros_rv/install/rm_serial_driver', 'merge_install': False, 'path': '/home/yiming/training/train/ros_rv/src/rm_serial_driver-main', 'symlink_install': False, 'test_result_base': None}
[0.377s] INFO:colcon.colcon_core.executor:Executing jobs using 'parallel' executor
[0.380s] DEBUG:colcon.colcon_parallel_executor.executor.parallel:run_until_complete
[0.381s] INFO:colcon.colcon_ros.task.ament_cmake.build:Building ROS package in '/home/yiming/training/train/ros_rv/src/my_demo' with build type 'ament_cmake'
[0.381s] INFO:colcon.colcon_cmake.task.cmake.build:Building CMake package in '/home/yiming/training/train/ros_rv/src/my_demo'
[0.385s] INFO:colcon.colcon_core.plugin_system:Skipping extension 'colcon_core.shell.bat': Not used on non-Windows systems
[0.385s] INFO:colcon.colcon_core.shell:Skip shell extension 'powershell' for command environment: Not usable outside of PowerShell
[0.385s] DEBUG:colcon.colcon_core.shell:Skip shell extension 'dsv' for command environment
[0.392s] INFO:colcon.colcon_cmake.task.cmake.build:Building CMake package in '/home/yiming/training/train/ros_rv/src/rm_serial_driver-main'
[0.394s] INFO:colcon.colcon_core.shell:Skip shell extension 'powershell' for command environment: Not usable outside of PowerShell
[0.394s] DEBUG:colcon.colcon_core.shell:Skip shell extension 'dsv' for command environment
[0.416s] DEBUG:colcon.colcon_core.event_handler.log_command:Invoking command in '/home/yiming/training/train/ros_rv/build/my_demo': CMAKE_PREFIX_PATH=/opt/ros/galactic /home/yiming/.local/bin/cmake --build /home/yiming/training/train/ros_rv/build/my_demo -- -j16 -l16
[0.428s] DEBUG:colcon.colcon_core.event_handler.log_command:Invoking command in '/home/yiming/training/train/ros_rv/build/rm_serial_driver': /home/yiming/.local/bin/cmake --build /home/yiming/training/train/ros_rv/build/rm_serial_driver -- -j16 -l16
[0.511s] DEBUG:colcon.colcon_core.event_handler.log_command:Invoked command in '/home/yiming/training/train/ros_rv/build/my_demo' returned '0': CMAKE_PREFIX_PATH=/opt/ros/galactic /home/yiming/.local/bin/cmake --build /home/yiming/training/train/ros_rv/build/my_demo -- -j16 -l16
[0.634s] DEBUG:colcon.colcon_core.event_handler.log_command:Invoking command in '/home/yiming/training/train/ros_rv/build/my_demo': CMAKE_PREFIX_PATH=/opt/ros/galactic /home/yiming/.local/bin/cmake --install /home/yiming/training/train/ros_rv/build/my_demo
[0.688s] Level 1:colcon.colcon_core.environment:create_environment_scripts_only(my_demo)
[0.689s] DEBUG:colcon.colcon_core.event_handler.log_command:Invoked command in '/home/yiming/training/train/ros_rv/build/my_demo' returned '0': CMAKE_PREFIX_PATH=/opt/ros/galactic /home/yiming/.local/bin/cmake --install /home/yiming/training/train/ros_rv/build/my_demo
[0.699s] Level 1:colcon.colcon_core.environment:checking '/home/yiming/training/train/ros_rv/install/my_demo' for CMake module files
[0.700s] Level 1:colcon.colcon_core.environment:checking '/home/yiming/training/train/ros_rv/install/my_demo' for CMake config files
[0.701s] Level 1:colcon.colcon_core.shell:create_environment_hook('my_demo', 'cmake_prefix_path')
[0.703s] INFO:colcon.colcon_core.shell:Creating environment hook '/home/yiming/training/train/ros_rv/install/my_demo/share/my_demo/hook/cmake_prefix_path.ps1'
[0.703s] INFO:colcon.colcon_core.shell:Creating environment descriptor '/home/yiming/training/train/ros_rv/install/my_demo/share/my_demo/hook/cmake_prefix_path.dsv'
[0.703s] INFO:colcon.colcon_core.shell:Creating environment hook '/home/yiming/training/train/ros_rv/install/my_demo/share/my_demo/hook/cmake_prefix_path.sh'
[0.704s] Level 1:colcon.colcon_core.environment:checking '/home/yiming/training/train/ros_rv/install/my_demo/lib'
[0.704s] Level 1:colcon.colcon_core.environment:checking '/home/yiming/training/train/ros_rv/install/my_demo/bin'
[0.704s] Level 1:colcon.colcon_core.environment:checking '/home/yiming/training/train/ros_rv/install/my_demo/lib/pkgconfig/my_demo.pc'
[0.704s] Level 1:colcon.colcon_core.environment:checking '/home/yiming/training/train/ros_rv/install/my_demo/lib/python3.8/site-packages'
[0.705s] Level 1:colcon.colcon_core.environment:checking '/home/yiming/training/train/ros_rv/install/my_demo/bin'
[0.706s] INFO:colcon.colcon_core.shell:Creating package script '/home/yiming/training/train/ros_rv/install/my_demo/share/my_demo/package.ps1'
[0.706s] INFO:colcon.colcon_core.shell:Creating package descriptor '/home/yiming/training/train/ros_rv/install/my_demo/share/my_demo/package.dsv'
[0.707s] INFO:colcon.colcon_core.shell:Creating package script '/home/yiming/training/train/ros_rv/install/my_demo/share/my_demo/package.sh'
[0.707s] INFO:colcon.colcon_core.shell:Creating package script '/home/yiming/training/train/ros_rv/install/my_demo/share/my_demo/package.bash'
[0.708s] INFO:colcon.colcon_core.shell:Creating package script '/home/yiming/training/train/ros_rv/install/my_demo/share/my_demo/package.zsh'
[0.708s] Level 1:colcon.colcon_core.environment:create_file_with_runtime_dependencies(/home/yiming/training/train/ros_rv/install/my_demo/share/colcon-core/packages/my_demo)
[0.789s] Level 1:colcon.colcon_core.environment:create_environment_scripts_only(my_demo)
[0.794s] Level 1:colcon.colcon_core.environment:checking '/home/yiming/training/train/ros_rv/install/my_demo' for CMake module files
[0.795s] Level 1:colcon.colcon_core.environment:checking '/home/yiming/training/train/ros_rv/install/my_demo' for CMake config files
[0.795s] Level 1:colcon.colcon_core.shell:create_environment_hook('my_demo', 'cmake_prefix_path')
[0.800s] INFO:colcon.colcon_core.shell:Creating environment hook '/home/yiming/training/train/ros_rv/install/my_demo/share/my_demo/hook/cmake_prefix_path.ps1'
[0.801s] INFO:colcon.colcon_core.shell:Creating environment descriptor '/home/yiming/training/train/ros_rv/install/my_demo/share/my_demo/hook/cmake_prefix_path.dsv'
[0.801s] INFO:colcon.colcon_core.shell:Creating environment hook '/home/yiming/training/train/ros_rv/install/my_demo/share/my_demo/hook/cmake_prefix_path.sh'
[0.802s] Level 1:colcon.colcon_core.environment:checking '/home/yiming/training/train/ros_rv/install/my_demo/lib'
[0.802s] Level 1:colcon.colcon_core.environment:checking '/home/yiming/training/train/ros_rv/install/my_demo/bin'
[0.802s] Level 1:colcon.colcon_core.environment:checking '/home/yiming/training/train/ros_rv/install/my_demo/lib/pkgconfig/my_demo.pc'
[0.803s] Level 1:colcon.colcon_core.environment:checking '/home/yiming/training/train/ros_rv/install/my_demo/lib/python3.8/site-packages'
[0.803s] Level 1:colcon.colcon_core.environment:checking '/home/yiming/training/train/ros_rv/install/my_demo/bin'
[0.806s] INFO:colcon.colcon_core.shell:Creating package script '/home/yiming/training/train/ros_rv/install/my_demo/share/my_demo/package.ps1'
[0.806s] INFO:colcon.colcon_core.shell:Creating package descriptor '/home/yiming/training/train/ros_rv/install/my_demo/share/my_demo/package.dsv'
[0.806s] INFO:colcon.colcon_core.shell:Creating package script '/home/yiming/training/train/ros_rv/install/my_demo/share/my_demo/package.sh'
[0.807s] INFO:colcon.colcon_core.shell:Creating package script '/home/yiming/training/train/ros_rv/install/my_demo/share/my_demo/package.bash'
[0.807s] INFO:colcon.colcon_core.shell:Creating package script '/home/yiming/training/train/ros_rv/install/my_demo/share/my_demo/package.zsh'
[0.807s] Level 1:colcon.colcon_core.environment:create_file_with_runtime_dependencies(/home/yiming/training/train/ros_rv/install/my_demo/share/colcon-core/packages/my_demo)
[1.516s] DEBUG:colcon.colcon_core.event_handler.log_command:Invoked command in '/home/yiming/training/train/ros_rv/build/rm_serial_driver' returned '2': /home/yiming/.local/bin/cmake --build /home/yiming/training/train/ros_rv/build/rm_serial_driver -- -j16 -l16
[1.525s] DEBUG:colcon.colcon_parallel_executor.executor.parallel:closing loop
[1.526s] DEBUG:colcon.colcon_parallel_executor.executor.parallel:loop closed
[1.526s] DEBUG:colcon.colcon_parallel_executor.executor.parallel:run_until_complete finished with '2'
[1.526s] DEBUG:colcon.colcon_core.event_reactor:joining thread
[1.538s] INFO:colcon.colcon_core.plugin_system:Skipping extension 'colcon_notification.desktop_notification.terminal_notifier': Not used on non-Darwin systems
[1.538s] INFO:colcon.colcon_core.plugin_system:Skipping extension 'colcon_notification.desktop_notification.win32': Not used on non-Windows systems
[1.538s] INFO:colcon.colcon_notification.desktop_notification:Sending desktop notification using 'notify2'
[1.558s] DEBUG:colcon.colcon_core.event_reactor:joined thread
[1.562s] INFO:colcon.colcon_core.shell:Creating prefix script '/home/yiming/training/train/ros_rv/install/local_setup.ps1'
[1.565s] INFO:colcon.colcon_core.shell:Creating prefix util module '/home/yiming/training/train/ros_rv/install/_local_setup_util_ps1.py'
[1.568s] INFO:colcon.colcon_core.shell:Creating prefix chain script '/home/yiming/training/train/ros_rv/install/setup.ps1'
[1.571s] INFO:colcon.colcon_core.shell:Creating prefix script '/home/yiming/training/train/ros_rv/install/local_setup.sh'
[1.572s] INFO:colcon.colcon_core.shell:Creating prefix util module '/home/yiming/training/train/ros_rv/install/_local_setup_util_sh.py'
[1.573s] INFO:colcon.colcon_core.shell:Creating prefix chain script '/home/yiming/training/train/ros_rv/install/setup.sh'
[1.574s] INFO:colcon.colcon_core.shell:Creating prefix script '/home/yiming/training/train/ros_rv/install/local_setup.bash'
[1.574s] INFO:colcon.colcon_core.shell:Creating prefix chain script '/home/yiming/training/train/ros_rv/install/setup.bash'
[1.575s] INFO:colcon.colcon_core.shell:Creating prefix script '/home/yiming/training/train/ros_rv/install/local_setup.zsh'
[1.575s] INFO:colcon.colcon_core.shell:Creating prefix chain script '/home/yiming/training/train/ros_rv/install/setup.zsh'
