-- The C compiler identification is GNU 9.4.0
-- The CXX compiler identification is GNU 9.4.0
-- Detecting C compiler ABI info
-- Detecting C compiler ABI info - done
-- Check for working C compiler: /usr/bin/cc - skipped
-- Detecting C compile features
-- Detecting C compile features - done
-- Detecting CXX compiler ABI info
-- Detecting CXX compiler ABI info - done
-- Check for working CXX compiler: /usr/bin/c++ - skipped
-- Detecting CXX compile features
-- Detecting CXX compile features - done
-- Found ament_cmake: 1.1.6 (/opt/ros/galactic/share/ament_cmake/cmake)
-- Found PythonInterp: /usr/bin/python3 (found suitable version "3.8.10", minimum required is "3") 
-- Using PYTHON_EXECUTABLE: /usr/bin/python3
-- Found ament_lint_auto: 0.10.7 (/opt/ros/galactic/share/ament_lint_auto/cmake)
-- Added test 'copyright' to check source files copyright and LICENSE
-- Added test 'lint_cmake' to check CMake code style
-- Added test 'xmllint' to check XML markup files
-- Configuring done (0.7s)
-- Generating done (0.0s)
-- Build files have been written to: /home/yiming/training/train/ros_practice_for_ma/build/demo
-- Install configuration: ""
-- Installing: /home/yiming/training/train/ros_practice_for_ma/install/demo/share/ament_index/resource_index/package_run_dependencies/demo
-- Installing: /home/yiming/training/train/ros_practice_for_ma/install/demo/share/ament_index/resource_index/parent_prefix_path/demo
-- Installing: /home/yiming/training/train/ros_practice_for_ma/install/demo/share/demo/environment/ament_prefix_path.sh
-- Installing: /home/yiming/training/train/ros_practice_for_ma/install/demo/share/demo/environment/ament_prefix_path.dsv
-- Installing: /home/yiming/training/train/ros_practice_for_ma/install/demo/share/demo/environment/path.sh
-- Installing: /home/yiming/training/train/ros_practice_for_ma/install/demo/share/demo/environment/path.dsv
-- Installing: /home/yiming/training/train/ros_practice_for_ma/install/demo/share/demo/local_setup.bash
-- Installing: /home/yiming/training/train/ros_practice_for_ma/install/demo/share/demo/local_setup.sh
-- Installing: /home/yiming/training/train/ros_practice_for_ma/install/demo/share/demo/local_setup.zsh
-- Installing: /home/yiming/training/train/ros_practice_for_ma/install/demo/share/demo/local_setup.dsv
-- Installing: /home/yiming/training/train/ros_practice_for_ma/install/demo/share/demo/package.dsv
-- Installing: /home/yiming/training/train/ros_practice_for_ma/install/demo/share/ament_index/resource_index/packages/demo
-- Installing: /home/yiming/training/train/ros_practice_for_ma/install/demo/share/demo/cmake/demoConfig.cmake
-- Installing: /home/yiming/training/train/ros_practice_for_ma/install/demo/share/demo/cmake/demoConfig-version.cmake
-- Installing: /home/yiming/training/train/ros_practice_for_ma/install/demo/share/demo/package.xml
