[0.039s] Invoking command in '/home/yiming/training/train/ros_practice_for_ma/build/demo': CMAKE_PREFIX_PATH=/opt/ros/galactic /home/yiming/.local/bin/cmake --build /home/yiming/training/train/ros_practice_for_ma/build/demo -- -j16 -l16
[0.111s] Invoked command in '/home/yiming/training/train/ros_practice_for_ma/build/demo' returned '0': CMAKE_PREFIX_PATH=/opt/ros/galactic /home/yiming/.local/bin/cmake --build /home/yiming/training/train/ros_practice_for_ma/build/demo -- -j16 -l16
[0.216s] Invoking command in '/home/yiming/training/train/ros_practice_for_ma/build/demo': CMAKE_PREFIX_PATH=/opt/ros/galactic /home/yiming/.local/bin/cmake --install /home/yiming/training/train/ros_practice_for_ma/build/demo
[0.251s] -- Install configuration: ""
[0.252s] -- Up-to-date: /home/yiming/training/train/ros_practice_for_ma/install/demo/share/ament_index/resource_index/package_run_dependencies/demo
[0.252s] -- Up-to-date: /home/yiming/training/train/ros_practice_for_ma/install/demo/share/ament_index/resource_index/parent_prefix_path/demo
[0.252s] -- Up-to-date: /home/yiming/training/train/ros_practice_for_ma/install/demo/share/demo/environment/ament_prefix_path.sh
[0.252s] -- Up-to-date: /home/yiming/training/train/ros_practice_for_ma/install/demo/share/demo/environment/ament_prefix_path.dsv
[0.252s] -- Up-to-date: /home/yiming/training/train/ros_practice_for_ma/install/demo/share/demo/environment/path.sh
[0.252s] -- Up-to-date: /home/yiming/training/train/ros_practice_for_ma/install/demo/share/demo/environment/path.dsv
[0.253s] -- Up-to-date: /home/yiming/training/train/ros_practice_for_ma/install/demo/share/demo/local_setup.bash
[0.253s] -- Up-to-date: /home/yiming/training/train/ros_practice_for_ma/install/demo/share/demo/local_setup.sh
[0.253s] -- Up-to-date: /home/yiming/training/train/ros_practice_for_ma/install/demo/share/demo/local_setup.zsh
[0.253s] -- Up-to-date: /home/yiming/training/train/ros_practice_for_ma/install/demo/share/demo/local_setup.dsv
[0.253s] -- Installing: /home/yiming/training/train/ros_practice_for_ma/install/demo/share/demo/package.dsv
[0.253s] -- Up-to-date: /home/yiming/training/train/ros_practice_for_ma/install/demo/share/ament_index/resource_index/packages/demo
[0.253s] -- Up-to-date: /home/yiming/training/train/ros_practice_for_ma/install/demo/share/demo/cmake/demoConfig.cmake
[0.254s] -- Up-to-date: /home/yiming/training/train/ros_practice_for_ma/install/demo/share/demo/cmake/demoConfig-version.cmake
[0.254s] -- Up-to-date: /home/yiming/training/train/ros_practice_for_ma/install/demo/share/demo/package.xml
[0.262s] Invoked command in '/home/yiming/training/train/ros_practice_for_ma/build/demo' returned '0': CMAKE_PREFIX_PATH=/opt/ros/galactic /home/yiming/.local/bin/cmake --install /home/yiming/training/train/ros_practice_for_ma/build/demo
